{"/Users/taroshmathuria/Documents/fitnyx-mobile/src/components/BackendKeepAlive.tsx": {"path":"/Users/taroshmathuria/Documents/fitnyx-mobile/src/components/BackendKeepAlive.tsx","statementMap":{"0":{"start":{"line":6,"column":28},"end":{"line":6,"column":41}},"1":{"start":{"line":9,"column":23},"end":{"line":9,"column":41}},"2":{"start":{"line":11,"column":2},"end":{"line":26,"column":17}},"3":{"start":{"line":12,"column":4},"end":{"line":12,"column":26}},"4":{"start":{"line":12,"column":19},"end":{"line":12,"column":26}},"5":{"start":{"line":14,"column":24},"end":{"line":20,"column":5}},"6":{"start":{"line":15,"column":6},"end":{"line":19,"column":7}},"7":{"start":{"line":16,"column":8},"end":{"line":16,"column":68}},"8":{"start":{"line":22,"column":4},"end":{"line":22,"column":18}},"9":{"start":{"line":23,"column":21},"end":{"line":23,"column":66}},"10":{"start":{"line":25,"column":4},"end":{"line":25,"column":41}},"11":{"start":{"line":25,"column":17},"end":{"line":25,"column":40}},"12":{"start":{"line":28,"column":2},"end":{"line":28,"column":14}}},"fnMap":{"0":{"name":"BackendKeepAlive","decl":{"start":{"line":8,"column":16},"end":{"line":8,"column":32}},"loc":{"start":{"line":8,"column":35},"end":{"line":29,"column":1}},"line":8},"1":{"name":"(anonymous_1)","decl":{"start":{"line":11,"column":12},"end":{"line":11,"column":13}},"loc":{"start":{"line":11,"column":18},"end":{"line":26,"column":3}},"line":11},"2":{"name":"(anonymous_2)","decl":{"start":{"line":14,"column":24},"end":{"line":14,"column":25}},"loc":{"start":{"line":14,"column":36},"end":{"line":20,"column":5}},"line":14},"3":{"name":"(anonymous_3)","decl":{"start":{"line":25,"column":11},"end":{"line":25,"column":12}},"loc":{"start":{"line":25,"column":17},"end":{"line":25,"column":40}},"line":25}},"branchMap":{"0":{"loc":{"start":{"line":12,"column":4},"end":{"line":12,"column":26}},"type":"if","locations":[{"start":{"line":12,"column":4},"end":{"line":12,"column":26}},{"start":{},"end":{}}],"line":12}},"s":{"0":0,"1":0,"2":0,"3":0,"4":0,"5":0,"6":0,"7":0,"8":0,"9":0,"10":0,"11":0,"12":0},"f":{"0":0,"1":0,"2":0,"3":0},"b":{"0":[0,0]}}
,"/Users/taroshmathuria/Documents/fitnyx-mobile/src/components/SyncManager.tsx": {"path":"/Users/taroshmathuria/Documents/fitnyx-mobile/src/components/SyncManager.tsx","statementMap":{"0":{"start":{"line":9,"column":23},"end":{"line":9,"column":41}},"1":{"start":{"line":11,"column":2},"end":{"line":47,"column":17}},"2":{"start":{"line":12,"column":4},"end":{"line":12,"column":26}},"3":{"start":{"line":12,"column":19},"end":{"line":12,"column":26}},"4":{"start":{"line":14,"column":25},"end":{"line":41,"column":5}},"5":{"start":{"line":16,"column":6},"end":{"line":33,"column":7}},"6":{"start":{"line":17,"column":23},"end":{"line":17,"column":48}},"7":{"start":{"line":18,"column":8},"end":{"line":30,"column":9}},"8":{"start":{"line":19,"column":10},"end":{"line":29,"column":11}},"9":{"start":{"line":20,"column":12},"end":{"line":28,"column":13}},"10":{"start":{"line":21,"column":14},"end":{"line":24,"column":17}},"11":{"start":{"line":25,"column":14},"end":{"line":25,"column":52}},"12":{"start":{"line":27,"column":14},"end":{"line":27,"column":70}},"13":{"start":{"line":32,"column":8},"end":{"line":32,"column":63}},"14":{"start":{"line":36,"column":6},"end":{"line":40,"column":7}},"15":{"start":{"line":37,"column":8},"end":{"line":37,"column":36}},"16":{"start":{"line":39,"column":8},"end":{"line":39,"column":64}},"17":{"start":{"line":43,"column":4},"end":{"line":43,"column":19}},"18":{"start":{"line":44,"column":21},"end":{"line":44,"column":53}},"19":{"start":{"line":46,"column":4},"end":{"line":46,"column":41}},"20":{"start":{"line":46,"column":17},"end":{"line":46,"column":40}},"21":{"start":{"line":49,"column":2},"end":{"line":49,"column":14}}},"fnMap":{"0":{"name":"SyncManager","decl":{"start":{"line":8,"column":16},"end":{"line":8,"column":27}},"loc":{"start":{"line":8,"column":30},"end":{"line":50,"column":1}},"line":8},"1":{"name":"(anonymous_1)","decl":{"start":{"line":11,"column":12},"end":{"line":11,"column":13}},"loc":{"start":{"line":11,"column":18},"end":{"line":47,"column":3}},"line":11},"2":{"name":"(anonymous_2)","decl":{"start":{"line":14,"column":25},"end":{"line":14,"column":26}},"loc":{"start":{"line":14,"column":37},"end":{"line":41,"column":5}},"line":14},"3":{"name":"(anonymous_3)","decl":{"start":{"line":46,"column":11},"end":{"line":46,"column":12}},"loc":{"start":{"line":46,"column":17},"end":{"line":46,"column":40}},"line":46}},"branchMap":{"0":{"loc":{"start":{"line":12,"column":4},"end":{"line":12,"column":26}},"type":"if","locations":[{"start":{"line":12,"column":4},"end":{"line":12,"column":26}},{"start":{},"end":{}}],"line":12},"1":{"loc":{"start":{"line":18,"column":8},"end":{"line":30,"column":9}},"type":"if","locations":[{"start":{"line":18,"column":8},"end":{"line":30,"column":9}},{"start":{},"end":{}}],"line":18}},"s":{"0":0,"1":0,"2":0,"3":0,"4":0,"5":0,"6":0,"7":0,"8":0,"9":0,"10":0,"11":0,"12":0,"13":0,"14":0,"15":0,"16":0,"17":0,"18":0,"19":0,"20":0,"21":0},"f":{"0":0,"1":0,"2":0,"3":0},"b":{"0":[0,0],"1":[0,0]}}
,"/Users/taroshmathuria/Documents/fitnyx-mobile/src/components/ai/AICoachChat.tsx": {"path":"/Users/taroshmathuria/Documents/fitnyx-mobile/src/components/ai/AICoachChat.tsx","statementMap":{"0":{"start":{"line":24,"column":26},"end":{"line":24,"column":116}},"1":{"start":{"line":27,"column":18},"end":{"line":27,"column":34}},"2":{"start":{"line":28,"column":20},"end":{"line":28,"column":44}},"3":{"start":{"line":29,"column":30},"end":{"line":29,"column":39}},"4":{"start":{"line":30,"column":81},"end":{"line":30,"column":93}},"5":{"start":{"line":31,"column":38},"end":{"line":31,"column":50}},"6":{"start":{"line":33,"column":2},"end":{"line":40,"column":36}},"7":{"start":{"line":34,"column":4},"end":{"line":34,"column":24}},"8":{"start":{"line":34,"column":17},"end":{"line":34,"column":24}},"9":{"start":{"line":35,"column":20},"end":{"line":37,"column":11}},"10":{"start":{"line":36,"column":6},"end":{"line":36,"column":57}},"11":{"start":{"line":39,"column":4},"end":{"line":39,"column":39}},"12":{"start":{"line":39,"column":17},"end":{"line":39,"column":38}},"13":{"start":{"line":42,"column":21},"end":{"line":46,"column":3}},"14":{"start":{"line":43,"column":4},"end":{"line":43,"column":35}},"15":{"start":{"line":43,"column":28},"end":{"line":43,"column":35}},"16":{"start":{"line":44,"column":4},"end":{"line":44,"column":28}},"17":{"start":{"line":45,"column":4},"end":{"line":45,"column":22}},"18":{"start":{"line":48,"column":2},"end":{"line":212,"column":4}},"19":{"start":{"line":101,"column":20},"end":{"line":107,"column":32}},"20":{"start":{"line":103,"column":37},"end":{"line":103,"column":56}},"21":{"start":{"line":112,"column":18},"end":{"line":162,"column":25}},"22":{"start":{"line":197,"column":37},"end":{"line":197,"column":89}},"23":{"start":{"line":215,"column":15},"end":{"line":369,"column":2}}},"fnMap":{"0":{"name":"AICoachChat","decl":{"start":{"line":26,"column":16},"end":{"line":26,"column":27}},"loc":{"start":{"line":26,"column":30},"end":{"line":213,"column":1}},"line":26},"1":{"name":"(anonymous_1)","decl":{"start":{"line":33,"column":12},"end":{"line":33,"column":13}},"loc":{"start":{"line":33,"column":18},"end":{"line":40,"column":3}},"line":33},"2":{"name":"(anonymous_2)","decl":{"start":{"line":35,"column":31},"end":{"line":35,"column":32}},"loc":{"start":{"line":35,"column":37},"end":{"line":37,"column":5}},"line":35},"3":{"name":"(anonymous_3)","decl":{"start":{"line":39,"column":11},"end":{"line":39,"column":12}},"loc":{"start":{"line":39,"column":17},"end":{"line":39,"column":38}},"line":39},"4":{"name":"(anonymous_4)","decl":{"start":{"line":42,"column":21},"end":{"line":42,"column":22}},"loc":{"start":{"line":42,"column":27},"end":{"line":46,"column":3}},"line":42},"5":{"name":"(anonymous_5)","decl":{"start":{"line":100,"column":41},"end":{"line":100,"column":42}},"loc":{"start":{"line":101,"column":20},"end":{"line":107,"column":32}},"line":101},"6":{"name":"(anonymous_6)","decl":{"start":{"line":103,"column":31},"end":{"line":103,"column":32}},"loc":{"start":{"line":103,"column":37},"end":{"line":103,"column":56}},"line":103},"7":{"name":"(anonymous_7)","decl":{"start":{"line":111,"column":29},"end":{"line":111,"column":30}},"loc":{"start":{"line":112,"column":18},"end":{"line":162,"column":25}},"line":112},"8":{"name":"(anonymous_8)","decl":{"start":{"line":197,"column":30},"end":{"line":197,"column":31}},"loc":{"start":{"line":197,"column":37},"end":{"line":197,"column":89}},"line":197}},"branchMap":{"0":{"loc":{"start":{"line":34,"column":4},"end":{"line":34,"column":24}},"type":"if","locations":[{"start":{"line":34,"column":4},"end":{"line":34,"column":24}},{"start":{},"end":{}}],"line":34},"1":{"loc":{"start":{"line":43,"column":4},"end":{"line":43,"column":35}},"type":"if","locations":[{"start":{"line":43,"column":4},"end":{"line":43,"column":35}},{"start":{},"end":{}}],"line":43},"2":{"loc":{"start":{"line":52,"column":20},"end":{"line":52,"column":65}},"type":"cond-expr","locations":[{"start":{"line":52,"column":44},"end":{"line":52,"column":53}},{"start":{"line":52,"column":56},"end":{"line":52,"column":65}}],"line":52},"3":{"loc":{"start":{"line":90,"column":15},"end":{"line":164,"column":15}},"type":"cond-expr","locations":[{"start":{"line":91,"column":16},"end":{"line":109,"column":23}},{"start":{"line":111,"column":16},"end":{"line":163,"column":18}}],"line":90},"4":{"loc":{"start":{"line":114,"column":40},"end":{"line":114,"column":102}},"type":"cond-expr","locations":[{"start":{"line":114,"column":66},"end":{"line":114,"column":80}},{"start":{"line":114,"column":83},"end":{"line":114,"column":102}}],"line":114},"5":{"loc":{"start":{"line":116,"column":21},"end":{"line":125,"column":21}},"type":"binary-expr","locations":[{"start":{"line":116,"column":21},"end":{"line":116,"column":49}},{"start":{"line":117,"column":22},"end":{"line":124,"column":29}}],"line":116},"6":{"loc":{"start":{"line":131,"column":43},"end":{"line":131,"column":99}},"type":"cond-expr","locations":[{"start":{"line":131,"column":69},"end":{"line":131,"column":84}},{"start":{"line":131,"column":87},"end":{"line":131,"column":99}}],"line":131},"7":{"loc":{"start":{"line":133,"column":24},"end":{"line":133,"column":92}},"type":"cond-expr","locations":[{"start":{"line":133,"column":50},"end":{"line":133,"column":67}},{"start":{"line":133,"column":70},"end":{"line":133,"column":92}}],"line":133},"8":{"loc":{"start":{"line":136,"column":23},"end":{"line":147,"column":23}},"type":"cond-expr","locations":[{"start":{"line":137,"column":24},"end":{"line":144,"column":35}},{"start":{"line":146,"column":24},"end":{"line":146,"column":115}}],"line":136},"9":{"loc":{"start":{"line":150,"column":21},"end":{"line":161,"column":21}},"type":"binary-expr","locations":[{"start":{"line":150,"column":21},"end":{"line":150,"column":44}},{"start":{"line":151,"column":22},"end":{"line":160,"column":29}}],"line":150},"10":{"loc":{"start":{"line":152,"column":25},"end":{"line":159,"column":25}},"type":"cond-expr","locations":[{"start":{"line":153,"column":26},"end":{"line":156,"column":28}},{"start":{"line":158,"column":26},"end":{"line":158,"column":68}}],"line":152},"11":{"loc":{"start":{"line":152,"column":25},"end":{"line":152,"column":69}},"type":"binary-expr","locations":[{"start":{"line":152,"column":25},"end":{"line":152,"column":34}},{"start":{"line":152,"column":38},"end":{"line":152,"column":69}}],"line":152},"12":{"loc":{"start":{"line":154,"column":43},"end":{"line":154,"column":87}},"type":"binary-expr","locations":[{"start":{"line":154,"column":43},"end":{"line":154,"column":52}},{"start":{"line":154,"column":56},"end":{"line":154,"column":87}}],"line":154},"13":{"loc":{"start":{"line":166,"column":15},"end":{"line":186,"column":15}},"type":"binary-expr","locations":[{"start":{"line":166,"column":15},"end":{"line":166,"column":24}},{"start":{"line":167,"column":16},"end":{"line":185,"column":23}}],"line":166},"14":{"loc":{"start":{"line":202,"column":26},"end":{"line":202,"column":57}},"type":"binary-expr","locations":[{"start":{"line":202,"column":26},"end":{"line":202,"column":35}},{"start":{"line":202,"column":39},"end":{"line":202,"column":57}}],"line":202}},"s":{"0":0,"1":0,"2":0,"3":0,"4":0,"5":0,"6":0,"7":0,"8":0,"9":0,"10":0,"11":0,"12":0,"13":0,"14":0,"15":0,"16":0,"17":0,"18":0,"19":0,"20":0,"21":0,"22":0,"23":0},"f":{"0":0,"1":0,"2":0,"3":0,"4":0,"5":0,"6":0,"7":0,"8":0},"b":{"0":[0,0],"1":[0,0],"2":[0,0],"3":[0,0],"4":[0,0],"5":[0,0],"6":[0,0],"7":[0,0],"8":[0,0],"9":[0,0],"10":[0,0],"11":[0,0],"12":[0,0],"13":[0,0],"14":[0,0]}}
,"/Users/taroshmathuria/Documents/fitnyx-mobile/src/components/dashboard/DailyChallengeCard.tsx": {"path":"/Users/taroshmathuria/Documents/fitnyx-mobile/src/components/dashboard/DailyChallengeCard.tsx","statementMap":{"0":{"start":{"line":7,"column":20},"end":{"line":7,"column":36}},"1":{"start":{"line":9,"column":4},"end":{"line":47,"column":6}},"2":{"start":{"line":18,"column":24},"end":{"line":23,"column":31}},"3":{"start":{"line":50,"column":15},"end":{"line":117,"column":2}}},"fnMap":{"0":{"name":"DailyChallengeCard","decl":{"start":{"line":6,"column":16},"end":{"line":6,"column":34}},"loc":{"start":{"line":6,"column":37},"end":{"line":48,"column":1}},"line":6},"1":{"name":"(anonymous_1)","decl":{"start":{"line":17,"column":35},"end":{"line":17,"column":36}},"loc":{"start":{"line":18,"column":24},"end":{"line":23,"column":31}},"line":18}},"branchMap":{},"s":{"0":0,"1":0,"2":0,"3":0},"f":{"0":0,"1":0},"b":{}}
,"/Users/taroshmathuria/Documents/fitnyx-mobile/src/components/dashboard/WeeklyCalendar.tsx": {"path":"/Users/taroshmathuria/Documents/fitnyx-mobile/src/components/dashboard/WeeklyCalendar.tsx","statementMap":{"0":{"start":{"line":7,"column":18},"end":{"line":7,"column":34}},"1":{"start":{"line":9,"column":23},"end":{"line":26,"column":8}},"2":{"start":{"line":10,"column":18},"end":{"line":10,"column":28}},"3":{"start":{"line":12,"column":18},"end":{"line":12,"column":57}},"4":{"start":{"line":13,"column":17},"end":{"line":13,"column":19}},"5":{"start":{"line":15,"column":4},"end":{"line":24,"column":5}},"6":{"start":{"line":15,"column":17},"end":{"line":15,"column":18}},"7":{"start":{"line":16,"column":22},"end":{"line":16,"column":39}},"8":{"start":{"line":17,"column":6},"end":{"line":23,"column":9}},"9":{"start":{"line":25,"column":4},"end":{"line":25,"column":16}},"10":{"start":{"line":28,"column":2},"end":{"line":84,"column":4}},"11":{"start":{"line":32,"column":27},"end":{"line":32,"column":38}},"12":{"start":{"line":34,"column":10},"end":{"line":80,"column":12}},"13":{"start":{"line":87,"column":15},"end":{"line":129,"column":2}}},"fnMap":{"0":{"name":"WeeklyCalendar","decl":{"start":{"line":6,"column":16},"end":{"line":6,"column":30}},"loc":{"start":{"line":6,"column":33},"end":{"line":85,"column":1}},"line":6},"1":{"name":"(anonymous_1)","decl":{"start":{"line":9,"column":31},"end":{"line":9,"column":32}},"loc":{"start":{"line":9,"column":37},"end":{"line":26,"column":3}},"line":9},"2":{"name":"(anonymous_2)","decl":{"start":{"line":31,"column":26},"end":{"line":31,"column":27}},"loc":{"start":{"line":31,"column":43},"end":{"line":81,"column":9}},"line":31}},"branchMap":{"0":{"loc":{"start":{"line":40,"column":37},"end":{"line":40,"column":78}},"type":"cond-expr","locations":[{"start":{"line":40,"column":48},"end":{"line":40,"column":63}},{"start":{"line":40,"column":66},"end":{"line":40,"column":78}}],"line":40},"1":{"loc":{"start":{"line":41,"column":33},"end":{"line":41,"column":76}},"type":"cond-expr","locations":[{"start":{"line":41,"column":44},"end":{"line":41,"column":59}},{"start":{"line":41,"column":62},"end":{"line":41,"column":76}}],"line":41},"2":{"loc":{"start":{"line":46,"column":17},"end":{"line":55,"column":17}},"type":"binary-expr","locations":[{"start":{"line":46,"column":17},"end":{"line":46,"column":25}},{"start":{"line":47,"column":18},"end":{"line":54,"column":20}}],"line":46},"3":{"loc":{"start":{"line":51,"column":41},"end":{"line":51,"column":89}},"type":"cond-expr","locations":[{"start":{"line":51,"column":52},"end":{"line":51,"column":71}},{"start":{"line":51,"column":74},"end":{"line":51,"column":89}}],"line":51},"4":{"loc":{"start":{"line":61,"column":29},"end":{"line":61,"column":79}},"type":"cond-expr","locations":[{"start":{"line":61,"column":40},"end":{"line":61,"column":59}},{"start":{"line":61,"column":62},"end":{"line":61,"column":79}}],"line":61},"5":{"loc":{"start":{"line":62,"column":33},"end":{"line":62,"column":49}},"type":"cond-expr","locations":[{"start":{"line":62,"column":44},"end":{"line":62,"column":45}},{"start":{"line":62,"column":48},"end":{"line":62,"column":49}}],"line":62},"6":{"loc":{"start":{"line":72,"column":29},"end":{"line":72,"column":74}},"type":"cond-expr","locations":[{"start":{"line":72,"column":40},"end":{"line":72,"column":59}},{"start":{"line":72,"column":62},"end":{"line":72,"column":74}}],"line":72}},"s":{"0":0,"1":0,"2":0,"3":0,"4":0,"5":0,"6":0,"7":0,"8":0,"9":0,"10":0,"11":0,"12":0,"13":0},"f":{"0":0,"1":0,"2":0},"b":{"0":[0,0],"1":[0,0],"2":[0,0],"3":[0,0],"4":[0,0],"5":[0,0],"6":[0,0]}}
,"/Users/taroshmathuria/Documents/fitnyx-mobile/src/components/navigation/ActiveSessionIndicator.tsx": {"path":"/Users/taroshmathuria/Documents/fitnyx-mobile/src/components/navigation/ActiveSessionIndicator.tsx","statementMap":{"0":{"start":{"line":11,"column":18},"end":{"line":11,"column":34}},"1":{"start":{"line":12,"column":17},"end":{"line":12,"column":28}},"2":{"start":{"line":13,"column":19},"end":{"line":13,"column":32}},"3":{"start":{"line":14,"column":28},"end":{"line":14,"column":40}},"4":{"start":{"line":15,"column":38},"end":{"line":15,"column":55}},"5":{"start":{"line":16,"column":24},"end":{"line":16,"column":41}},"6":{"start":{"line":18,"column":2},"end":{"line":18,"column":90}},"7":{"start":{"line":18,"column":78},"end":{"line":18,"column":90}},"8":{"start":{"line":20,"column":2},"end":{"line":35,"column":4}},"9":{"start":{"line":23,"column":23},"end":{"line":23,"column":75}},"10":{"start":{"line":38,"column":15},"end":{"line":63,"column":2}}},"fnMap":{"0":{"name":"ActiveSessionIndicator","decl":{"start":{"line":10,"column":16},"end":{"line":10,"column":38}},"loc":{"start":{"line":10,"column":41},"end":{"line":36,"column":1}},"line":10},"1":{"name":"(anonymous_1)","decl":{"start":{"line":23,"column":17},"end":{"line":23,"column":18}},"loc":{"start":{"line":23,"column":23},"end":{"line":23,"column":75}},"line":23}},"branchMap":{"0":{"loc":{"start":{"line":18,"column":2},"end":{"line":18,"column":90}},"type":"if","locations":[{"start":{"line":18,"column":2},"end":{"line":18,"column":90}},{"start":{},"end":{}}],"line":18},"1":{"loc":{"start":{"line":18,"column":6},"end":{"line":18,"column":76}},"type":"binary-expr","locations":[{"start":{"line":18,"column":6},"end":{"line":18,"column":20}},{"start":{"line":18,"column":24},"end":{"line":18,"column":76}}],"line":18},"2":{"loc":{"start":{"line":29,"column":13},"end":{"line":29,"column":70}},"type":"cond-expr","locations":[{"start":{"line":29,"column":25},"end":{"line":29,"column":51}},{"start":{"line":29,"column":54},"end":{"line":29,"column":70}}],"line":29}},"s":{"0":0,"1":0,"2":0,"3":0,"4":0,"5":0,"6":0,"7":0,"8":0,"9":0,"10":0},"f":{"0":0,"1":0},"b":{"0":[0,0],"1":[0,0],"2":[0,0]}}
,"/Users/taroshmathuria/Documents/fitnyx-mobile/src/components/navigation/BottomNav.tsx": {"path":"/Users/taroshmathuria/Documents/fitnyx-mobile/src/components/navigation/BottomNav.tsx","statementMap":{"0":{"start":{"line":10,"column":28},"end":{"line":25,"column":1}},"1":{"start":{"line":28,"column":19},"end":{"line":28,"column":32}},"2":{"start":{"line":29,"column":17},"end":{"line":29,"column":28}},"3":{"start":{"line":30,"column":18},"end":{"line":30,"column":34}},"4":{"start":{"line":31,"column":19},"end":{"line":31,"column":28}},"5":{"start":{"line":32,"column":31},"end":{"line":32,"column":43}},"6":{"start":{"line":33,"column":22},"end":{"line":33,"column":31}},"7":{"start":{"line":35,"column":17},"end":{"line":35,"column":67}},"8":{"start":{"line":35,"column":37},"end":{"line":35,"column":55}},"9":{"start":{"line":39,"column":21},"end":{"line":48,"column":3}},"10":{"start":{"line":41,"column":6},"end":{"line":41,"column":27}},"11":{"start":{"line":41,"column":20},"end":{"line":41,"column":27}},"12":{"start":{"line":42,"column":18},"end":{"line":42,"column":28}},"13":{"start":{"line":43,"column":6},"end":{"line":43,"column":50}},"14":{"start":{"line":43,"column":43},"end":{"line":43,"column":50}},"15":{"start":{"line":44,"column":6},"end":{"line":44,"column":32}},"16":{"start":{"line":45,"column":6},"end":{"line":45,"column":36}},"17":{"start":{"line":50,"column":2},"end":{"line":50,"column":25}},"18":{"start":{"line":50,"column":13},"end":{"line":50,"column":25}},"19":{"start":{"line":51,"column":2},"end":{"line":51,"column":111}},"20":{"start":{"line":51,"column":42},"end":{"line":51,"column":96}},"21":{"start":{"line":51,"column":99},"end":{"line":51,"column":111}},"22":{"start":{"line":53,"column":16},"end":{"line":74,"column":3}},"23":{"start":{"line":76,"column":15},"end":{"line":76,"column":32}},"24":{"start":{"line":77,"column":16},"end":{"line":77,"column":30}},"25":{"start":{"line":79,"column":2},"end":{"line":97,"column":4}},"26":{"start":{"line":83,"column":10},"end":{"line":83,"column":118}},"27":{"start":{"line":83,"column":62},"end":{"line":83,"column":96}},"28":{"start":{"line":87,"column":72},"end":{"line":87,"column":134}},"29":{"start":{"line":93,"column":10},"end":{"line":93,"column":118}},"30":{"start":{"line":93,"column":62},"end":{"line":93,"column":96}},"31":{"start":{"line":101,"column":15},"end":{"line":101,"column":24}},"32":{"start":{"line":102,"column":17},"end":{"line":102,"column":67}},"33":{"start":{"line":102,"column":37},"end":{"line":102,"column":55}},"34":{"start":{"line":104,"column":2},"end":{"line":108,"column":4}},"35":{"start":{"line":105,"column":57},"end":{"line":105,"column":115}},"36":{"start":{"line":111,"column":18},"end":{"line":159,"column":2}},"37":{"start":{"line":111,"column":36},"end":{"line":159,"column":2}}},"fnMap":{"0":{"name":"BottomNav","decl":{"start":{"line":27,"column":16},"end":{"line":27,"column":25}},"loc":{"start":{"line":27,"column":28},"end":{"line":98,"column":1}},"line":27},"1":{"name":"(anonymous_1)","decl":{"start":{"line":35,"column":31},"end":{"line":35,"column":32}},"loc":{"start":{"line":35,"column":37},"end":{"line":35,"column":55}},"line":35},"2":{"name":"(anonymous_2)","decl":{"start":{"line":40,"column":4},"end":{"line":40,"column":5}},"loc":{"start":{"line":40,"column":41},"end":{"line":46,"column":5}},"line":40},"3":{"name":"(anonymous_3)","decl":{"start":{"line":51,"column":31},"end":{"line":51,"column":32}},"loc":{"start":{"line":51,"column":42},"end":{"line":51,"column":96}},"line":51},"4":{"name":"(anonymous_4)","decl":{"start":{"line":82,"column":18},"end":{"line":82,"column":19}},"loc":{"start":{"line":83,"column":10},"end":{"line":83,"column":118}},"line":83},"5":{"name":"(anonymous_5)","decl":{"start":{"line":83,"column":56},"end":{"line":83,"column":57}},"loc":{"start":{"line":83,"column":62},"end":{"line":83,"column":96}},"line":83},"6":{"name":"(anonymous_6)","decl":{"start":{"line":87,"column":55},"end":{"line":87,"column":56}},"loc":{"start":{"line":87,"column":72},"end":{"line":87,"column":134}},"line":87},"7":{"name":"(anonymous_7)","decl":{"start":{"line":92,"column":19},"end":{"line":92,"column":20}},"loc":{"start":{"line":93,"column":10},"end":{"line":93,"column":118}},"line":93},"8":{"name":"(anonymous_8)","decl":{"start":{"line":93,"column":56},"end":{"line":93,"column":57}},"loc":{"start":{"line":93,"column":62},"end":{"line":93,"column":96}},"line":93},"9":{"name":"NavItem","decl":{"start":{"line":100,"column":9},"end":{"line":100,"column":16}},"loc":{"start":{"line":100,"column":95},"end":{"line":109,"column":1}},"line":100},"10":{"name":"(anonymous_10)","decl":{"start":{"line":102,"column":31},"end":{"line":102,"column":32}},"loc":{"start":{"line":102,"column":37},"end":{"line":102,"column":55}},"line":102},"11":{"name":"(anonymous_11)","decl":{"start":{"line":105,"column":40},"end":{"line":105,"column":41}},"loc":{"start":{"line":105,"column":57},"end":{"line":105,"column":115}},"line":105},"12":{"name":"(anonymous_12)","decl":{"start":{"line":111,"column":18},"end":{"line":111,"column":19}},"loc":{"start":{"line":111,"column":36},"end":{"line":159,"column":2}},"line":111}},"branchMap":{"0":{"loc":{"start":{"line":41,"column":6},"end":{"line":41,"column":27}},"type":"if","locations":[{"start":{"line":41,"column":6},"end":{"line":41,"column":27}},{"start":{},"end":{}}],"line":41},"1":{"loc":{"start":{"line":43,"column":6},"end":{"line":43,"column":50}},"type":"if","locations":[{"start":{"line":43,"column":6},"end":{"line":43,"column":50}},{"start":{},"end":{}}],"line":43},"2":{"loc":{"start":{"line":50,"column":2},"end":{"line":50,"column":25}},"type":"if","locations":[{"start":{"line":50,"column":2},"end":{"line":50,"column":25}},{"start":{},"end":{}}],"line":50},"3":{"loc":{"start":{"line":51,"column":2},"end":{"line":51,"column":111}},"type":"if","locations":[{"start":{"line":51,"column":2},"end":{"line":51,"column":111}},{"start":{},"end":{}}],"line":51},"4":{"loc":{"start":{"line":51,"column":42},"end":{"line":51,"column":96}},"type":"binary-expr","locations":[{"start":{"line":51,"column":42},"end":{"line":51,"column":60}},{"start":{"line":51,"column":64},"end":{"line":51,"column":96}}],"line":51},"5":{"loc":{"start":{"line":67,"column":14},"end":{"line":67,"column":77}},"type":"binary-expr","locations":[{"start":{"line":67,"column":14},"end":{"line":67,"column":39}},{"start":{"line":67,"column":43},"end":{"line":67,"column":77}}],"line":67},"6":{"loc":{"start":{"line":87,"column":90},"end":{"line":87,"column":133}},"type":"binary-expr","locations":[{"start":{"line":87,"column":90},"end":{"line":87,"column":97}},{"start":{"line":87,"column":101},"end":{"line":87,"column":133}}],"line":87},"7":{"loc":{"start":{"line":105,"column":71},"end":{"line":105,"column":114}},"type":"binary-expr","locations":[{"start":{"line":105,"column":71},"end":{"line":105,"column":78}},{"start":{"line":105,"column":82},"end":{"line":105,"column":114}}],"line":105},"8":{"loc":{"start":{"line":106,"column":19},"end":{"line":106,"column":68}},"type":"cond-expr","locations":[{"start":{"line":106,"column":33},"end":{"line":106,"column":48}},{"start":{"line":106,"column":51},"end":{"line":106,"column":68}}],"line":106},"9":{"loc":{"start":{"line":106,"column":93},"end":{"line":106,"column":116}},"type":"cond-expr","locations":[{"start":{"line":106,"column":107},"end":{"line":106,"column":110}},{"start":{"line":106,"column":113},"end":{"line":106,"column":116}}],"line":106}},"s":{"0":0,"1":0,"2":0,"3":0,"4":0,"5":0,"6":0,"7":0,"8":0,"9":0,"10":0,"11":0,"12":0,"13":0,"14":0,"15":0,"16":0,"17":0,"18":0,"19":0,"20":0,"21":0,"22":0,"23":0,"24":0,"25":0,"26":0,"27":0,"28":0,"29":0,"30":0,"31":0,"32":0,"33":0,"34":0,"35":0,"36":0,"37":0},"f":{"0":0,"1":0,"2":0,"3":0,"4":0,"5":0,"6":0,"7":0,"8":0,"9":0,"10":0,"11":0,"12":0},"b":{"0":[0,0],"1":[0,0],"2":[0,0],"3":[0,0],"4":[0,0],"5":[0,0],"6":[0,0],"7":[0,0],"8":[0,0],"9":[0,0]}}
,"/Users/taroshmathuria/Documents/fitnyx-mobile/src/components/ui/Button.tsx": {"path":"/Users/taroshmathuria/Documents/fitnyx-mobile/src/components/ui/Button.tsx","statementMap":{"0":{"start":{"line":17,"column":18},"end":{"line":17,"column":34}},"1":{"start":{"line":18,"column":21},"end":{"line":18,"column":49}},"2":{"start":{"line":20,"column":26},"end":{"line":29,"column":3}},"3":{"start":{"line":31,"column":66},"end":{"line":39,"column":3}},"4":{"start":{"line":41,"column":2},"end":{"line":49,"column":4}},"5":{"start":{"line":42,"column":72},"end":{"line":42,"column":123}},"6":{"start":{"line":52,"column":15},"end":{"line":68,"column":2}}},"fnMap":{"0":{"name":"Button","decl":{"start":{"line":16,"column":16},"end":{"line":16,"column":22}},"loc":{"start":{"line":16,"column":140},"end":{"line":50,"column":1}},"line":16},"1":{"name":"(anonymous_1)","decl":{"start":{"line":42,"column":55},"end":{"line":42,"column":56}},"loc":{"start":{"line":42,"column":72},"end":{"line":42,"column":123}},"line":42}},"branchMap":{"0":{"loc":{"start":{"line":16,"column":32},"end":{"line":16,"column":47}},"type":"default-arg","locations":[{"start":{"line":16,"column":42},"end":{"line":16,"column":47}}],"line":16},"1":{"loc":{"start":{"line":16,"column":49},"end":{"line":16,"column":68}},"type":"default-arg","locations":[{"start":{"line":16,"column":59},"end":{"line":16,"column":68}}],"line":16},"2":{"loc":{"start":{"line":18,"column":29},"end":{"line":18,"column":48}},"type":"binary-expr","locations":[{"start":{"line":18,"column":29},"end":{"line":18,"column":37}},{"start":{"line":18,"column":41},"end":{"line":18,"column":48}}],"line":18},"3":{"loc":{"start":{"line":22,"column":4},"end":{"line":22,"column":65}},"type":"binary-expr","locations":[{"start":{"line":22,"column":4},"end":{"line":22,"column":25}},{"start":{"line":22,"column":29},"end":{"line":22,"column":65}}],"line":22},"4":{"loc":{"start":{"line":23,"column":4},"end":{"line":23,"column":109}},"type":"binary-expr","locations":[{"start":{"line":23,"column":4},"end":{"line":23,"column":27}},{"start":{"line":23,"column":31},"end":{"line":23,"column":109}}],"line":23},"5":{"loc":{"start":{"line":24,"column":4},"end":{"line":24,"column":68}},"type":"binary-expr","locations":[{"start":{"line":24,"column":4},"end":{"line":24,"column":24}},{"start":{"line":24,"column":28},"end":{"line":24,"column":68}}],"line":24},"6":{"loc":{"start":{"line":25,"column":4},"end":{"line":25,"column":106}},"type":"binary-expr","locations":[{"start":{"line":25,"column":4},"end":{"line":25,"column":23}},{"start":{"line":25,"column":27},"end":{"line":25,"column":106}}],"line":25},"7":{"loc":{"start":{"line":26,"column":4},"end":{"line":26,"column":108}},"type":"binary-expr","locations":[{"start":{"line":26,"column":4},"end":{"line":26,"column":25}},{"start":{"line":26,"column":29},"end":{"line":26,"column":108}}],"line":26},"8":{"loc":{"start":{"line":27,"column":4},"end":{"line":27,"column":34}},"type":"binary-expr","locations":[{"start":{"line":27,"column":4},"end":{"line":27,"column":14}},{"start":{"line":27,"column":18},"end":{"line":27,"column":34}}],"line":27},"9":{"loc":{"start":{"line":33,"column":4},"end":{"line":33,"column":59}},"type":"binary-expr","locations":[{"start":{"line":33,"column":4},"end":{"line":33,"column":25}},{"start":{"line":33,"column":29},"end":{"line":33,"column":59}}],"line":33},"10":{"loc":{"start":{"line":34,"column":4},"end":{"line":34,"column":54}},"type":"binary-expr","locations":[{"start":{"line":34,"column":4},"end":{"line":34,"column":27}},{"start":{"line":34,"column":31},"end":{"line":34,"column":54}}],"line":34},"11":{"loc":{"start":{"line":35,"column":4},"end":{"line":35,"column":45}},"type":"binary-expr","locations":[{"start":{"line":35,"column":4},"end":{"line":35,"column":24}},{"start":{"line":35,"column":28},"end":{"line":35,"column":45}}],"line":35},"12":{"loc":{"start":{"line":36,"column":4},"end":{"line":36,"column":50}},"type":"binary-expr","locations":[{"start":{"line":36,"column":4},"end":{"line":36,"column":23}},{"start":{"line":36,"column":27},"end":{"line":36,"column":50}}],"line":36},"13":{"loc":{"start":{"line":37,"column":4},"end":{"line":37,"column":52}},"type":"binary-expr","locations":[{"start":{"line":37,"column":4},"end":{"line":37,"column":25}},{"start":{"line":37,"column":29},"end":{"line":37,"column":52}}],"line":37},"14":{"loc":{"start":{"line":42,"column":97},"end":{"line":42,"column":122}},"type":"binary-expr","locations":[{"start":{"line":42,"column":97},"end":{"line":42,"column":104}},{"start":{"line":42,"column":108},"end":{"line":42,"column":122}}],"line":42},"15":{"loc":{"start":{"line":43,"column":7},"end":{"line":47,"column":7}},"type":"cond-expr","locations":[{"start":{"line":44,"column":8},"end":{"line":44,"column":96}},{"start":{"line":46,"column":8},"end":{"line":46,"column":47}}],"line":43},"16":{"loc":{"start":{"line":44,"column":34},"end":{"line":44,"column":92}},"type":"cond-expr","locations":[{"start":{"line":44,"column":58},"end":{"line":44,"column":77}},{"start":{"line":44,"column":80},"end":{"line":44,"column":92}}],"line":44}},"s":{"0":10,"1":10,"2":10,"3":10,"4":10,"5":10,"6":1},"f":{"0":10,"1":10},"b":{"0":[8],"1":[5],"2":[10,9],"3":[10,6],"4":[10,1],"5":[10,1],"6":[10,1],"7":[10,1],"8":[10,3],"9":[10,6],"10":[10,1],"11":[10,1],"12":[10,1],"13":[10,1],"14":[10,0],"15":[2,8],"16":[2,0]},"_coverageSchema":"1a1c01bbd47fc00a2c39e90264f33305004495a9","hash":"01ba4a72dcbe9e75c9ddd127374bf6bcf3e6715e"}
,"/Users/taroshmathuria/Documents/fitnyx-mobile/src/components/ui/Card.tsx": {"path":"/Users/taroshmathuria/Documents/fitnyx-mobile/src/components/ui/Card.tsx","statementMap":{"0":{"start":{"line":7,"column":18},"end":{"line":7,"column":34}},"1":{"start":{"line":9,"column":2},"end":{"line":21,"column":4}},"2":{"start":{"line":24,"column":15},"end":{"line":30,"column":2}}},"fnMap":{"0":{"name":"Card","decl":{"start":{"line":6,"column":16},"end":{"line":6,"column":20}},"loc":{"start":{"line":6,"column":53},"end":{"line":22,"column":1}},"line":6}},"branchMap":{},"s":{"0":2,"1":2,"2":1},"f":{"0":2},"b":{},"_coverageSchema":"1a1c01bbd47fc00a2c39e90264f33305004495a9","hash":"e4f5be5a03fca93617ff9b420e47bb7e7cc53426"}
,"/Users/taroshmathuria/Documents/fitnyx-mobile/src/components/ui/ConfirmModal.tsx": {"path":"/Users/taroshmathuria/Documents/fitnyx-mobile/src/components/ui/ConfirmModal.tsx","statementMap":{"0":{"start":{"line":18,"column":18},"end":{"line":18,"column":27}},"1":{"start":{"line":31,"column":20},"end":{"line":31,"column":36}},"2":{"start":{"line":32,"column":19},"end":{"line":32,"column":69}},"3":{"start":{"line":32,"column":39},"end":{"line":32,"column":57}},"4":{"start":{"line":34,"column":4},"end":{"line":94,"column":6}},"5":{"start":{"line":97,"column":18},"end":{"line":195,"column":2}},"6":{"start":{"line":97,"column":36},"end":{"line":195,"column":2}}},"fnMap":{"0":{"name":"ConfirmModal","decl":{"start":{"line":20,"column":16},"end":{"line":20,"column":28}},"loc":{"start":{"line":30,"column":22},"end":{"line":95,"column":1}},"line":30},"1":{"name":"(anonymous_1)","decl":{"start":{"line":32,"column":33},"end":{"line":32,"column":34}},"loc":{"start":{"line":32,"column":39},"end":{"line":32,"column":57}},"line":32},"2":{"name":"(anonymous_2)","decl":{"start":{"line":97,"column":18},"end":{"line":97,"column":19}},"loc":{"start":{"line":97,"column":36},"end":{"line":195,"column":2}},"line":97}},"branchMap":{"0":{"loc":{"start":{"line":24,"column":4},"end":{"line":24,"column":28}},"type":"default-arg","locations":[{"start":{"line":24,"column":19},"end":{"line":24,"column":28}}],"line":24},"1":{"loc":{"start":{"line":25,"column":4},"end":{"line":25,"column":26}},"type":"default-arg","locations":[{"start":{"line":25,"column":18},"end":{"line":25,"column":26}}],"line":25},"2":{"loc":{"start":{"line":28,"column":4},"end":{"line":28,"column":23}},"type":"default-arg","locations":[{"start":{"line":28,"column":14},"end":{"line":28,"column":23}}],"line":28},"3":{"loc":{"start":{"line":29,"column":4},"end":{"line":29,"column":21}},"type":"default-arg","locations":[{"start":{"line":29,"column":17},"end":{"line":29,"column":21}}],"line":29},"4":{"loc":{"start":{"line":48,"column":47},"end":{"line":48,"column":122}},"type":"cond-expr","locations":[{"start":{"line":48,"column":70},"end":{"line":48,"column":94}},{"start":{"line":48,"column":97},"end":{"line":48,"column":122}}],"line":48},"5":{"loc":{"start":{"line":52,"column":39},"end":{"line":52,"column":83}},"type":"cond-expr","locations":[{"start":{"line":52,"column":62},"end":{"line":52,"column":71}},{"start":{"line":52,"column":74},"end":{"line":52,"column":83}}],"line":52},"6":{"loc":{"start":{"line":66,"column":25},"end":{"line":73,"column":25}},"type":"binary-expr","locations":[{"start":{"line":66,"column":25},"end":{"line":66,"column":35}},{"start":{"line":67,"column":28},"end":{"line":72,"column":40}}],"line":66},"7":{"loc":{"start":{"line":80,"column":53},"end":{"line":80,"column":97}},"type":"cond-expr","locations":[{"start":{"line":80,"column":76},"end":{"line":80,"column":85}},{"start":{"line":80,"column":88},"end":{"line":80,"column":97}}],"line":80},"8":{"loc":{"start":{"line":81,"column":42},"end":{"line":81,"column":62}},"type":"cond-expr","locations":[{"start":{"line":81,"column":55},"end":{"line":81,"column":58}},{"start":{"line":81,"column":61},"end":{"line":81,"column":62}}],"line":81},"9":{"loc":{"start":{"line":87,"column":41},"end":{"line":87,"column":79}},"type":"cond-expr","locations":[{"start":{"line":87,"column":64},"end":{"line":87,"column":70}},{"start":{"line":87,"column":73},"end":{"line":87,"column":79}}],"line":87}},"s":{"0":1,"1":7,"2":7,"3":7,"4":7,"5":1,"6":7},"f":{"0":7,"1":7,"2":7},"b":{"0":[6],"1":[6],"2":[5],"3":[6],"4":[1,6],"5":[1,6],"6":[7,6],"7":[1,6],"8":[6,1],"9":[1,6]},"_coverageSchema":"1a1c01bbd47fc00a2c39e90264f33305004495a9","hash":"b4fbdc6f0b07fd40582776c5acbdbb7185fd5080"}
,"/Users/taroshmathuria/Documents/fitnyx-mobile/src/components/ui/Input.tsx": {"path":"/Users/taroshmathuria/Documents/fitnyx-mobile/src/components/ui/Input.tsx","statementMap":{"0":{"start":{"line":14,"column":21},"end":{"line":46,"column":1}},"1":{"start":{"line":16,"column":20},"end":{"line":16,"column":36}},"2":{"start":{"line":19,"column":29},"end":{"line":22,"column":5}},"3":{"start":{"line":20,"column":22},"end":{"line":20,"column":54}},"4":{"start":{"line":21,"column":6},"end":{"line":21,"column":30}},"5":{"start":{"line":24,"column":4},"end":{"line":44,"column":6}},"6":{"start":{"line":48,"column":15},"end":{"line":71,"column":2}}},"fnMap":{"0":{"name":"(anonymous_0)","decl":{"start":{"line":15,"column":2},"end":{"line":15,"column":3}},"loc":{"start":{"line":15,"column":108},"end":{"line":45,"column":3}},"line":15},"1":{"name":"(anonymous_1)","decl":{"start":{"line":19,"column":29},"end":{"line":19,"column":30}},"loc":{"start":{"line":19,"column":47},"end":{"line":22,"column":5}},"line":19}},"branchMap":{"0":{"loc":{"start":{"line":20,"column":22},"end":{"line":20,"column":54}},"type":"cond-expr","locations":[{"start":{"line":20,"column":33},"end":{"line":20,"column":47}},{"start":{"line":20,"column":50},"end":{"line":20,"column":54}}],"line":20},"1":{"loc":{"start":{"line":26,"column":9},"end":{"line":26,"column":86}},"type":"binary-expr","locations":[{"start":{"line":26,"column":9},"end":{"line":26,"column":14}},{"start":{"line":26,"column":18},"end":{"line":26,"column":86}}],"line":26},"2":{"loc":{"start":{"line":33,"column":27},"end":{"line":33,"column":71}},"type":"cond-expr","locations":[{"start":{"line":33,"column":35},"end":{"line":33,"column":54}},{"start":{"line":33,"column":57},"end":{"line":33,"column":71}}],"line":33},"3":{"loc":{"start":{"line":38,"column":32},"end":{"line":38,"column":73}},"type":"binary-expr","locations":[{"start":{"line":38,"column":32},"end":{"line":38,"column":52}},{"start":{"line":38,"column":56},"end":{"line":38,"column":73}}],"line":38},"4":{"loc":{"start":{"line":42,"column":9},"end":{"line":42,"column":93}},"type":"binary-expr","locations":[{"start":{"line":42,"column":9},"end":{"line":42,"column":14}},{"start":{"line":42,"column":18},"end":{"line":42,"column":93}}],"line":42}},"s":{"0":1,"1":7,"2":7,"3":2,"4":2,"5":7,"6":1},"f":{"0":7,"1":2},"b":{"0":[1,1],"1":[7,3],"2":[1,6],"3":[7,7],"4":[7,1]},"_coverageSchema":"1a1c01bbd47fc00a2c39e90264f33305004495a9","hash":"4925755c202e2f3c19d8469b773750cc70afb096"}
,"/Users/taroshmathuria/Documents/fitnyx-mobile/src/components/ui/Logo.tsx": {"path":"/Users/taroshmathuria/Documents/fitnyx-mobile/src/components/ui/Logo.tsx","statementMap":{"0":{"start":{"line":15,"column":4},"end":{"line":32,"column":6}},"1":{"start":{"line":40,"column":22},"end":{"line":40,"column":32}},"2":{"start":{"line":41,"column":22},"end":{"line":41,"column":35}},"3":{"start":{"line":43,"column":4},"end":{"line":63,"column":6}},"4":{"start":{"line":66,"column":15},"end":{"line":72,"column":2}}},"fnMap":{"0":{"name":"AppIconSvg","decl":{"start":{"line":14,"column":16},"end":{"line":14,"column":26}},"loc":{"start":{"line":14,"column":72},"end":{"line":33,"column":1}},"line":14},"1":{"name":"FullLogoSvg","decl":{"start":{"line":38,"column":16},"end":{"line":38,"column":27}},"loc":{"start":{"line":38,"column":73},"end":{"line":64,"column":1}},"line":38}},"branchMap":{"0":{"loc":{"start":{"line":14,"column":29},"end":{"line":14,"column":38}},"type":"default-arg","locations":[{"start":{"line":14,"column":36},"end":{"line":14,"column":38}}],"line":14},"1":{"loc":{"start":{"line":14,"column":40},"end":{"line":14,"column":57}},"type":"default-arg","locations":[{"start":{"line":14,"column":48},"end":{"line":14,"column":57}}],"line":14},"2":{"loc":{"start":{"line":38,"column":30},"end":{"line":38,"column":39}},"type":"default-arg","locations":[{"start":{"line":38,"column":37},"end":{"line":38,"column":39}}],"line":38},"3":{"loc":{"start":{"line":38,"column":41},"end":{"line":38,"column":58}},"type":"default-arg","locations":[{"start":{"line":38,"column":49},"end":{"line":38,"column":58}}],"line":38}},"s":{"0":0,"1":0,"2":0,"3":0,"4":0},"f":{"0":0,"1":0},"b":{"0":[0],"1":[0],"2":[0],"3":[0]}}
,"/Users/taroshmathuria/Documents/fitnyx-mobile/src/components/ui/PageHeader.tsx": {"path":"/Users/taroshmathuria/Documents/fitnyx-mobile/src/components/ui/PageHeader.tsx","statementMap":{"0":{"start":{"line":16,"column":18},"end":{"line":16,"column":34}},"1":{"start":{"line":17,"column":17},"end":{"line":17,"column":28}},"2":{"start":{"line":19,"column":17},"end":{"line":37,"column":3}},"3":{"start":{"line":20,"column":4},"end":{"line":23,"column":5}},"4":{"start":{"line":21,"column":6},"end":{"line":21,"column":20}},"5":{"start":{"line":22,"column":6},"end":{"line":22,"column":13}},"6":{"start":{"line":25,"column":22},"end":{"line":25,"column":40}},"7":{"start":{"line":26,"column":4},"end":{"line":29,"column":5}},"8":{"start":{"line":27,"column":6},"end":{"line":27,"column":20}},"9":{"start":{"line":28,"column":6},"end":{"line":28,"column":13}},"10":{"start":{"line":31,"column":4},"end":{"line":34,"column":5}},"11":{"start":{"line":32,"column":6},"end":{"line":32,"column":38}},"12":{"start":{"line":33,"column":6},"end":{"line":33,"column":13}},"13":{"start":{"line":36,"column":4},"end":{"line":36,"column":33}},"14":{"start":{"line":39,"column":2},"end":{"line":53,"column":4}},"15":{"start":{"line":56,"column":15},"end":{"line":84,"column":2}}},"fnMap":{"0":{"name":"PageHeader","decl":{"start":{"line":15,"column":16},"end":{"line":15,"column":26}},"loc":{"start":{"line":15,"column":86},"end":{"line":54,"column":1}},"line":15},"1":{"name":"(anonymous_1)","decl":{"start":{"line":19,"column":17},"end":{"line":19,"column":18}},"loc":{"start":{"line":19,"column":23},"end":{"line":37,"column":3}},"line":19}},"branchMap":{"0":{"loc":{"start":{"line":20,"column":4},"end":{"line":23,"column":5}},"type":"if","locations":[{"start":{"line":20,"column":4},"end":{"line":23,"column":5}},{"start":{},"end":{}}],"line":20},"1":{"loc":{"start":{"line":26,"column":4},"end":{"line":29,"column":5}},"type":"if","locations":[{"start":{"line":26,"column":4},"end":{"line":29,"column":5}},{"start":{},"end":{}}],"line":26},"2":{"loc":{"start":{"line":31,"column":4},"end":{"line":34,"column":5}},"type":"if","locations":[{"start":{"line":31,"column":4},"end":{"line":34,"column":5}},{"start":{},"end":{}}],"line":31},"3":{"loc":{"start":{"line":49,"column":9},"end":{"line":49,"column":106}},"type":"cond-expr","locations":[{"start":{"line":49,"column":20},"end":{"line":49,"column":99}},{"start":{"line":49,"column":102},"end":{"line":49,"column":106}}],"line":49}},"s":{"0":0,"1":0,"2":0,"3":0,"4":0,"5":0,"6":0,"7":0,"8":0,"9":0,"10":0,"11":0,"12":0,"13":0,"14":0,"15":0},"f":{"0":0,"1":0},"b":{"0":[0,0],"1":[0,0],"2":[0,0],"3":[0,0]}}
,"/Users/taroshmathuria/Documents/fitnyx-mobile/src/components/ui/Screen.tsx": {"path":"/Users/taroshmathuria/Documents/fitnyx-mobile/src/components/ui/Screen.tsx","statementMap":{"0":{"start":{"line":15,"column":18},"end":{"line":15,"column":34}},"1":{"start":{"line":16,"column":17},"end":{"line":16,"column":36}},"2":{"start":{"line":18,"column":36},"end":{"line":23,"column":3}},"3":{"start":{"line":25,"column":2},"end":{"line":39,"column":4}},"4":{"start":{"line":42,"column":15},"end":{"line":47,"column":2}}},"fnMap":{"0":{"name":"Screen","decl":{"start":{"line":14,"column":16},"end":{"line":14,"column":22}},"loc":{"start":{"line":14,"column":95},"end":{"line":40,"column":1}},"line":14}},"branchMap":{"0":{"loc":{"start":{"line":14,"column":35},"end":{"line":14,"column":48}},"type":"default-arg","locations":[{"start":{"line":14,"column":44},"end":{"line":14,"column":48}}],"line":14},"1":{"loc":{"start":{"line":27,"column":7},"end":{"line":37,"column":7}},"type":"cond-expr","locations":[{"start":{"line":28,"column":8},"end":{"line":34,"column":21}},{"start":{"line":36,"column":8},"end":{"line":36,"column":87}}],"line":27}},"s":{"0":0,"1":0,"2":0,"3":0,"4":0},"f":{"0":0},"b":{"0":[0],"1":[0,0]}}
,"/Users/taroshmathuria/Documents/fitnyx-mobile/src/features/auth/AuthForm.tsx": {"path":"/Users/taroshmathuria/Documents/fitnyx-mobile/src/features/auth/AuthForm.tsx","statementMap":{"0":{"start":{"line":14,"column":0},"end":{"line":14,"column":38}},"1":{"start":{"line":23,"column":17},"end":{"line":23,"column":28}},"2":{"start":{"line":24,"column":18},"end":{"line":24,"column":34}},"3":{"start":{"line":25,"column":17},"end":{"line":25,"column":35}},"4":{"start":{"line":27,"column":26},"end":{"line":27,"column":87}},"5":{"start":{"line":28,"column":28},"end":{"line":28,"column":40}},"6":{"start":{"line":29,"column":34},"end":{"line":29,"column":46}},"7":{"start":{"line":30,"column":36},"end":{"line":30,"column":48}},"8":{"start":{"line":31,"column":34},"end":{"line":31,"column":46}},"9":{"start":{"line":33,"column":32},"end":{"line":33,"column":47}},"10":{"start":{"line":34,"column":42},"end":{"line":34,"column":57}},"11":{"start":{"line":35,"column":28},"end":{"line":35,"column":57}},"12":{"start":{"line":36,"column":42},"end":{"line":36,"column":71}},"13":{"start":{"line":38,"column":20},"end":{"line":38,"column":38}},"14":{"start":{"line":39,"column":2},"end":{"line":41,"column":9}},"15":{"start":{"line":40,"column":4},"end":{"line":40,"column":48}},"16":{"start":{"line":40,"column":19},"end":{"line":40,"column":45}},"17":{"start":{"line":43,"column":25},"end":{"line":43,"column":79}},"18":{"start":{"line":43,"column":43},"end":{"line":43,"column":79}},"19":{"start":{"line":44,"column":23},"end":{"line":44,"column":81}},"20":{"start":{"line":44,"column":47},"end":{"line":44,"column":81}},"21":{"start":{"line":45,"column":30},"end":{"line":45,"column":95}},"22":{"start":{"line":45,"column":54},"end":{"line":45,"column":95}},"23":{"start":{"line":47,"column":22},"end":{"line":47,"column":39}},"24":{"start":{"line":48,"column":25},"end":{"line":48,"column":42}},"25":{"start":{"line":50,"column":21},"end":{"line":69,"column":3}},"26":{"start":{"line":51,"column":4},"end":{"line":51,"column":33}},"27":{"start":{"line":51,"column":26},"end":{"line":51,"column":33}},"28":{"start":{"line":54,"column":4},"end":{"line":54,"column":57}},"29":{"start":{"line":55,"column":4},"end":{"line":55,"column":62}},"30":{"start":{"line":57,"column":4},"end":{"line":68,"column":12}},"31":{"start":{"line":58,"column":6},"end":{"line":58,"column":37}},"32":{"start":{"line":58,"column":30},"end":{"line":58,"column":37}},"33":{"start":{"line":59,"column":6},"end":{"line":59,"column":23}},"34":{"start":{"line":60,"column":6},"end":{"line":62,"column":7}},"35":{"start":{"line":61,"column":8},"end":{"line":61,"column":32}},"36":{"start":{"line":65,"column":6},"end":{"line":65,"column":32}},"37":{"start":{"line":66,"column":6},"end":{"line":66,"column":59}},"38":{"start":{"line":67,"column":6},"end":{"line":67,"column":62}},"39":{"start":{"line":71,"column":21},"end":{"line":74,"column":5}},"40":{"start":{"line":71,"column":45},"end":{"line":74,"column":3}},"41":{"start":{"line":76,"column":21},"end":{"line":79,"column":3}},"42":{"start":{"line":77,"column":10},"end":{"line":77,"column":76}},"43":{"start":{"line":81,"column":21},"end":{"line":134,"column":3}},"44":{"start":{"line":82,"column":4},"end":{"line":82,"column":30}},"45":{"start":{"line":82,"column":23},"end":{"line":82,"column":30}},"46":{"start":{"line":84,"column":4},"end":{"line":84,"column":25}},"47":{"start":{"line":85,"column":4},"end":{"line":85,"column":23}},"48":{"start":{"line":87,"column":4},"end":{"line":133,"column":5}},"49":{"start":{"line":88,"column":6},"end":{"line":119,"column":7}},"50":{"start":{"line":89,"column":39},"end":{"line":99,"column":10}},"51":{"start":{"line":101,"column":8},"end":{"line":101,"column":43}},"52":{"start":{"line":101,"column":25},"end":{"line":101,"column":43}},"53":{"start":{"line":102,"column":8},"end":{"line":102,"column":68}},"54":{"start":{"line":103,"column":13},"end":{"line":119,"column":7}},"55":{"start":{"line":104,"column":38},"end":{"line":106,"column":10}},"56":{"start":{"line":108,"column":8},"end":{"line":108,"column":41}},"57":{"start":{"line":108,"column":24},"end":{"line":108,"column":41}},"58":{"start":{"line":109,"column":8},"end":{"line":109,"column":77}},"59":{"start":{"line":111,"column":39},"end":{"line":114,"column":10}},"60":{"start":{"line":116,"column":8},"end":{"line":116,"column":43}},"61":{"start":{"line":116,"column":25},"end":{"line":116,"column":43}},"62":{"start":{"line":117,"column":8},"end":{"line":117,"column":37}},"63":{"start":{"line":118,"column":8},"end":{"line":118,"column":22}},"64":{"start":{"line":121,"column":22},"end":{"line":121,"column":62}},"65":{"start":{"line":122,"column":6},"end":{"line":130,"column":7}},"66":{"start":{"line":123,"column":8},"end":{"line":123,"column":76}},"67":{"start":{"line":124,"column":13},"end":{"line":130,"column":7}},"68":{"start":{"line":125,"column":8},"end":{"line":125,"column":76}},"69":{"start":{"line":126,"column":13},"end":{"line":130,"column":7}},"70":{"start":{"line":127,"column":8},"end":{"line":127,"column":69}},"71":{"start":{"line":129,"column":8},"end":{"line":129,"column":77}},"72":{"start":{"line":132,"column":6},"end":{"line":132,"column":28}},"73":{"start":{"line":136,"column":28},"end":{"line":187,"column":3}},"74":{"start":{"line":137,"column":4},"end":{"line":137,"column":23}},"75":{"start":{"line":138,"column":4},"end":{"line":138,"column":25}},"76":{"start":{"line":140,"column":4},"end":{"line":186,"column":5}},"77":{"start":{"line":141,"column":42},"end":{"line":148,"column":8}},"78":{"start":{"line":150,"column":6},"end":{"line":150,"column":39}},"79":{"start":{"line":150,"column":22},"end":{"line":150,"column":39}},"80":{"start":{"line":151,"column":6},"end":{"line":151,"column":63}},"81":{"start":{"line":151,"column":21},"end":{"line":151,"column":63}},"82":{"start":{"line":153,"column":21},"end":{"line":153,"column":80}},"83":{"start":{"line":155,"column":6},"end":{"line":158,"column":7}},"84":{"start":{"line":156,"column":8},"end":{"line":156,"column":30}},"85":{"start":{"line":157,"column":8},"end":{"line":157,"column":15}},"86":{"start":{"line":160,"column":26},"end":{"line":160,"column":45}},"87":{"start":{"line":161,"column":19},"end":{"line":161,"column":55}},"88":{"start":{"line":162,"column":6},"end":{"line":178,"column":7}},"89":{"start":{"line":163,"column":41},"end":{"line":163,"column":89}},"90":{"start":{"line":164,"column":8},"end":{"line":164,"column":47}},"91":{"start":{"line":164,"column":27},"end":{"line":164,"column":47}},"92":{"start":{"line":166,"column":21},"end":{"line":166,"column":55}},"93":{"start":{"line":167,"column":27},"end":{"line":167,"column":52}},"94":{"start":{"line":168,"column":28},"end":{"line":168,"column":58}},"95":{"start":{"line":169,"column":29},"end":{"line":169,"column":60}},"96":{"start":{"line":171,"column":8},"end":{"line":177,"column":9}},"97":{"start":{"line":172,"column":45},"end":{"line":175,"column":12}},"98":{"start":{"line":176,"column":10},"end":{"line":176,"column":53}},"99":{"start":{"line":176,"column":31},"end":{"line":176,"column":53}},"100":{"start":{"line":180,"column":6},"end":{"line":180,"column":35}},"101":{"start":{"line":181,"column":6},"end":{"line":181,"column":20}},"102":{"start":{"line":183,"column":6},"end":{"line":183,"column":77}},"103":{"start":{"line":185,"column":6},"end":{"line":185,"column":28}},"104":{"start":{"line":189,"column":2},"end":{"line":205,"column":3}},"105":{"start":{"line":190,"column":4},"end":{"line":204,"column":6}},"106":{"start":{"line":197,"column":12},"end":{"line":197,"column":34}},"107":{"start":{"line":198,"column":12},"end":{"line":198,"column":32}},"108":{"start":{"line":199,"column":12},"end":{"line":199,"column":28}},"109":{"start":{"line":207,"column":2},"end":{"line":326,"column":4}},"110":{"start":{"line":221,"column":37},"end":{"line":221,"column":66}},"111":{"start":{"line":232,"column":37},"end":{"line":232,"column":65}},"112":{"start":{"line":245,"column":31},"end":{"line":245,"column":57}},"113":{"start":{"line":268,"column":40},"end":{"line":268,"column":72}},"114":{"start":{"line":268,"column":66},"end":{"line":268,"column":71}},"115":{"start":{"line":273,"column":40},"end":{"line":273,"column":69}},"116":{"start":{"line":299,"column":38},"end":{"line":299,"column":85}},"117":{"start":{"line":300,"column":29},"end":{"line":300,"column":56}},"118":{"start":{"line":306,"column":38},"end":{"line":306,"column":85}},"119":{"start":{"line":307,"column":29},"end":{"line":307,"column":58}},"120":{"start":{"line":318,"column":49},"end":{"line":318,"column":98}},"121":{"start":{"line":329,"column":18},"end":{"line":471,"column":2}},"122":{"start":{"line":329,"column":36},"end":{"line":471,"column":2}}},"fnMap":{"0":{"name":"AuthForm","decl":{"start":{"line":22,"column":16},"end":{"line":22,"column":24}},"loc":{"start":{"line":22,"column":92},"end":{"line":327,"column":1}},"line":22},"1":{"name":"(anonymous_1)","decl":{"start":{"line":39,"column":18},"end":{"line":39,"column":19}},"loc":{"start":{"line":39,"column":24},"end":{"line":41,"column":3}},"line":39},"2":{"name":"(anonymous_2)","decl":{"start":{"line":40,"column":11},"end":{"line":40,"column":12}},"loc":{"start":{"line":40,"column":17},"end":{"line":40,"column":47}},"line":40},"3":{"name":"(anonymous_3)","decl":{"start":{"line":43,"column":25},"end":{"line":43,"column":26}},"loc":{"start":{"line":43,"column":43},"end":{"line":43,"column":79}},"line":43},"4":{"name":"(anonymous_4)","decl":{"start":{"line":44,"column":23},"end":{"line":44,"column":24}},"loc":{"start":{"line":44,"column":47},"end":{"line":44,"column":81}},"line":44},"5":{"name":"(anonymous_5)","decl":{"start":{"line":45,"column":30},"end":{"line":45,"column":31}},"loc":{"start":{"line":45,"column":54},"end":{"line":45,"column":95}},"line":45},"6":{"name":"(anonymous_6)","decl":{"start":{"line":50,"column":21},"end":{"line":50,"column":22}},"loc":{"start":{"line":50,"column":74},"end":{"line":69,"column":3}},"line":50},"7":{"name":"(anonymous_7)","decl":{"start":{"line":57,"column":15},"end":{"line":57,"column":16}},"loc":{"start":{"line":57,"column":21},"end":{"line":68,"column":5}},"line":57},"8":{"name":"(anonymous_8)","decl":{"start":{"line":71,"column":38},"end":{"line":71,"column":39}},"loc":{"start":{"line":71,"column":45},"end":{"line":74,"column":3}},"line":71},"9":{"name":"(anonymous_9)","decl":{"start":{"line":77,"column":4},"end":{"line":77,"column":5}},"loc":{"start":{"line":77,"column":10},"end":{"line":77,"column":76}},"line":77},"10":{"name":"(anonymous_10)","decl":{"start":{"line":81,"column":21},"end":{"line":81,"column":22}},"loc":{"start":{"line":81,"column":33},"end":{"line":134,"column":3}},"line":81},"11":{"name":"(anonymous_11)","decl":{"start":{"line":136,"column":28},"end":{"line":136,"column":29}},"loc":{"start":{"line":136,"column":71},"end":{"line":187,"column":3}},"line":136},"12":{"name":"(anonymous_12)","decl":{"start":{"line":196,"column":19},"end":{"line":196,"column":20}},"loc":{"start":{"line":196,"column":25},"end":{"line":200,"column":11}},"line":196},"13":{"name":"(anonymous_13)","decl":{"start":{"line":221,"column":30},"end":{"line":221,"column":31}},"loc":{"start":{"line":221,"column":37},"end":{"line":221,"column":66}},"line":221},"14":{"name":"(anonymous_14)","decl":{"start":{"line":232,"column":30},"end":{"line":232,"column":31}},"loc":{"start":{"line":232,"column":37},"end":{"line":232,"column":65}},"line":232},"15":{"name":"(anonymous_15)","decl":{"start":{"line":245,"column":24},"end":{"line":245,"column":25}},"loc":{"start":{"line":245,"column":31},"end":{"line":245,"column":57}},"line":245},"16":{"name":"(anonymous_16)","decl":{"start":{"line":268,"column":34},"end":{"line":268,"column":35}},"loc":{"start":{"line":268,"column":40},"end":{"line":268,"column":72}},"line":268},"17":{"name":"(anonymous_17)","decl":{"start":{"line":268,"column":56},"end":{"line":268,"column":57}},"loc":{"start":{"line":268,"column":66},"end":{"line":268,"column":71}},"line":268},"18":{"name":"(anonymous_18)","decl":{"start":{"line":273,"column":34},"end":{"line":273,"column":35}},"loc":{"start":{"line":273,"column":40},"end":{"line":273,"column":69}},"line":273},"19":{"name":"(anonymous_19)","decl":{"start":{"line":299,"column":21},"end":{"line":299,"column":22}},"loc":{"start":{"line":299,"column":38},"end":{"line":299,"column":85}},"line":299},"20":{"name":"(anonymous_20)","decl":{"start":{"line":300,"column":23},"end":{"line":300,"column":24}},"loc":{"start":{"line":300,"column":29},"end":{"line":300,"column":56}},"line":300},"21":{"name":"(anonymous_21)","decl":{"start":{"line":306,"column":21},"end":{"line":306,"column":22}},"loc":{"start":{"line":306,"column":38},"end":{"line":306,"column":85}},"line":306},"22":{"name":"(anonymous_22)","decl":{"start":{"line":307,"column":23},"end":{"line":307,"column":24}},"loc":{"start":{"line":307,"column":29},"end":{"line":307,"column":58}},"line":307},"23":{"name":"(anonymous_23)","decl":{"start":{"line":318,"column":43},"end":{"line":318,"column":44}},"loc":{"start":{"line":318,"column":49},"end":{"line":318,"column":98}},"line":318},"24":{"name":"(anonymous_24)","decl":{"start":{"line":329,"column":18},"end":{"line":329,"column":19}},"loc":{"start":{"line":329,"column":36},"end":{"line":471,"column":2}},"line":329}},"branchMap":{"0":{"loc":{"start":{"line":22,"column":27},"end":{"line":22,"column":48}},"type":"default-arg","locations":[{"start":{"line":22,"column":41},"end":{"line":22,"column":48}}],"line":22},"1":{"loc":{"start":{"line":43,"column":43},"end":{"line":43,"column":79}},"type":"binary-expr","locations":[{"start":{"line":43,"column":43},"end":{"line":43,"column":60}},{"start":{"line":43,"column":64},"end":{"line":43,"column":79}}],"line":43},"2":{"loc":{"start":{"line":44,"column":47},"end":{"line":44,"column":81}},"type":"binary-expr","locations":[{"start":{"line":44,"column":47},"end":{"line":44,"column":64}},{"start":{"line":44,"column":68},"end":{"line":44,"column":81}}],"line":44},"3":{"loc":{"start":{"line":45,"column":54},"end":{"line":45,"column":95}},"type":"binary-expr","locations":[{"start":{"line":45,"column":54},"end":{"line":45,"column":71}},{"start":{"line":45,"column":75},"end":{"line":45,"column":95}}],"line":45},"4":{"loc":{"start":{"line":51,"column":4},"end":{"line":51,"column":33}},"type":"if","locations":[{"start":{"line":51,"column":4},"end":{"line":51,"column":33}},{"start":{},"end":{}}],"line":51},"5":{"loc":{"start":{"line":58,"column":6},"end":{"line":58,"column":37}},"type":"if","locations":[{"start":{"line":58,"column":6},"end":{"line":58,"column":37}},{"start":{},"end":{}}],"line":58},"6":{"loc":{"start":{"line":60,"column":6},"end":{"line":62,"column":7}},"type":"if","locations":[{"start":{"line":60,"column":6},"end":{"line":62,"column":7}},{"start":{},"end":{}}],"line":60},"7":{"loc":{"start":{"line":60,"column":10},"end":{"line":60,"column":53}},"type":"binary-expr","locations":[{"start":{"line":60,"column":10},"end":{"line":60,"column":29}},{"start":{"line":60,"column":33},"end":{"line":60,"column":53}}],"line":60},"8":{"loc":{"start":{"line":82,"column":4},"end":{"line":82,"column":30}},"type":"if","locations":[{"start":{"line":82,"column":4},"end":{"line":82,"column":30}},{"start":{},"end":{}}],"line":82},"9":{"loc":{"start":{"line":88,"column":6},"end":{"line":119,"column":7}},"type":"if","locations":[{"start":{"line":88,"column":6},"end":{"line":119,"column":7}},{"start":{"line":103,"column":13},"end":{"line":119,"column":7}}],"line":88},"10":{"loc":{"start":{"line":101,"column":8},"end":{"line":101,"column":43}},"type":"if","locations":[{"start":{"line":101,"column":8},"end":{"line":101,"column":43}},{"start":{},"end":{}}],"line":101},"11":{"loc":{"start":{"line":103,"column":13},"end":{"line":119,"column":7}},"type":"if","locations":[{"start":{"line":103,"column":13},"end":{"line":119,"column":7}},{"start":{"line":110,"column":13},"end":{"line":119,"column":7}}],"line":103},"12":{"loc":{"start":{"line":108,"column":8},"end":{"line":108,"column":41}},"type":"if","locations":[{"start":{"line":108,"column":8},"end":{"line":108,"column":41}},{"start":{},"end":{}}],"line":108},"13":{"loc":{"start":{"line":116,"column":8},"end":{"line":116,"column":43}},"type":"if","locations":[{"start":{"line":116,"column":8},"end":{"line":116,"column":43}},{"start":{},"end":{}}],"line":116},"14":{"loc":{"start":{"line":121,"column":29},"end":{"line":121,"column":47}},"type":"binary-expr","locations":[{"start":{"line":121,"column":29},"end":{"line":121,"column":41}},{"start":{"line":121,"column":45},"end":{"line":121,"column":47}}],"line":121},"15":{"loc":{"start":{"line":122,"column":6},"end":{"line":130,"column":7}},"type":"if","locations":[{"start":{"line":122,"column":6},"end":{"line":130,"column":7}},{"start":{"line":124,"column":13},"end":{"line":130,"column":7}}],"line":122},"16":{"loc":{"start":{"line":122,"column":10},"end":{"line":122,"column":113}},"type":"binary-expr","locations":[{"start":{"line":122,"column":10},"end":{"line":122,"column":53}},{"start":{"line":122,"column":57},"end":{"line":122,"column":90}},{"start":{"line":122,"column":94},"end":{"line":122,"column":113}}],"line":122},"17":{"loc":{"start":{"line":124,"column":13},"end":{"line":130,"column":7}},"type":"if","locations":[{"start":{"line":124,"column":13},"end":{"line":130,"column":7}},{"start":{"line":126,"column":13},"end":{"line":130,"column":7}}],"line":124},"18":{"loc":{"start":{"line":124,"column":17},"end":{"line":124,"column":70}},"type":"binary-expr","locations":[{"start":{"line":124,"column":17},"end":{"line":124,"column":47}},{"start":{"line":124,"column":51},"end":{"line":124,"column":70}}],"line":124},"19":{"loc":{"start":{"line":126,"column":13},"end":{"line":130,"column":7}},"type":"if","locations":[{"start":{"line":126,"column":13},"end":{"line":130,"column":7}},{"start":{"line":128,"column":13},"end":{"line":130,"column":7}}],"line":126},"20":{"loc":{"start":{"line":129,"column":21},"end":{"line":129,"column":75}},"type":"binary-expr","locations":[{"start":{"line":129,"column":21},"end":{"line":129,"column":33}},{"start":{"line":129,"column":37},"end":{"line":129,"column":75}}],"line":129},"21":{"loc":{"start":{"line":150,"column":6},"end":{"line":150,"column":39}},"type":"if","locations":[{"start":{"line":150,"column":6},"end":{"line":150,"column":39}},{"start":{},"end":{}}],"line":150},"22":{"loc":{"start":{"line":151,"column":6},"end":{"line":151,"column":63}},"type":"if","locations":[{"start":{"line":151,"column":6},"end":{"line":151,"column":63}},{"start":{},"end":{}}],"line":151},"23":{"loc":{"start":{"line":155,"column":6},"end":{"line":158,"column":7}},"type":"if","locations":[{"start":{"line":155,"column":6},"end":{"line":158,"column":7}},{"start":{},"end":{}}],"line":155},"24":{"loc":{"start":{"line":155,"column":10},"end":{"line":155,"column":50}},"type":"binary-expr","locations":[{"start":{"line":155,"column":10},"end":{"line":155,"column":35}},{"start":{"line":155,"column":39},"end":{"line":155,"column":50}}],"line":155},"25":{"loc":{"start":{"line":162,"column":6},"end":{"line":178,"column":7}},"type":"if","locations":[{"start":{"line":162,"column":6},"end":{"line":178,"column":7}},{"start":{"line":165,"column":13},"end":{"line":178,"column":7}}],"line":162},"26":{"loc":{"start":{"line":164,"column":8},"end":{"line":164,"column":47}},"type":"if","locations":[{"start":{"line":164,"column":8},"end":{"line":164,"column":47}},{"start":{},"end":{}}],"line":164},"27":{"loc":{"start":{"line":171,"column":8},"end":{"line":177,"column":9}},"type":"if","locations":[{"start":{"line":171,"column":8},"end":{"line":177,"column":9}},{"start":{},"end":{}}],"line":171},"28":{"loc":{"start":{"line":171,"column":12},"end":{"line":171,"column":39}},"type":"binary-expr","locations":[{"start":{"line":171,"column":12},"end":{"line":171,"column":23}},{"start":{"line":171,"column":27},"end":{"line":171,"column":39}}],"line":171},"29":{"loc":{"start":{"line":176,"column":10},"end":{"line":176,"column":53}},"type":"if","locations":[{"start":{"line":176,"column":10},"end":{"line":176,"column":53}},{"start":{},"end":{}}],"line":176},"30":{"loc":{"start":{"line":183,"column":19},"end":{"line":183,"column":75}},"type":"binary-expr","locations":[{"start":{"line":183,"column":19},"end":{"line":183,"column":31}},{"start":{"line":183,"column":35},"end":{"line":183,"column":75}}],"line":183},"31":{"loc":{"start":{"line":189,"column":2},"end":{"line":205,"column":3}},"type":"if","locations":[{"start":{"line":189,"column":2},"end":{"line":205,"column":3}},{"start":{},"end":{}}],"line":189},"32":{"loc":{"start":{"line":209,"column":7},"end":{"line":213,"column":7}},"type":"binary-expr","locations":[{"start":{"line":209,"column":7},"end":{"line":209,"column":12}},{"start":{"line":210,"column":8},"end":{"line":212,"column":15}}],"line":209},"33":{"loc":{"start":{"line":216,"column":9},"end":{"line":241,"column":9}},"type":"binary-expr","locations":[{"start":{"line":216,"column":9},"end":{"line":216,"column":26}},{"start":{"line":217,"column":10},"end":{"line":240,"column":17}}],"line":216},"34":{"loc":{"start":{"line":255,"column":9},"end":{"line":278,"column":9}},"type":"binary-expr","locations":[{"start":{"line":255,"column":9},"end":{"line":255,"column":35}},{"start":{"line":256,"column":10},"end":{"line":277,"column":17}}],"line":255},"35":{"loc":{"start":{"line":269,"column":17},"end":{"line":269,"column":104}},"type":"cond-expr","locations":[{"start":{"line":269,"column":32},"end":{"line":269,"column":68}},{"start":{"line":269,"column":71},"end":{"line":269,"column":104}}],"line":269},"36":{"loc":{"start":{"line":272,"column":13},"end":{"line":276,"column":13}},"type":"binary-expr","locations":[{"start":{"line":272,"column":13},"end":{"line":272,"column":29}},{"start":{"line":273,"column":14},"end":{"line":275,"column":26}}],"line":272},"37":{"loc":{"start":{"line":282,"column":12},"end":{"line":282,"column":94}},"type":"cond-expr","locations":[{"start":{"line":282,"column":31},"end":{"line":282,"column":39}},{"start":{"line":282,"column":42},"end":{"line":282,"column":94}}],"line":282},"38":{"loc":{"start":{"line":282,"column":42},"end":{"line":282,"column":94}},"type":"cond-expr","locations":[{"start":{"line":282,"column":62},"end":{"line":282,"column":71}},{"start":{"line":282,"column":74},"end":{"line":282,"column":94}}],"line":282},"39":{"loc":{"start":{"line":290,"column":9},"end":{"line":312,"column":9}},"type":"binary-expr","locations":[{"start":{"line":290,"column":9},"end":{"line":290,"column":35}},{"start":{"line":291,"column":10},"end":{"line":311,"column":17}}],"line":290},"40":{"loc":{"start":{"line":299,"column":57},"end":{"line":299,"column":84}},"type":"binary-expr","locations":[{"start":{"line":299,"column":57},"end":{"line":299,"column":64}},{"start":{"line":299,"column":68},"end":{"line":299,"column":84}}],"line":299},"41":{"loc":{"start":{"line":306,"column":57},"end":{"line":306,"column":84}},"type":"binary-expr","locations":[{"start":{"line":306,"column":57},"end":{"line":306,"column":64}},{"start":{"line":306,"column":68},"end":{"line":306,"column":84}}],"line":306},"42":{"loc":{"start":{"line":316,"column":13},"end":{"line":316,"column":133}},"type":"cond-expr","locations":[{"start":{"line":316,"column":32},"end":{"line":316,"column":56}},{"start":{"line":316,"column":59},"end":{"line":316,"column":133}}],"line":316},"43":{"loc":{"start":{"line":316,"column":59},"end":{"line":316,"column":133}},"type":"cond-expr","locations":[{"start":{"line":316,"column":79},"end":{"line":316,"column":105}},{"start":{"line":316,"column":108},"end":{"line":316,"column":133}}],"line":316},"44":{"loc":{"start":{"line":318,"column":60},"end":{"line":318,"column":97}},"type":"cond-expr","locations":[{"start":{"line":318,"column":79},"end":{"line":318,"column":87}},{"start":{"line":318,"column":90},"end":{"line":318,"column":97}}],"line":318},"45":{"loc":{"start":{"line":320,"column":15},"end":{"line":320,"column":54}},"type":"cond-expr","locations":[{"start":{"line":320,"column":34},"end":{"line":320,"column":43}},{"start":{"line":320,"column":46},"end":{"line":320,"column":54}}],"line":320}},"s":{"0":0,"1":0,"2":0,"3":0,"4":0,"5":0,"6":0,"7":0,"8":0,"9":0,"10":0,"11":0,"12":0,"13":0,"14":0,"15":0,"16":0,"17":0,"18":0,"19":0,"20":0,"21":0,"22":0,"23":0,"24":0,"25":0,"26":0,"27":0,"28":0,"29":0,"30":0,"31":0,"32":0,"33":0,"34":0,"35":0,"36":0,"37":0,"38":0,"39":0,"40":0,"41":0,"42":0,"43":0,"44":0,"45":0,"46":0,"47":0,"48":0,"49":0,"50":0,"51":0,"52":0,"53":0,"54":0,"55":0,"56":0,"57":0,"58":0,"59":0,"60":0,"61":0,"62":0,"63":0,"64":0,"65":0,"66":0,"67":0,"68":0,"69":0,"70":0,"71":0,"72":0,"73":0,"74":0,"75":0,"76":0,"77":0,"78":0,"79":0,"80":0,"81":0,"82":0,"83":0,"84":0,"85":0,"86":0,"87":0,"88":0,"89":0,"90":0,"91":0,"92":0,"93":0,"94":0,"95":0,"96":0,"97":0,"98":0,"99":0,"100":0,"101":0,"102":0,"103":0,"104":0,"105":0,"106":0,"107":0,"108":0,"109":0,"110":0,"111":0,"112":0,"113":0,"114":0,"115":0,"116":0,"117":0,"118":0,"119":0,"120":0,"121":0,"122":0},"f":{"0":0,"1":0,"2":0,"3":0,"4":0,"5":0,"6":0,"7":0,"8":0,"9":0,"10":0,"11":0,"12":0,"13":0,"14":0,"15":0,"16":0,"17":0,"18":0,"19":0,"20":0,"21":0,"22":0,"23":0,"24":0},"b":{"0":[0],"1":[0,0],"2":[0,0],"3":[0,0],"4":[0,0],"5":[0,0],"6":[0,0],"7":[0,0],"8":[0,0],"9":[0,0],"10":[0,0],"11":[0,0],"12":[0,0],"13":[0,0],"14":[0,0],"15":[0,0],"16":[0,0,0],"17":[0,0],"18":[0,0],"19":[0,0],"20":[0,0],"21":[0,0],"22":[0,0],"23":[0,0],"24":[0,0],"25":[0,0],"26":[0,0],"27":[0,0],"28":[0,0],"29":[0,0],"30":[0,0],"31":[0,0],"32":[0,0],"33":[0,0],"34":[0,0],"35":[0,0],"36":[0,0],"37":[0,0],"38":[0,0],"39":[0,0],"40":[0,0],"41":[0,0],"42":[0,0],"43":[0,0],"44":[0,0],"45":[0,0]}}
,"/Users/taroshmathuria/Documents/fitnyx-mobile/src/features/auth/AuthLanding.tsx": {"path":"/Users/taroshmathuria/Documents/fitnyx-mobile/src/features/auth/AuthLanding.tsx","statementMap":{"0":{"start":{"line":29,"column":34},"end":{"line":29,"column":58}},"1":{"start":{"line":33,"column":27},"end":{"line":33,"column":66}},"2":{"start":{"line":34,"column":29},"end":{"line":34,"column":68}},"3":{"start":{"line":41,"column":27},"end":{"line":41,"column":47}},"4":{"start":{"line":42,"column":30},"end":{"line":42,"column":50}},"5":{"start":{"line":45,"column":4},"end":{"line":63,"column":6}},"6":{"start":{"line":68,"column":21},"end":{"line":68,"column":59}},"7":{"start":{"line":71,"column":38},"end":{"line":71,"column":65}},"8":{"start":{"line":72,"column":19},"end":{"line":72,"column":38}},"9":{"start":{"line":73,"column":20},"end":{"line":73,"column":36}},"10":{"start":{"line":76,"column":27},"end":{"line":76,"column":44}},"11":{"start":{"line":77,"column":24},"end":{"line":77,"column":41}},"12":{"start":{"line":78,"column":25},"end":{"line":78,"column":42}},"13":{"start":{"line":80,"column":25},"end":{"line":85,"column":10}},"14":{"start":{"line":81,"column":8},"end":{"line":81,"column":34}},"15":{"start":{"line":82,"column":8},"end":{"line":82,"column":63}},"16":{"start":{"line":83,"column":8},"end":{"line":83,"column":77}},"17":{"start":{"line":84,"column":8},"end":{"line":84,"column":61}},"18":{"start":{"line":87,"column":27},"end":{"line":91,"column":10}},"19":{"start":{"line":88,"column":8},"end":{"line":88,"column":77}},"20":{"start":{"line":89,"column":8},"end":{"line":89,"column":61}},"21":{"start":{"line":90,"column":8},"end":{"line":90,"column":52}},"22":{"start":{"line":90,"column":25},"end":{"line":90,"column":45}},"23":{"start":{"line":93,"column":4},"end":{"line":103,"column":36}},"24":{"start":{"line":94,"column":28},"end":{"line":100,"column":9}},"25":{"start":{"line":95,"column":12},"end":{"line":98,"column":13}},"26":{"start":{"line":96,"column":16},"end":{"line":96,"column":33}},"27":{"start":{"line":97,"column":16},"end":{"line":97,"column":28}},"28":{"start":{"line":99,"column":12},"end":{"line":99,"column":25}},"29":{"start":{"line":101,"column":29},"end":{"line":101,"column":91}},"30":{"start":{"line":102,"column":8},"end":{"line":102,"column":43}},"31":{"start":{"line":102,"column":21},"end":{"line":102,"column":42}},"32":{"start":{"line":106,"column":29},"end":{"line":116,"column":6}},"33":{"start":{"line":109,"column":23},"end":{"line":114,"column":9}},"34":{"start":{"line":115,"column":8},"end":{"line":115,"column":26}},"35":{"start":{"line":118,"column":24},"end":{"line":128,"column":6}},"36":{"start":{"line":121,"column":23},"end":{"line":126,"column":9}},"37":{"start":{"line":127,"column":8},"end":{"line":127,"column":26}},"38":{"start":{"line":130,"column":31},"end":{"line":148,"column":6}},"39":{"start":{"line":135,"column":30},"end":{"line":140,"column":9}},"40":{"start":{"line":141,"column":27},"end":{"line":146,"column":9}},"41":{"start":{"line":147,"column":8},"end":{"line":147,"column":30}},"42":{"start":{"line":150,"column":29},"end":{"line":152,"column":7}},"43":{"start":{"line":150,"column":53},"end":{"line":152,"column":5}},"44":{"start":{"line":154,"column":34},"end":{"line":156,"column":7}},"45":{"start":{"line":154,"column":58},"end":{"line":156,"column":5}},"46":{"start":{"line":158,"column":23},"end":{"line":161,"column":7}},"47":{"start":{"line":158,"column":47},"end":{"line":161,"column":5}},"48":{"start":{"line":163,"column":30},"end":{"line":187,"column":6}},"49":{"start":{"line":164,"column":18},"end":{"line":164,"column":38}},"50":{"start":{"line":165,"column":19},"end":{"line":165,"column":37}},"51":{"start":{"line":168,"column":25},"end":{"line":168,"column":60}},"52":{"start":{"line":169,"column":26},"end":{"line":169,"column":59}},"53":{"start":{"line":170,"column":26},"end":{"line":170,"column":59}},"54":{"start":{"line":171,"column":26},"end":{"line":171,"column":61}},"55":{"start":{"line":172,"column":26},"end":{"line":172,"column":61}},"56":{"start":{"line":173,"column":26},"end":{"line":173,"column":61}},"57":{"start":{"line":174,"column":26},"end":{"line":174,"column":61}},"58":{"start":{"line":176,"column":19},"end":{"line":176,"column":58}},"59":{"start":{"line":177,"column":20},"end":{"line":177,"column":59}},"60":{"start":{"line":178,"column":20},"end":{"line":178,"column":60}},"61":{"start":{"line":179,"column":20},"end":{"line":179,"column":60}},"62":{"start":{"line":180,"column":20},"end":{"line":180,"column":60}},"63":{"start":{"line":181,"column":20},"end":{"line":181,"column":60}},"64":{"start":{"line":182,"column":20},"end":{"line":182,"column":60}},"65":{"start":{"line":184,"column":8},"end":{"line":186,"column":10}},"66":{"start":{"line":189,"column":4},"end":{"line":281,"column":6}},"67":{"start":{"line":240,"column":47},"end":{"line":240,"column":70}},"68":{"start":{"line":241,"column":56},"end":{"line":244,"column":33}},"69":{"start":{"line":252,"column":58},"end":{"line":252,"column":80}},"70":{"start":{"line":271,"column":40},"end":{"line":271,"column":95}},"71":{"start":{"line":272,"column":40},"end":{"line":272,"column":131}},"72":{"start":{"line":284,"column":15},"end":{"line":394,"column":2}}},"fnMap":{"0":{"name":"TopographicBackground","decl":{"start":{"line":44,"column":9},"end":{"line":44,"column":30}},"loc":{"start":{"line":44,"column":33},"end":{"line":64,"column":1}},"line":44},"1":{"name":"AuthLanding","decl":{"start":{"line":70,"column":16},"end":{"line":70,"column":27}},"loc":{"start":{"line":70,"column":30},"end":{"line":282,"column":1}},"line":70},"2":{"name":"(anonymous_2)","decl":{"start":{"line":80,"column":37},"end":{"line":80,"column":38}},"loc":{"start":{"line":80,"column":65},"end":{"line":85,"column":5}},"line":80},"3":{"name":"(anonymous_3)","decl":{"start":{"line":87,"column":39},"end":{"line":87,"column":40}},"loc":{"start":{"line":87,"column":45},"end":{"line":91,"column":5}},"line":87},"4":{"name":"(anonymous_4)","decl":{"start":{"line":90,"column":19},"end":{"line":90,"column":20}},"loc":{"start":{"line":90,"column":25},"end":{"line":90,"column":45}},"line":90},"5":{"name":"(anonymous_5)","decl":{"start":{"line":93,"column":14},"end":{"line":93,"column":15}},"loc":{"start":{"line":93,"column":20},"end":{"line":103,"column":5}},"line":93},"6":{"name":"(anonymous_6)","decl":{"start":{"line":94,"column":28},"end":{"line":94,"column":29}},"loc":{"start":{"line":94,"column":34},"end":{"line":100,"column":9}},"line":94},"7":{"name":"(anonymous_7)","decl":{"start":{"line":102,"column":15},"end":{"line":102,"column":16}},"loc":{"start":{"line":102,"column":21},"end":{"line":102,"column":42}},"line":102},"8":{"name":"(anonymous_8)","decl":{"start":{"line":106,"column":46},"end":{"line":106,"column":47}},"loc":{"start":{"line":106,"column":52},"end":{"line":116,"column":5}},"line":106},"9":{"name":"(anonymous_9)","decl":{"start":{"line":118,"column":41},"end":{"line":118,"column":42}},"loc":{"start":{"line":118,"column":47},"end":{"line":128,"column":5}},"line":118},"10":{"name":"(anonymous_10)","decl":{"start":{"line":130,"column":48},"end":{"line":130,"column":49}},"loc":{"start":{"line":130,"column":54},"end":{"line":148,"column":5}},"line":130},"11":{"name":"(anonymous_11)","decl":{"start":{"line":150,"column":46},"end":{"line":150,"column":47}},"loc":{"start":{"line":150,"column":53},"end":{"line":152,"column":5}},"line":150},"12":{"name":"(anonymous_12)","decl":{"start":{"line":154,"column":51},"end":{"line":154,"column":52}},"loc":{"start":{"line":154,"column":58},"end":{"line":156,"column":5}},"line":154},"13":{"name":"(anonymous_13)","decl":{"start":{"line":158,"column":40},"end":{"line":158,"column":41}},"loc":{"start":{"line":158,"column":47},"end":{"line":161,"column":5}},"line":158},"14":{"name":"(anonymous_14)","decl":{"start":{"line":163,"column":47},"end":{"line":163,"column":48}},"loc":{"start":{"line":163,"column":53},"end":{"line":187,"column":5}},"line":163},"15":{"name":"(anonymous_15)","decl":{"start":{"line":240,"column":41},"end":{"line":240,"column":42}},"loc":{"start":{"line":240,"column":47},"end":{"line":240,"column":70}},"line":240},"16":{"name":"(anonymous_16)","decl":{"start":{"line":241,"column":39},"end":{"line":241,"column":40}},"loc":{"start":{"line":241,"column":56},"end":{"line":244,"column":33}},"line":241},"17":{"name":"(anonymous_17)","decl":{"start":{"line":252,"column":52},"end":{"line":252,"column":53}},"loc":{"start":{"line":252,"column":58},"end":{"line":252,"column":80}},"line":252},"18":{"name":"(anonymous_18)","decl":{"start":{"line":270,"column":50},"end":{"line":270,"column":51}},"loc":{"start":{
[...]
":{"start":{"line":278,"column":54},"end":{"line":280,"column":3}},"line":278},"23":{"name":"(anonymous_23)","decl":{"start":{"line":282,"column":43},"end":{"line":282,"column":44}},"loc":{"start":{"line":282,"column":55},"end":{"line":284,"column":3}},"line":282},"24":{"name":"(anonymous_24)","decl":{"start":{"line":288,"column":4},"end":{"line":288,"column":5}},"loc":{"start":{"line":288,"column":11},"end":{"line":297,"column":5}},"line":288},"25":{"name":"(anonymous_25)","decl":{"start":{"line":303,"column":4},"end":{"line":303,"column":5}},"loc":{"start":{"line":303,"column":11},"end":{"line":303,"column":38}},"line":303},"26":{"name":"useWorkout","decl":{"start":{"line":316,"column":16},"end":{"line":316,"column":26}},"loc":{"start":{"line":316,"column":29},"end":{"line":322,"column":1}},"line":316},"27":{"name":"useWorkoutTimer","decl":{"start":{"line":324,"column":16},"end":{"line":324,"column":31}},"loc":{"start":{"line":324,"column":34},"end":{"line":330,"column":1}},"line":324}},"branchMap":{"0":{"loc":{"start":{"line":64,"column":4},"end":{"line":67,"column":5}},"type":"if","locations":[{"start":{"line":64,"column":4},"end":{"line":67,"column":5}},{"start":{},"end":{}}],"line":64},"1":{"loc":{"start":{"line":71,"column":4},"end":{"line":76,"column":5}},"type":"if","locations":[{"start":{"line":71,"column":4},"end":{"line":76,"column":5}},{"start":{},"end":{}}],"line":71},"2":{"loc":{"start":{"line":79,"column":4},"end":{"line":106,"column":5}},"type":"if","locations":[{"start":{"line":79,"column":4},"end":{"line":106,"column":5}},{"start":{},"end":{}}],"line":79},"3":{"loc":{"start":{"line":82,"column":8},"end":{"line":99,"column":9}},"type":"if","locations":[{"start":{"line":82,"column":8},"end":{"line":99,"column":9}},{"start":{"line":86,"column":15},"end":{"line":99,"column":9}}],"line":82},"4":{"loc":{"start":{"line":82,"column":12},"end":{"line":82,"column":47}},"type":"binary-expr","locations":[{"start":{"line":82,"column":12},"end":{"line":82,"column":27}},{"start":{"line":82,"column":31},"end":{"line":82,"column":47}}],"line":82},"5":{"loc":{"start":{"line":85,"column":48},"end":{"line":85,"column":76}},"type":"binary-expr","locations":[{"start":{"line":85,"column":48},"end":{"line":85,"column":70}},{"start":{"line":85,"column":74},"end":{"line":85,"column":76}}],"line":85},"6":{"loc":{"start":{"line":89,"column":10},"end":{"line":96,"column":11}},"type":"if","locations":[{"start":{"line":89,"column":10},"end":{"line":96,"column":11}},{"start":{},"end":{}}],"line":89},"7":{"loc":{"start":{"line":91,"column":12},"end":{"line":95,"column":13}},"type":"if","locations":[{"start":{"line":91,"column":12},"end":{"line":95,"column":13}},{"start":{},"end":{}}],"line":91},"8":{"loc":{"start":{"line":91,"column":16},"end":{"line":91,"column":113}},"type":"binary-expr","locations":[{"start":{"line":91,"column":16},"end":{"line":91,"column":30}},{"start":{"line":91,"column":35},"end":{"line":91,"column":74}},{"start":{"line":91,"column":78},"end":{"line":91,"column":112}}],"line":91},"9":{"loc":{"start":{"line":111,"column":6},"end":{"line":122,"column":7}},"type":"if","locations":[{"start":{"line":111,"column":6},"end":{"line":122,"column":7}},{"start":{"line":119,"column":13},"end":{"line":122,"column":7}}],"line":111},"10":{"loc":{"start":{"line":113,"column":8},"end":{"line":118,"column":9}},"type":"if","locations":[{"start":{"line":113,"column":8},"end":{"line":118,"column":9}},{"start":{"line":115,"column":15},"end":{"line":118,"column":9}}],"line":113},"11":{"loc":{"start":{"line":113,"column":12},"end":{"line":113,"column":109}},"type":"binary-expr","locations":[{"start":{"line":113,"column":12},"end":{"line":113,"column":26}},{"start":{"line":113,"column":31},"end":{"line":113,"column":70}},{"start":{"line":113,"column":74},"end":{"line":113,"column":108}}],"line":113},"12":{"loc":{"start":{"line":140,"column":4},"end":{"line":144,"column":5}},"type":"if","locations":[{"start":{"line":140,"column":4},"end":{"line":144,"column":5}},{"start":{},"end":{}}],"line":140},"13":{"loc":{"start":{"line":147,"column":6},"end":{"line":150,"column":7}},"type":"if","locations":[{"start":{"line":147,"column":6},"end":{"line":150,"column":7}},{"start":{},"end":{}}],"line":147},"14":{"loc":{"start":{"line":153,"column":35},"end":{"line":153,"column":92}},"type":"binary-expr","locations":[{"start":{"line":153,"column":35},"end":{"line":153,"column":64}},{"start":{"line":153,"column":68},"end":{"line":153,"column":92}}],"line":153},"15":{"loc":{"start":{"line":159,"column":6},"end":{"line":164,"column":7}},"type":"if","locations":[{"start":{"line":159,"column":6},"end":{"line":164,"column":7}},{"start":{},"end":{}}],"line":159},"16":{"loc":{"start":{"line":159,"column":10},"end":{"line":159,"column":71}},"type":"binary-expr","locations":[{"start":{"line":159,"column":10},"end":{"line":159,"column":38}},{"start":{"line":159,"column":42},"end":{"line":159,"column":71}}],"line":159},"17":{"loc":{"start":{"line":169,"column":4},"end":{"line":169,"column":50}},"type":"if","locations":[{"start":{"line":169,"column":4},"end":{"line":169,"column":50}},{"start":{},"end":{}}],"line":169},"18":{"loc":{"start":{"line":177,"column":4},"end":{"line":177,"column":35}},"type":"if","locations":[{"start":{"line":177,"column":4},"end":{"line":177,"column":35}},{"start":{},"end":{}}],"line":177},"19":{"loc":{"start":{"line":177,"column":8},"end":{"line":177,"column":26}},"type":"binary-expr","locations":[{"start":{"line":177,"column":8},"end":{"line":177,"column":13}},{"start":{"line":177,"column":17},"end":{"line":177,"column":26}}],"line":177},"20":{"loc":{"start":{"line":184,"column":4},"end":{"line":189,"column":5}},"type":"if","locations":[{"start":{"line":184,"column":4},"end":{"line":189,"column":5}},{"start":{"line":187,"column":11},"end":{"line":189,"column":5}}],"line":184},"21":{"loc":{"start":{"line":194,"column":4},"end":{"line":194,"column":68}},"type":"if","locations":[{"start":{"line":194,"column":4},"end":{"line":194,"column":68}},{"start":{},"end":{}}],"line":194},"22":{"loc":{"start":{"line":194,"column":8},"end":{"line":194,"column":59}},"type":"binary-expr","locations":[{"start":{"line":194,"column":8},"end":{"line":194,"column":22}},{"start":{"line":194,"column":26},"end":{"line":194,"column":59}}],"line":194},"23":{"loc":{"start":{"line":197,"column":4},"end":{"line":200,"column":5}},"type":"if","locations":[{"start":{"line":197,"column":4},"end":{"line":200,"column":5}},{"start":{},"end":{}}],"line":197},"24":{"loc":{"start":{"line":205,"column":4},"end":{"line":205,"column":31}},"type":"if","locations":[{"start":{"line":205,"column":4},"end":{"line":205,"column":31}},{"start":{},"end":{}}],"line":205},"25":{"loc":{"start":{"line":208,"column":6},"end":{"line":218,"column":7}},"type":"switch","locations":[{"start":{"line":209,"column":8},"end":{"line":211,"column":16}},{"start":{"line":212,"column":8},"end":{"line":214,"column":16}},{"start":{"line":215,"column":8},"end":{"line":217,"column":16}}],"line":208},"26":{"loc":{"start":{"line":225,"column":4},"end":{"line":225,"column":31}},"type":"if","locations":[{"start":{"line":225,"column":4},"end":{"line":225,"column":31}},{"start":{},"end":{}}],"line":225},"27":{"loc":{"start":{"line":236,"column":4},"end":{"line":236,"column":31}},"type":"if","locations":[{"start":{"line":236,"column":4},"end":{"line":236,"column":31}},{"start":{},"end":{}}],"line":236},"28":{"loc":{"start":{"line":247,"column":4},"end":{"line":247,"column":31}},"type":"if","locations":[{"start":{"line":247,"column":4},"end":{"line":247,"column":31}},{"start":{},"end":{}}],"line":247},"29":{"loc":{"start":{"line":259,"column":4},"end":{"line":259,"column":31}},"type":"if","locations":[{"start":{"line":259,"column":4},"end":{"line":259,"column":31}},{"start":{},"end":{}}],"line":259},"30":{"loc":{"start":{"line":318,"column":2},"end":{"line":320,"column":3}},"type":"if","locations":[{"start":{"line":318,"column":2},"end":{"line":320,"column":3}},{"start":{},"end":{}}],"line":318},"31":{"loc":{"start":{"line":326,"column":2},"end":{"line":328,"column":3}},"type":"if","locations":[{"start":{"line":326,"column":2},"end":{"line":328,"column":3}},{"start":{},"end":{}}],"line":326}},"s":{"0":0,"1":0,"2":0,"3":0,"4":0,"5":0,"6":0,"7":0,"8":0,"9":0,"10":0,"11":0,"12":0,"13":0,"14":0,"15":0,"16":0,"17":0,"18":0,"19":0,"20":0,"21":0,"22":0,"23":0,"24":0,"25":0,"26":0,"27":0,"28":0,"29":0,"30":0,"31":0,"32":0,"33":0,"34":0,"35":0,"36":0,"37":0,"38":0,"39":0,"40":0,"41":0,"42":0,"43":0,"44":0,"45":0,"46":0,"47":0,"48":0,"49":0,"50":0,"51":0,"52":0,"53":0,"54":0,"55":0,"56":0,"57":0,"58":0,"59":0,"60":0,"61":0,"62":0,"63":0,"64":0,"65":0,"66":0,"67":0,"68":0,"69":0,"70":0,"71":0,"72":0,"73":0,"74":0,"75":0,"76":0,"77":0,"78":0,"79":0,"80":0,"81":0,"82":0,"83":0,"84":0,"85":0,"86":0,"87":0,"88":0,"89":0,"90":0,"91":0,"92":0,"93":0,"94":0,"95":0,"96":0,"97":0,"98":0,"99":0,"100":0,"101":0,"102":0,"103":0,"104":0,"105":0,"106":0,"107":0,"108":0,"109":0,"110":0,"111":0,"112":0,"113":0,"114":0,"115":0,"116":0,"117":0,"118":0,"119":0,"120":0,"121":0,"122":0,"123":0,"124":0,"125":0,"126":0,"127":0,"128":0,"129":0,"130":0,"131":0,"132":0,"133":0,"134":0,"135":0,"136":0,"137":0,"138":0,"139":0,"140":0,"141":0,"142":0,"143":0,"144":0,"145":0,"146":0,"147":0,"148":0,"149":0,"150":0,"151":0,"152":0,"153":0,"154":0,"155":0,"156":0,"157":0,"158":0,"159":0,"160":0,"161":0,"162":0,"163":0,"164":0},"f":{"0":0,"1":0,"2":0,"3":0,"4":0,"5":0,"6":0,"7":0,"8":0,"9":0,"10":0,"11":0,"12":0,"13":0,"14":0,"15":0,"16":0,"17":0,"18":0,"19":0,"20":0,"21":0,"22":0,"23":0,"24":0,"25":0,"26":0,"27":0},"b":{"0":[0,0],"1":[0,0],"2":[0,0],"3":[0,0],"4":[0,0],"5":[0,0],"6":[0,0],"7":[0,0],"8":[0,0,0],"9":[0,0],"10":[0,0],"11":[0,0,0],"12":[0,0],"13":[0,0],"14":[0,0],"15":[0,0],"16":[0,0],"17":[0,0],"18":[0,0],"19":[0,0],"20":[0,0],"21":[0,0],"22":[0,0],"23":[0,0],"24":[0,0],"25":[0,0,0],"26":[0,0],"27":[0,0],"28":[0,0],"29":[0,0],"30":[0,0],"31":[0,0]}}
,"/Users/taroshmathuria/Documents/fitnyx-mobile/src/screens/SplashScreen.tsx": {"path":"/Users/taroshmathuria/Documents/fitnyx-mobile/src/screens/SplashScreen.tsx","statementMap":{"0":{"start":{"line":46,"column":21},"end":{"line":46,"column":59}},"1":{"start":{"line":48,"column":28},"end":{"line":48,"column":52}},"2":{"start":{"line":51,"column":18},"end":{"line":51,"column":33}},"3":{"start":{"line":53,"column":16},"end":{"line":53,"column":25}},"4":{"start":{"line":54,"column":11},"end":{"line":54,"column":20}},"5":{"start":{"line":62,"column":26},"end":{"line":62,"column":43}},"6":{"start":{"line":63,"column":26},"end":{"line":63,"column":43}},"7":{"start":{"line":64,"column":24},"end":{"line":64,"column":41}},"8":{"start":{"line":67,"column":22},"end":{"line":67,"column":39}},"9":{"start":{"line":70,"column":17},"end":{"line":70,"column":37}},"10":{"start":{"line":73,"column":18},"end":{"line":73,"column":35}},"11":{"start":{"line":76,"column":18},"end":{"line":76,"column":48}},"12":{"start":{"line":77,"column":25},"end":{"line":77,"column":61}},"13":{"start":{"line":77,"column":43},"end":{"line":77,"column":60}},"14":{"start":{"line":80,"column":24},"end":{"line":80,"column":41}},"15":{"start":{"line":83,"column":25},"end":{"line":83,"column":42}},"16":{"start":{"line":86,"column":20},"end":{"line":86,"column":37}},"17":{"start":{"line":87,"column":22},"end":{"line":87,"column":39}},"18":{"start":{"line":90,"column":17},"end":{"line":90,"column":34}},"19":{"start":{"line":92,"column":2},"end":{"line":181,"column":9}},"20":{"start":{"line":94,"column":4},"end":{"line":97,"column":7}},"21":{"start":{"line":98,"column":4},"end":{"line":101,"column":6}},"22":{"start":{"line":104,"column":4},"end":{"line":107,"column":6}},"23":{"start":{"line":110,"column":4},"end":{"line":113,"column":6}},"24":{"start":{"line":116,"column":4},"end":{"line":119,"column":6}},"25":{"start":{"line":122,"column":4},"end":{"line":128,"column":6}},"26":{"start":{"line":131,"column":23},"end":{"line":131,"column":27}},"27":{"start":{"line":132,"column":20},"end":{"line":132,"column":23}},"28":{"start":{"line":133,"column":4},"end":{"line":138,"column":7}},"29":{"start":{"line":134,"column":6},"end":{"line":137,"column":8}},"30":{"start":{"line":140,"column":4},"end":{"line":152,"column":6}},"31":{"start":{"line":145,"column":43},"end":{"line":148,"column":9}},"32":{"start":{"line":155,"column":26},"end":{"line":155,"column":69}},"33":{"start":{"line":156,"column":4},"end":{"line":156,"column":86}},"34":{"start":{"line":159,"column":4},"end":{"line":165,"column":6}},"35":{"start":{"line":168,"column":4},"end":{"line":171,"column":6}},"36":{"start":{"line":172,"column":4},"end":{"line":175,"column":6}},"37":{"start":{"line":177,"column":4},"end":{"line":180,"column":5}},"38":{"start":{"line":178,"column":20},"end":{"line":178,"column":57}},"39":{"start":{"line":179,"column":6},"end":{"line":179,"column":39}},"40":{"start":{"line":179,"column":19},"end":{"line":179,"column":38}},"41":{"start":{"line":184,"column":23},"end":{"line":186,"column":5}},"42":{"start":{"line":184,"column":47},"end":{"line":186,"column":3}},"43":{"start":{"line":188,"column":23},"end":{"line":190,"column":5}},"44":{"start":{"line":188,"column":47},"end":{"line":190,"column":3}},"45":{"start":{"line":193,"column":20},"end":{"line":196,"column":5}},"46":{"start":{"line":193,"column":44},"end":{"line":196,"column":3}},"47":{"start":{"line":198,"column":27},"end":{"line":200,"column":5}},"48":{"start":{"line":198,"column":51},"end":{"line":200,"column":3}},"49":{"start":{"line":202,"column":20},"end":{"line":204,"column":5}},"50":{"start":{"line":202,"column":44},"end":{"line":204,"column":3}},"51":{"start":{"line":206,"column":27},"end":{"line":211,"column":5}},"52":{"start":{"line":206,"column":51},"end":{"line":211,"column":3}},"53":{"start":{"line":213,"column":21},"end":{"line":219,"column":5}},"54":{"start":{"line":213,"column":45},"end":{"line":219,"column":3}},"55":{"start":{"line":222,"column":23},"end":{"line":230,"column":3}},"56":{"start":{"line":223,"column":4},"end":{"line":229,"column":7}},"57":{"start":{"line":223,"column":28},"end":{"line":229,"column":5}},"58":{"start":{"line":232,"column":22},"end":{"line":234,"column":5}},"59":{"start":{"line":232,"column":46},"end":{"line":234,"column":3}},"60":{"start":{"line":236,"column":23},"end":{"line":238,"column":5}},"61":{"start":{"line":236,"column":47},"end":{"line":238,"column":3}},"62":{"start":{"line":240,"column":2},"end":{"line":315,"column":4}},"63":{"start":{"line":300,"column":14},"end":{"line":302,"column":30}},"64":{"start":{"line":318,"column":15},"end":{"line":388,"column":2}}},"fnMap":{"0":{"name":"SplashScreen","decl":{"start":{"line":60,"column":24},"end":{"line":60,"column":36}},"loc":{"start":{"line":60,"column":69},"end":{"line":316,"column":1}},"line":60},"1":{"name":"(anonymous_1)","decl":{"start":{"line":77,"column":37},"end":{"line":77,"column":38}},"loc":{"start":{"line":77,"column":43},"end":{"line":77,"column":60}},"line":77},"2":{"name":"(anonymous_2)","decl":{"start":{"line":92,"column":12},"end":{"line":92,"column":13}},"loc":{"start":{"line":92,"column":18},"end":{"line":181,"column":3}},"line":92},"3":{"name":"(anonymous_3)","decl":{"start":{"line":133,"column":27},"end":{"line":133,"column":28}},"loc":{"start":{"line":133,"column":38},"end":{"line":138,"column":5}},"line":133},"4":{"name":"(anonymous_4)","decl":{"start":{"line":145,"column":37},"end":{"line":145,"column":38}},"loc":{"start":{"line":145,"column":43},"end":{"line":148,"column":9}},"line":145},"5":{"name":"(anonymous_5)","decl":{"start":{"line":179,"column":13},"end":{"line":179,"column":14}},"loc":{"start":{"line":179,"column":19},"end":{"line":179,"column":38}},"line":179},"6":{"name":"(anonymous_6)","decl":{"start":{"line":184,"column":40},"end":{"line":184,"column":41}},"loc":{"start":{"line":184,"column":47},"end":{"line":186,"column":3}},"line":184},"7":{"name":"(anonymous_7)","decl":{"start":{"line":188,"column":40},"end":{"line":188,"column":41}},"loc":{"start":{"line":188,"column":47},"end":{"line":190,"column":3}},"line":188},"8":{"name":"(anonymous_8)","decl":{"start":{"line":193,"column":37},"end":{"line":193,"column":38}},"loc":{"start":{"line":193,"column":44},"end":{"line":196,"column":3}},"line":193},"9":{"name":"(anonymous_9)","decl":{"start":{"line":198,"column":44},"end":{"line":198,"column":45}},"loc":{"start":{"line":198,"column":51},"end":{"line":200,"column":3}},"line":198},"10":{"name":"(anonymous_10)","decl":{"start":{"line":202,"column":37},"end":{"line":202,"column":38}},"loc":{"start":{"line":202,"column":44},"end":{"line":204,"column":3}},"line":202},"11":{"name":"(anonymous_11)","decl":{"start":{"line":206,"column":44},"end":{"line":206,"column":45}},"loc":{"start":{"line":206,"column":51},"end":{"line":211,"column":3}},"line":206},"12":{"name":"(anonymous_12)","decl":{"start":{"line":213,"column":38},"end":{"line":213,"column":39}},"loc":{"start":{"line":213,"column":45},"end":{"line":219,"column":3}},"line":213},"13":{"name":"(anonymous_13)","decl":{"start":{"line":222,"column":42},"end":{"line":222,"column":43}},"loc":{"start":{"line":223,"column":4},"end":{"line":229,"column":7}},"line":223},"14":{"name":"(anonymous_14)","decl":{"start":{"line":223,"column":21},"end":{"line":223,"column":22}},"loc":{"start":{"line":223,"column":28},"end":{"line":229,"column":5}},"line":223},"15":{"name":"(anonymous_15)","decl":{"start":{"line":232,"column":39},"end":{"line":232,"column":40}},"loc":{"start":{"line":232,"column":46},"end":{"line":234,"column":3}},"line":232},"16":{"name":"(anonymous_16)","decl":{"start":{"line":236,"column":40},"end":{"line":236,"column":41}},"loc":{"start":{"line":236,"column":47},"end":{"line":238,"column":3}},"line":236},"17":{"name":"(anonymous_17)","decl":{"start":{"line":299,"column":25},"end":{"line":299,"column":26}},"loc":{"start":{"line":300,"column":14},"end":{"line":302,"column":30}},"line":300}},"branchMap":{"0":{"loc":{"start":{"line":177,"column":4},"end":{"line":180,"column":5}},"type":"if","locations":[{"start":{"line":177,"column":4},"end":{"line":180,"column":5}},{"start":{},"end":{}}],"line":177}},"s":{"0":0,"1":0,"2":0,"3":0,"4":0,"5":0,"6":0,"7":0,"8":0,"9":0,"10":0,"11":0,"12":0,"13":0,"14":0,"15":0,"16":0,"17":0,"18":0,"19":0,"20":0,"21":0,"22":0,"23":0,"24":0,"25":0,"26":0,"27":0,"28":0,"29":0,"30":0,"31":0,"32":0,"33":0,"34":0,"35":0,"36":0,"37":0,"38":0,"39":0,"40":0,"41":0,"42":0,"43":0,"44":0,"45":0,"46":0,"47":0,"48":0,"49":0,"50":0,"51":0,"52":0,"53":0,"54":0,"55":0,"56":0,"57":0,"58":0,"59":0,"60":0,"61":0,"62":0,"63":0,"64":0},"f":{"0":0,"1":0,"2":0,"3":0,"4":0,"5":0,"6":0,"7":0,"8":0,"9":0,"10":0,"11":0,"12":0,"13":0,"14":0,"15":0,"16":0,"17":0},"b":{"0":[0,0]}}
,"/Users/taroshmathuria/Documents/fitnyx-mobile/src/screens/logoPathData.ts": {"path":"/Users/taroshmathuria/Documents/fitnyx-mobile/src/screens/logoPathData.ts","statementMap":{"0":{"start":{"line":5,"column":28},"end":{"line":5,"column":43}},"1":{"start":{"line":7,"column":27},"end":{"line":7,"column":966}},"2":{"start":{"line":8,"column":34},"end":{"line":8,"column":38}},"3":{"start":{"line":10,"column":27},"end":{"line":10,"column":1274}},"4":{"start":{"line":11,"column":34},"end":{"line":11,"column":38}}},"fnMap":{},"branchMap":{},"s":{"0":0,"1":0,"2":0,"3":0,"4":0},"f":{},"b":{}}
,"/Users/taroshmathuria/Documents/fitnyx-mobile/src/theme/colors.ts": {"path":"/Users/taroshmathuria/Documents/fitnyx-mobile/src/theme/colors.ts","statementMap":{"0":{"start":{"line":1,"column":22},"end":{"line":28,"column":10}}},"fnMap":{},"branchMap":{},"s":{"0":0},"f":{},"b":{}}
,"/Users/taroshmathuria/Documents/fitnyx-mobile/src/theme/typography.ts": {"path":"/Users/taroshmathuria/Documents/fitnyx-mobile/src/theme/typography.ts","statementMap":{"0":{"start":{"line":3,"column":26},"end":{"line":10,"column":1}}},"fnMap":{},"branchMap":{},"s":{"0":0},"f":{},"b":{}}
}
