TN:
SF:src/components/BackendKeepAlive.tsx
FN:8,BackendKeepAlive
FN:11,(anonymous_1)
FN:14,(anonymous_2)
FN:25,(anonymous_3)
FNF:4
FNH:0
FNDA:0,BackendKeepAlive
FNDA:0,(anonymous_1)
FNDA:0,(anonymous_2)
FNDA:0,(anonymous_3)
DA:6,0
DA:9,0
DA:11,0
DA:12,0
DA:14,0
DA:15,0
DA:16,0
DA:22,0
DA:23,0
DA:25,0
DA:28,0
LF:11
LH:0
BRDA:12,0,0,0
BRDA:12,0,1,0
BRF:2
BRH:0
end_of_record
TN:
SF:src/components/SyncManager.tsx
FN:8,SyncManager
FN:11,(anonymous_1)
FN:14,(anonymous_2)
FN:46,(anonymous_3)
FNF:4
FNH:0
FNDA:0,SyncManager
FNDA:0,(anonymous_1)
FNDA:0,(anonymous_2)
FNDA:0,(anonymous_3)
DA:9,0
DA:11,0
DA:12,0
DA:14,0
DA:16,0
DA:17,0
DA:18,0
DA:19,0
DA:20,0
DA:21,0
DA:25,0
DA:27,0
DA:32,0
DA:36,0
DA:37,0
DA:39,0
DA:43,0
DA:44,0
DA:46,0
DA:49,0
LF:20
LH:0
BRDA:12,0,0,0
BRDA:12,0,1,0
BRDA:18,1,0,0
BRDA:18,1,1,0
BRF:4
BRH:0
end_of_record
TN:
SF:src/components/ai/AICoachChat.tsx
FN:26,AICoachChat
FN:33,(anonymous_1)
FN:35,(anonymous_2)
FN:39,(anonymous_3)
FN:42,(anonymous_4)
FN:100,(anonymous_5)
FN:103,(anonymous_6)
FN:111,(anonymous_7)
FN:197,(anonymous_8)
FNF:9
FNH:0
FNDA:0,AICoachChat
FNDA:0,(anonymous_1)
FNDA:0,(anonymous_2)
FNDA:0,(anonymous_3)
FNDA:0,(anonymous_4)
FNDA:0,(anonymous_5)
FNDA:0,(anonymous_6)
FNDA:0,(anonymous_7)
FNDA:0,(anonymous_8)
DA:24,0
DA:27,0
DA:28,0
DA:29,0
DA:30,0
DA:31,0
DA:33,0
DA:34,0
DA:35,0
DA:36,0
DA:39,0
DA:42,0
DA:43,0
DA:44,0
DA:45,0
DA:48,0
DA:101,0
DA:103,0
DA:112,0
DA:197,0
DA:215,0
LF:21
LH:0
BRDA:34,0,0,0
BRDA:34,0,1,0
BRDA:43,1,0,0
BRDA:43,1,1,0
BRDA:52,2,0,0
BRDA:52,2,1,0
BRDA:90,3,0,0
BRDA:90,3,1,0
BRDA:114,4,0,0
BRDA:114,4,1,0
BRDA:116,5,0,0
BRDA:116,5,1,0
BRDA:131,6,0,0
BRDA:131,6,1,0
BRDA:133,7,0,0
BRDA:133,7,1,0
BRDA:136,8,0,0
BRDA:136,8,1,0
BRDA:150,9,0,0
BRDA:150,9,1,0
BRDA:152,10,0,0
BRDA:152,10,1,0
BRDA:152,11,0,0
BRDA:152,11,1,0
BRDA:154,12,0,0
BRDA:154,12,1,0
BRDA:166,13,0,0
BRDA:166,13,1,0
BRDA:202,14,0,0
BRDA:202,14,1,0
BRF:30
BRH:0
end_of_record
TN:
SF:src/components/dashboard/DailyChallengeCard.tsx
FN:6,DailyChallengeCard
FN:17,(anonymous_1)
FNF:2
FNH:0
FNDA:0,DailyChallengeCard
FNDA:0,(anonymous_1)
DA:7,0
DA:9,0
DA:18,0
DA:50,0
LF:4
LH:0
BRF:0
BRH:0
end_of_record
TN:
SF:src/components/dashboard/WeeklyCalendar.tsx
FN:6,WeeklyCalendar
FN:9,(anonymous_1)
FN:31,(anonymous_2)
FNF:3
FNH:0
FNDA:0,WeeklyCalendar
FNDA:0,(anonymous_1)
FNDA:0,(anonymous_2)
DA:7,0
DA:9,0
DA:10,0
DA:12,0
DA:13,0
DA:15,0
DA:16,0
DA:17,0
DA:25,0
DA:28,0
DA:32,0
DA:34,0
DA:87,0
LF:13
LH:0
BRDA:40,0,0,0
BRDA:40,0,1,0
BRDA:41,1,0,0
BRDA:41,1,1,0
BRDA:46,2,0,0
BRDA:46,2,1,0
BRDA:51,3,0,0
BRDA:51,3,1,0
BRDA:61,4,0,0
BRDA:61,4,1,0
BRDA:62,5,0,0
BRDA:62,5,1,0
BRDA:72,6,0,0
BRDA:72,6,1,0
BRF:14
BRH:0
end_of_record
TN:
SF:src/components/navigation/ActiveSessionIndicator.tsx
FN:10,ActiveSessionIndicator
FN:23,(anonymous_1)
FNF:2
FNH:0
FNDA:0,ActiveSessionIndicator
FNDA:0,(anonymous_1)
DA:11,0
DA:12,0
DA:13,0
DA:14,0
DA:15,0
DA:16,0
DA:18,0
DA:20,0
DA:23,0
DA:38,0
LF:10
LH:0
BRDA:18,0,0,0
BRDA:18,0,1,0
BRDA:18,1,0,0
BRDA:18,1,1,0
BRDA:29,2,0,0
BRDA:29,2,1,0
BRF:6
BRH:0
end_of_record
TN:
SF:src/components/navigation/BottomNav.tsx
FN:27,BottomNav
FN:35,(anonymous_1)
FN:40,(anonymous_2)
FN:51,(anonymous_3)
FN:82,(anonymous_4)
FN:83,(anonymous_5)
FN:87,(anonymous_6)
FN:92,(anonymous_7)
FN:93,(anonymous_8)
FN:100,NavItem
FN:102,(anonymous_10)
FN:105,(anonymous_11)
FN:111,(anonymous_12)
FNF:13
FNH:0
FNDA:0,BottomNav
FNDA:0,(anonymous_1)
FNDA:0,(anonymous_2)
FNDA:0,(anonymous_3)
FNDA:0,(anonymous_4)
FNDA:0,(anonymous_5)
FNDA:0,(anonymous_6)
FNDA:0,(anonymous_7)
FNDA:0,(anonymous_8)
FNDA:0,NavItem
FNDA:0,(anonymous_10)
FNDA:0,(anonymous_11)
FNDA:0,(anonymous_12)
DA:10,0
DA:28,0
DA:29,0
DA:30,0
DA:31,0
DA:32,0
DA:33,0
DA:35,0
DA:39,0
DA:41,0
DA:42,0
DA:43,0
DA:44,0
DA:45,0
DA:50,0
DA:51,0
DA:53,0
DA:76,0
DA:77,0
DA:79,0
DA:83,0
DA:87,0
DA:93,0
DA:101,0
DA:102,0
DA:104,0
DA:105,0
DA:111,0
LF:28
LH:0
BRDA:41,0,0,0
BRDA:41,0,1,0
BRDA:43,1,0,0
BRDA:43,1,1,0
BRDA:50,2,0,0
BRDA:50,2,1,0
BRDA:51,3,0,0
BRDA:51,3,1,0
BRDA:51,4,0,0
BRDA:51,4,1,0
BRDA:67,5,0,0
BRDA:67,5,1,0
BRDA:87,6,0,0
BRDA:87,6,1,0
BRDA:105,7,0,0
BRDA:105,7,1,0
BRDA:106,8,0,0
BRDA:106,8,1,0
BRDA:106,9,0,0
BRDA:106,9,1,0
BRF:20
BRH:0
end_of_record
TN:
SF:src/components/ui/Button.tsx
FN:16,Button
FN:42,(anonymous_1)
FNF:2
FNH:2
FNDA:10,Button
FNDA:10,(anonymous_1)
DA:17,10
DA:18,10
DA:20,10
DA:31,10
DA:41,10
DA:42,10
DA:52,1
LF:7
LH:7
BRDA:16,0,0,8
BRDA:16,1,0,5
BRDA:18,2,0,10
BRDA:18,2,1,9
BRDA:22,3,0,10
BRDA:22,3,1,6
BRDA:23,4,0,10
BRDA:23,4,1,1
BRDA:24,5,0,10
BRDA:24,5,1,1
BRDA:25,6,0,10
BRDA:25,6,1,1
BRDA:26,7,0,10
BRDA:26,7,1,1
BRDA:27,8,0,10
BRDA:27,8,1,3
BRDA:33,9,0,10
BRDA:33,9,1,6
BRDA:34,10,0,10
BRDA:34,10,1,1
BRDA:35,11,0,10
BRDA:35,11,1,1
BRDA:36,12,0,10
BRDA:36,12,1,1
BRDA:37,13,0,10
BRDA:37,13,1,1
BRDA:42,14,0,10
BRDA:42,14,1,0
BRDA:43,15,0,2
BRDA:43,15,1,8
BRDA:44,16,0,2
BRDA:44,16,1,0
BRF:32
BRH:30
end_of_record
TN:
SF:src/components/ui/Card.tsx
FN:6,Card
FNF:1
FNH:1
FNDA:2,Card
DA:7,2
DA:9,2
DA:24,1
LF:3
LH:3
BRF:0
BRH:0
end_of_record
TN:
SF:src/components/ui/ConfirmModal.tsx
FN:20,ConfirmModal
FN:32,(anonymous_1)
FN:97,(anonymous_2)
FNF:3
FNH:3
FNDA:7,ConfirmModal
FNDA:7,(anonymous_1)
FNDA:7,(anonymous_2)
DA:18,1
DA:31,7
DA:32,7
DA:34,7
DA:97,7
LF:5
LH:5
BRDA:24,0,0,6
BRDA:25,1,0,6
BRDA:28,2,0,5
BRDA:29,3,0,6
BRDA:48,4,0,1
BRDA:48,4,1,6
BRDA:52,5,0,1
BRDA:52,5,1,6
BRDA:66,6,0,7
BRDA:66,6,1,6
BRDA:80,7,0,1
BRDA:80,7,1,6
BRDA:81,8,0,6
BRDA:81,8,1,1
BRDA:87,9,0,1
BRDA:87,9,1,6
BRF:16
BRH:16
end_of_record
TN:
SF:src/components/ui/Input.tsx
FN:15,(anonymous_0)
FN:19,(anonymous_1)
FNF:2
FNH:2
FNDA:7,(anonymous_0)
FNDA:2,(anonymous_1)
DA:14,1
DA:16,7
DA:19,7
DA:20,2
DA:21,2
DA:24,7
DA:48,1
LF:7
LH:7
BRDA:20,0,0,1
BRDA:20,0,1,1
BRDA:26,1,0,7
BRDA:26,1,1,3
BRDA:33,2,0,1
BRDA:33,2,1,6
BRDA:38,3,0,7
BRDA:38,3,1,7
BRDA:42,4,0,7
BRDA:42,4,1,1
BRF:10
BRH:10
end_of_record
TN:
SF:src/components/ui/Logo.tsx
FN:14,AppIconSvg
FN:38,FullLogoSvg
FNF:2
FNH:0
FNDA:0,AppIconSvg
FNDA:0,FullLogoSvg
DA:15,0
DA:40,0
DA:41,0
DA:43,0
DA:66,0
LF:5
LH:0
BRDA:14,0,0,0
BRDA:14,1,0,0
BRDA:38,2,0,0
BRDA:38,3,0,0
BRF:4
BRH:0
end_of_record
TN:
SF:src/components/ui/PageHeader.tsx
FN:15,PageHeader
FN:19,(anonymous_1)
FNF:2
FNH:0
FNDA:0,PageHeader
FNDA:0,(anonymous_1)
DA:16,0
DA:17,0
DA:19,0
DA:20,0
DA:21,0
DA:22,0
DA:25,0
DA:26,0
DA:27,0
DA:28,0
DA:31,0
DA:32,0
DA:33,0
DA:36,0
DA:39,0
DA:56,0
LF:16
LH:0
BRDA:20,0,0,0
BRDA:20,0,1,0
BRDA:26,1,0,0
BRDA:26,1,1,0
BRDA:31,2,0,0
BRDA:31,2,1,0
BRDA:49,3,0,0
BRDA:49,3,1,0
BRF:8
BRH:0
end_of_record
TN:
SF:src/components/ui/Screen.tsx
FN:14,Screen
FNF:1
FNH:0
FNDA:0,Screen
DA:15,0
DA:16,0
DA:18,0
DA:25,0
DA:42,0
LF:5
LH:0
BRDA:14,0,0,0
BRDA:27,1,0,0
BRDA:27,1,1,0
BRF:3
BRH:0
end_of_record
TN:
SF:src/features/auth/AuthForm.tsx
FN:22,AuthForm
FN:39,(anonymous_1)
FN:40,(anonymous_2)
FN:43,(anonymous_3)
FN:44,(anonymous_4)
FN:45,(anonymous_5)
FN:50,(anonymous_6)
FN:57,(anonymous_7)
FN:71,(anonymous_8)
FN:77,(anonymous_9)
FN:81,(anonymous_10)
FN:136,(anonymous_11)
FN:196,(anonymous_12)
FN:221,(anonymous_13)
FN:232,(anonymous_14)
FN:245,(anonymous_15)
FN:268,(anonymous_16)
FN:268,(anonymous_17)
FN:273,(anonymous_18)
FN:299,(anonymous_19)
FN:300,(anonymous_20)
FN:306,(anonymous_21)
FN:307,(anonymous_22)
FN:318,(anonymous_23)
FN:329,(anonymous_24)
FNF:25
FNH:0
FNDA:0,AuthForm
FNDA:0,(anonymous_1)
FNDA:0,(anonymous_2)
FNDA:0,(anonymous_3)
FNDA:0,(anonymous_4)
FNDA:0,(anonymous_5)
FNDA:0,(anonymous_6)
FNDA:0,(anonymous_7)
FNDA:0,(anonymous_8)
FNDA:0,(anonymous_9)
FNDA:0,(anonymous_10)
FNDA:0,(anonymous_11)
FNDA:0,(anonymous_12)
FNDA:0,(anonymous_13)
FNDA:0,(anonymous_14)
FNDA:0,(anonymous_15)
FNDA:0,(anonymous_16)
FNDA:0,(anonymous_17)
FNDA:0,(anonymous_18)
FNDA:0,(anonymous_19)
FNDA:0,(anonymous_20)
FNDA:0,(anonymous_21)
FNDA:0,(anonymous_22)
FNDA:0,(anonymous_23)
FNDA:0,(anonymous_24)
DA:14,0
DA:23,0
DA:24,0
DA:25,0
DA:27,0
DA:28,0
DA:29,0
DA:30,0
DA:31,0
DA:33,0
DA:34,0
DA:35,0
DA:36,0
DA:38,0
DA:39,0
DA:40,0
DA:43,0
DA:44,0
DA:45,0
DA:47,0
DA:48,0
DA:50,0
DA:51,0
DA:54,0
DA:55,0
DA:57,0
DA:58,0
DA:59,0
DA:60,0
DA:61,0
DA:65,0
DA:66,0
DA:67,0
DA:71,0
DA:76,0
DA:77,0
DA:81,0
DA:82,0
DA:84,0
DA:85,0
DA:87,0
DA:88,0
DA:89,0
DA:101,0
DA:102,0
DA:103,0
DA:104,0
DA:108,0
DA:109,0
DA:111,0
DA:116,0
DA:117,0
DA:118,0
DA:121,0
DA:122,0
DA:123,0
DA:124,0
DA:125,0
DA:126,0
DA:127,0
DA:129,0
DA:132,0
DA:136,0
DA:137,0
DA:138,0
DA:140,0
DA:141,0
DA:150,0
DA:151,0
DA:153,0
DA:155,0
DA:156,0
DA:157,0
DA:160,0
DA:161,0
DA:162,0
DA:163,0
DA:164,0
DA:166,0
DA:167,0
DA:168,0
DA:169,0
DA:171,0
DA:172,0
DA:176,0
DA:180,0
DA:181,0
DA:183,0
DA:185,0
DA:189,0
DA:190,0
DA:197,0
DA:198,0
DA:199,0
DA:207,0
DA:221,0
DA:232,0
DA:245,0
DA:268,0
DA:273,0
DA:299,0
DA:300,0
DA:306,0
DA:307,0
DA:318,0
DA:329,0
LF:106
LH:0
BRDA:22,0,0,0
BRDA:43,1,0,0
BRDA:43,1,1,0
BRDA:44,2,0,0
BRDA:44,2,1,0
BRDA:45,3,0,0
BRDA:45,3,1,0
BRDA:51,4,0,0
BRDA:51,4,1,0
BRDA:58,5,0,0
BRDA:58,5,1,0
BRDA:60,6,0,0
BRDA:60,6,1,0
BRDA:60,7,0,0
BRDA:60,7,1,0
BRDA:82,8,0,0
BRDA:82,8,1,0
BRDA:88,9,0,0
BRDA:88,9,1,0
BRDA:101,10,0,0
BRDA:101,10,1,0
BRDA:103,11,0,0
BRDA:103,11,1,0
BRDA:108,12,0,0
BRDA:108,12,1,0
BRDA:116,13,0,0
BRDA:116,13,1,0
BRDA:121,14,0,0
BRDA:121,14,1,0
BRDA:122,15,0,0
BRDA:122,15,1,0
BRDA:122,16,0,0
BRDA:122,16,1,0
BRDA:122,16,2,0
BRDA:124,17,0,0
BRDA:124,17,1,0
BRDA:124,18,0,0
BRDA:124,18,1,0
BRDA:126,19,0,0
BRDA:126,19,1,0
BRDA:129,20,0,0
BRDA:129,20,1,0
BRDA:150,21,0,0
BRDA:150,21,1,0
BRDA:151,22,0,0
BRDA:151,22,1,0
BRDA:155,23,0,0
BRDA:155,23,1,0
BRDA:155,24,0,0
BRDA:155,24,1,0
BRDA:162,25,0,0
BRDA:162,25,1,0
BRDA:164,26,0,0
BRDA:164,26,1,0
BRDA:171,27,0,0
BRDA:171,27,1,0
BRDA:171,28,0,0
BRDA:171,28,1,0
BRDA:176,29,0,0
BRDA:176,29,1,0
BRDA:183,30,0,0
BRDA:183,30,1,0
BRDA:189,31,0,0
BRDA:189,31,1,0
BRDA:209,32,0,0
BRDA:209,32,1,0
BRDA:216,33,0,0
BRDA:216,33,1,0
BRDA:255,34,0,0
BRDA:255,34,1,0
BRDA:269,35,0,0
BRDA:269,35,1,0
BRDA:272,36,0,0
BRDA:272,36,1,0
BRDA:282,37,0,0
BRDA:282,37,1,0
BRDA:282,38,0,0
BRDA:282,38,1,0
BRDA:290,39,0,0
BRDA:290,39,1,0
BRDA:299,40,0,0
BRDA:299,40,1,0
BRDA:306,41,0,0
BRDA:306,41,1,0
BRDA:316,42,0,0
BRDA:316,42,1,0
BRDA:316,43,0,0
BRDA:316,43,1,0
BRDA:318,44,0,0
BRDA:318,44,1,0
BRDA:320,45,0,0
BRDA:320,45,1,0
BRF:92
BRH:0
end_of_record
TN:
SF:src/features/auth/AuthLanding.tsx
FN:44,TopographicBackground
FN:70,AuthLanding
FN:80,(anonymous_2)
FN:87,(anonymous_3)
FN:90,(anonymous_4)
FN:93,(anonymous_5)
FN:94,(anonymous_6)
FN:102,(anonymous_7)
FN:106,(anonymous_8)
FN:118,(anonymous_9)
FN:130,(anonymous_10)
FN:150,(anonymous_11)
FN:154,(anonymous_12)
FN:158,(anonymous_13)
FN:163,(anonymous_14)
FN:240,(anonymous_15)
FN:241,(anonymous_16)
FN:252,(anonymous_17)
FN:270,(anonymous_18)
FNF:19
FNH:0
FNDA:0,TopographicBackground
FNDA:0,AuthLanding
FNDA:0,(anonymous_2)
FNDA:0,(anonymous_3)
FNDA:0,(anonymous_4)
FNDA:0,(anonymous_5)
FNDA:0,(anonymous_6)
FNDA:0,(anonymous_7)
FNDA:0,(anonymous_8)
FNDA:0,(anonymous_9)
FNDA:0,(anonymous_10)
FNDA:0,(anonymous_11)
FNDA:0,(anonymous_12)
FNDA:0,(anonymous_13)
FNDA:0,(anonymous_14)
FNDA:0,(anonymous_15)
FNDA:0,(anonymous_16)
FNDA:0,(anonymous_17)
FNDA:0,(anonymous_18)
DA:29,0
DA:33,0
DA:34,0
DA:41,0
DA:42,0
DA:45,0
DA:68,0
DA:71,0
DA:72,0
DA:73,0
DA:76,0
DA:77,0
DA:78,0
DA:80,0
DA:81,0
DA:82,0
DA:83,0
DA:84,0
DA:87,0
DA:88,0
DA:89,0
DA:90,0
DA:93,0
DA:94,0
DA:95,0
DA:96,0
DA:97,0
DA:99,0
DA:101,0
DA:102,0
DA:106,0
DA:109,0
DA:115,0
DA:118,0
DA:121,0
DA:127,0
DA:130,0
DA:135,0
DA:141,0
DA:147,0
DA:150,0
DA:154,0
DA:158,0
DA:163,0
DA:164,0
DA:165,0
DA:168,0
DA:169,0
DA:170,0
DA:171,0
DA:172,0
DA:173,0
DA:174,0
DA:176,0
DA:177,0
DA:178,0
DA:179,0
DA:180,0
DA:181,0
DA:182,0
DA:184,0
DA:189,0
DA:240,0
DA:241,0
DA:252,0
DA:271,0
DA:272,0
DA:284,0
LF:68
LH:0
BRDA:33,0,0,0
BRDA:33,0,1,0
BRDA:34,1,0,0
BRDA:34,1,1,0
BRDA:82,2,0,0
BRDA:82,2,1,0
BRDA:95,3,0,0
BRDA:95,3,1,0
BRDA:232,4,0,0
BRDA:232,4,1,0
BRDA:243,5,0,0
BRDA:243,5,1,0
BRDA:265,6,0,0
BRDA:265,6,1,0
BRDA:269,7,0,0
BRDA:269,7,1,0
BRDA:271,8,0,0
BRDA:271,8,1,0
BRDA:272,9,0,0
BRDA:272,9,1,0
BRF:20
BRH:0
end_of_record
TN:
SF:src/features/auth/components/OnboardingCarousel.tsx
FN:40,OnboardingCarousel
FN:48,(anonymous_1)
FN:53,(anonymous_2)
FN:56,(anonymous_3)
FN:61,(anonymous_4)
FN:63,(anonymous_5)
FN:69,(anonymous_6)
FN:72,(anonymous_7)
FN:91,(anonymous_8)
FN:98,(anonymous_9)
FN:104,(anonymous_10)
FN:119,Slide
FN:126,(anonymous_12)
FNF:13
FNH:0
FNDA:0,OnboardingCarousel
FNDA:0,(anonymous_1)
FNDA:0,(anonymous_2)
FNDA:0,(anonymous_3)
FNDA:0,(anonymous_4)
FNDA:0,(anonymous_5)
FNDA:0,(anonymous_6)
FNDA:0,(anonymous_7)
FNDA:0,(anonymous_8)
FNDA:0,(anonymous_9)
FNDA:0,(anonymous_10)
FNDA:0,Slide
FNDA:0,(anonymous_12)
DA:17,0
DA:19,0
DA:38,0
DA:41,0
DA:42,0
DA:43,0
DA:44,0
DA:46,0
DA:48,0
DA:52,0
DA:54,0
DA:57,0
DA:61,0
DA:62,0
DA:63,0
DA:64,0
DA:65,0
DA:66,0
DA:67,0
DA:69,0
DA:72,0
DA:73,0
DA:74,0
DA:75,0
DA:76,0
DA:77,0
DA:78,0
DA:79,0
DA:80,0
DA:82,0
DA:86,0
DA:91,0
DA:98,0
DA:105,0
DA:120,0
DA:126,0
DA:127,0
DA:128,0
DA:131,0
DA:142,0
LF:40
LH:0
BRDA:62,0,0,0
BRDA:62,0,1,0
BRDA:65,1,0,0
BRDA:65,1,1,0
BRDA:75,2,0,0
BRDA:75,2,1,0
BRDA:78,3,0,0
BRDA:78,3,1,0
BRF:8
BRH:0
end_of_record
TN:
SF:src/features/dashboard/DashboardOverview.tsx
FN:26,computeBmi
FN:43,DashboardOverview
FN:46,(anonymous_2)
FN:54,(anonymous_3)
FN:60,(anonymous_4)
FN:99,(anonymous_5)
FN:141,(anonymous_6)
FN:154,(anonymous_7)
FN:159,(anonymous_8)
FN:160,(anonymous_9)
FN:188,GridBackground
FN:191,(anonymous_11)
FN:195,(anonymous_12)
FN:198,(anonymous_13)
FN:205,(anonymous_14)
FNF:15
FNH:0
FNDA:0,computeBmi
FNDA:0,DashboardOverview
FNDA:0,(anonymous_2)
FNDA:0,(anonymous_3)
FNDA:0,(anonymous_4)
FNDA:0,(anonymous_5)
FNDA:0,(anonymous_6)
FNDA:0,(anonymous_7)
FNDA:0,(anonymous_8)
FNDA:0,(anonymous_9)
FNDA:0,GridBackground
FNDA:0,(anonymous_11)
FNDA:0,(anonymous_12)
FNDA:0,(anonymous_13)
FNDA:0,(anonymous_14)
DA:27,0
DA:28,0
DA:29,0
DA:30,0
DA:33,0
DA:44,0
DA:45,0
DA:46,0
DA:47,0
DA:49,0
DA:54,0
DA:57,0
DA:59,0
DA:60,0
DA:89,0
DA:100,0
DA:101,0
DA:141,0
DA:155,0
DA:156,0
DA:159,0
DA:160,0
DA:189,0
DA:190,0
DA:191,0
DA:193,0
DA:196,0
DA:199,0
DA:205,0
LF:29
LH:0
BRDA:27,0,0,0
BRDA:27,0,1,0
BRDA:27,1,0,0
BRDA:27,1,1,0
BRDA:29,2,0,0
BRDA:29,2,1,0
BRDA:57,3,0,0
BRDA:57,3,1,0
BRDA:57,3,2,0
BRDA:63,4,0,0
BRDA:63,4,1,0
BRDA:79,5,0,0
BRDA:79,5,1,0
BRDA:106,6,0,0
BRDA:106,6,1,0
BRDA:147,7,0,0
BRDA:147,7,1,0
BRDA:166,8,0,0
BRDA:166,8,1,0
BRF:19
BRH:0
end_of_record
TN:
SF:src/features/dashboard/ExerciseDetailModal.tsx
FN:19,ExerciseDetailModal
FN:25,(anonymous_1)
FN:81,(anonymous_2)
FN:88,(anonymous_3)
FN:112,(anonymous_4)
FN:113,(anonymous_5)
FN:116,(anonymous_6)
FN:132,(anonymous_7)
FN:133,(anonymous_8)
FN:136,(anonymous_9)
FN:155,(anonymous_10)
FNF:11
FNH:0
FNDA:0,ExerciseDetailModal
FNDA:0,(anonymous_1)
FNDA:0,(anonymous_2)
FNDA:0,(anonymous_3)
FNDA:0,(anonymous_4)
FNDA:0,(anonymous_5)
FNDA:0,(anonymous_6)
FNDA:0,(anonymous_7)
FNDA:0,(anonymous_8)
FNDA:0,(anonymous_9)
FNDA:0,(anonymous_10)
DA:17,0
DA:20,0
DA:21,0
DA:22,0
DA:23,0
DA:25,0
DA:26,0
DA:27,0
DA:28,0
DA:31,0
DA:33,0
DA:82,0
DA:89,0
DA:112,0
DA:114,0
DA:116,0
DA:132,0
DA:134,0
DA:136,0
DA:155,0
LF:20
LH:0
BRDA:22,0,0,0
BRDA:22,0,1,0
BRDA:22,1,0,0
BRDA:22,1,1,0
BRDA:23,2,0,0
BRDA:23,2,1,0
BRDA:23,3,0,0
BRDA:23,3,1,0
BRDA:23,4,0,0
BRDA:23,4,1,0
BRDA:25,5,0,0
BRDA:25,5,1,0
BRDA:31,6,0,0
BRDA:31,6,1,0
BRDA:47,7,0,0
BRDA:47,7,1,0
BRDA:54,8,0,0
BRDA:54,8,1,0
BRDA:66,9,0,0
BRDA:66,9,1,0
BRDA:77,10,0,0
BRDA:77,10,1,0
BRDA:102,11,0,0
BRDA:102,11,1,0
BRDA:107,12,0,0
BRDA:107,12,1,0
BRDA:127,13,0,0
BRDA:127,13,1,0
BRF:28
BRH:0
end_of_record
TN:
SF:src/features/dashboard/MobileDashboard.tsx
FN:18,MobileDashboard
FN:26,(anonymous_1)
FNF:2
FNH:0
FNDA:0,MobileDashboard
FNDA:0,(anonymous_1)
DA:11,0
DA:19,0
DA:21,0
DA:26,0
DA:29,0
DA:31,0
DA:32,0
DA:39,0
DA:64,0
LF:9
LH:0
BRDA:29,0,0,0
BRDA:29,0,1,0
BRDA:29,0,2,0
BRDA:31,1,0,0
BRDA:31,1,1,0
BRDA:49,2,0,0
BRDA:49,2,1,0
BRDA:50,3,0,0
BRDA:50,3,1,0
BRDA:50,4,0,0
BRDA:50,4,1,0
BRDA:53,5,0,0
BRDA:53,5,1,0
BRF:13
BRH:0
end_of_record
TN:
SF:src/features/dashboard/MobileHome.tsx
FN:24,MobileHome
FN:111,(anonymous_1)
FNF:2
FNH:0
FNDA:0,MobileHome
FNDA:0,(anonymous_1)
DA:17,0
DA:25,0
DA:26,0
DA:27,0
DA:28,0
DA:29,0
DA:31,0
DA:33,0
DA:34,0
DA:41,0
DA:111,0
LF:11
LH:0
BRDA:31,0,0,0
BRDA:31,0,1,0
BRDA:31,0,2,0
BRDA:33,1,0,0
BRDA:33,1,1,0
BRDA:49,2,0,0
BRDA:49,2,1,0
BRDA:81,3,0,0
BRDA:81,3,1,0
BRF:9
BRH:0
end_of_record
TN:
SF:src/features/dashboard/components/Achievements.tsx
FN:18,Achievements
FN:27,(anonymous_1)
FN:36,(anonymous_2)
FN:38,(anonymous_3)
FN:52,(anonymous_4)
FNF:5
FNH:0
FNDA:0,Achievements
FNDA:0,(anonymous_1)
FNDA:0,(anonymous_2)
FNDA:0,(anonymous_3)
FNDA:0,(anonymous_4)
DA:9,0
DA:11,0
DA:19,0
DA:20,0
DA:21,0
DA:23,0
DA:27,0
DA:36,0
DA:39,0
DA:52,0
LF:10
LH:0
BRDA:40,0,0,0
BRDA:40,0,1,0
BRDA:40,1,0,0
BRDA:40,1,1,0
BRDA:41,2,0,0
BRDA:41,2,1,0
BRF:6
BRH:0
end_of_record
TN:
SF:src/features/dashboard/components/ActiveMissionCard.tsx
FN:15,ActiveMissionCard
FN:18,(anonymous_1)
FN:31,(anonymous_2)
FNF:3
FNH:0
FNDA:0,ActiveMissionCard
FNDA:0,(anonymous_1)
FNDA:0,(anonymous_2)
DA:6,0
DA:7,0
DA:16,0
DA:18,0
DA:19,0
DA:20,0
DA:21,0
DA:24,0
DA:25,0
DA:26,0
DA:28,0
DA:31,0
DA:55,0
LF:13
LH:0
BRDA:19,0,0,0
BRDA:19,0,1,0
BRDA:20,1,0,0
BRDA:20,1,1,0
BRDA:24,2,0,0
BRDA:24,2,1,0
BRDA:24,3,0,0
BRDA:24,3,1,0
BRDA:25,4,0,0
BRDA:25,4,1,0
BRDA:25,5,0,0
BRDA:25,5,1,0
BRDA:25,6,0,0
BRDA:25,6,1,0
BRDA:26,7,0,0
BRDA:26,7,1,0
BRDA:33,8,0,0
BRDA:33,8,1,0
BRDA:40,9,0,0
BRDA:40,9,1,0
BRF:20
BRH:0
end_of_record
TN:
SF:src/features/dashboard/components/ActivityHeatmap.tsx
FN:16,getWeeksGrid
FN:46,getIntensityColor
FN:53,getIntensityBorder
FN:65,ActivityHeatmap
FN:70,(anonymous_4)
FN:74,(anonymous_5)
FN:76,(anonymous_6)
FN:77,(anonymous_7)
FN:85,(anonymous_8)
FN:89,(anonymous_9)
FN:95,(anonymous_10)
FN:98,(anonymous_11)
FN:134,(anonymous_12)
FN:151,(anonymous_13)
FN:162,(anonymous_14)
FN:164,(anonymous_15)
FN:171,(anonymous_16)
FN:189,(anonymous_17)
FN:242,(anonymous_18)
FNF:19
FNH:0
FNDA:0,getWeeksGrid
FNDA:0,getIntensityColor
FNDA:0,getIntensityBorder
FNDA:0,ActivityHeatmap
FNDA:0,(anonymous_4)
FNDA:0,(anonymous_5)
FNDA:0,(anonymous_6)
FNDA:0,(anonymous_7)
FNDA:0,(anonymous_8)
FNDA:0,(anonymous_9)
FNDA:0,(anonymous_10)
FNDA:0,(anonymous_11)
FNDA:0,(anonymous_12)
FNDA:0,(anonymous_13)
FNDA:0,(anonymous_14)
FNDA:0,(anonymous_15)
FNDA:0,(anonymous_16)
FNDA:0,(anonymous_17)
FNDA:0,(anonymous_18)
DA:9,0
DA:10,0
DA:11,0
DA:12,0
DA:13,0
DA:14,0
DA:17,0
DA:18,0
DA:20,0
DA:21,0
DA:22,0
DA:24,0
DA:25,0
DA:27,0
DA:28,0
DA:30,0
DA:31,0
DA:32,0
DA:37,0
DA:40,0
DA:43,0
DA:47,0
DA:48,0
DA:49,0
DA:50,0
DA:54,0
DA:55,0
DA:66,0
DA:67,0
DA:68,0
DA:69,0
DA:70,0
DA:71,0
DA:74,0
DA:75,0
DA:76,0
DA:77,0
DA:78,0
DA:81,0
DA:85,0
DA:86,0
DA:87,0
DA:88,0
DA:89,0
DA:90,0
DA:92,0
DA:95,0
DA:96,0
DA:97,0
DA:98,0
DA:99,0
DA:100,0
DA:101,0
DA:105,0
DA:108,0
DA:111,0
DA:118,0
DA:135,0
DA:152,0
DA:163,0
DA:165,0
DA:166,0
DA:167,0
DA:168,0
DA:171,0
DA:190,0
DA:242,0
LF:67
LH:0
BRDA:31,0,0,0
BRDA:31,0,1,0
BRDA:47,1,0,0
BRDA:47,1,1,0
BRDA:47,2,0,0
BRDA:47,2,1,0
BRDA:48,3,0,0
BRDA:48,3,1,0
BRDA:49,4,0,0
BRDA:49,4,1,0
BRDA:54,5,0,0
BRDA:54,5,1,0
BRDA:54,6,0,0
BRDA:54,6,1,0
BRDA:78,7,0,0
BRDA:78,7,1,0
BRDA:86,8,0,0
BRDA:86,8,1,0
BRDA:90,9,0,0
BRDA:90,9,1,0
BRDA:100,10,0,0
BRDA:100,10,1,0
BRDA:127,11,0,0
BRDA:127,11,1,0
BRDA:165,12,0,0
BRDA:165,12,1,0
BRDA:171,13,0,0
BRDA:171,13,1,0
BRDA:176,14,0,0
BRDA:176,14,1,0
BRDA:176,15,0,0
BRDA:176,15,1,0
BRDA:177,16,0,0
BRDA:177,16,1,0
BRDA:177,17,0,0
BRDA:177,17,1,0
BRDA:203,18,0,0
BRDA:203,18,1,0
BRDA:214,19,0,0
BRDA:214,19,1,0
BRDA:216,20,0,0
BRDA:216,20,1,0
BRDA:224,21,0,0
BRDA:224,21,1,0
BRDA:359,22,0,0
BRDA:359,22,1,0
BRDA:382,23,0,0
BRDA:382,23,1,0
BRF:48
BRH:0
end_of_record
TN:
SF:src/features/dashboard/components/DashboardStats.tsx
FN:18,bmiToPercent
FN:22,DashboardStats
FN:25,(anonymous_2)
FN:27,(anonymous_3)
FN:87,(anonymous_4)
FNF:5
FNH:0
FNDA:0,bmiToPercent
FNDA:0,DashboardStats
FNDA:0,(anonymous_2)
FNDA:0,(anonymous_3)
FNDA:0,(anonymous_4)
DA:9,0
DA:19,0
DA:23,0
DA:24,0
DA:25,0
DA:27,0
DA:28,0
DA:31,0
DA:32,0
DA:33,0
DA:34,0
DA:36,0
DA:87,0
LF:13
LH:0
BRDA:31,0,0,0
BRDA:31,0,1,0
BRDA:32,1,0,0
BRDA:32,1,1,0
BRDA:33,2,0,0
BRDA:33,2,1,0
BRDA:34,3,0,0
BRDA:34,3,1,0
BRF:8
BRH:0
end_of_record
TN:
SF:src/features/dashboard/components/LevelProgress.tsx
FN:17,LevelProgress
FN:54,(anonymous_1)
FNF:2
FNH:0
FNDA:0,LevelProgress
FNDA:0,(anonymous_1)
DA:8,0
DA:18,0
DA:19,0
DA:20,0
DA:54,0
LF:5
LH:0
BRF:0
BRH:0
end_of_record
TN:
SF:src/features/dashboard/components/PerformanceStats.tsx
FN:15,PerformanceStats
FN:68,(anonymous_1)
FNF:2
FNH:0
FNDA:0,PerformanceStats
FNDA:0,(anonymous_1)
DA:7,0
DA:16,0
DA:17,0
DA:18,0
DA:68,0
LF:5
LH:0
BRDA:15,0,0,0
BRF:1
BRH:0
end_of_record
TN:
SF:src/features/dashboard/components/ProfileHeader.tsx
FN:11,getGreeting
FN:28,ProfileHeader
FN:82,(anonymous_2)
FN:94,(anonymous_3)
FNF:4
FNH:0
FNDA:0,getGreeting
FNDA:0,ProfileHeader
FNDA:0,(anonymous_2)
FNDA:0,(anonymous_3)
DA:8,0
DA:9,0
DA:12,0
DA:13,0
DA:14,0
DA:15,0
DA:29,0
DA:30,0
DA:31,0
DA:33,0
DA:34,0
DA:49,0
DA:82,0
DA:94,0
LF:14
LH:0
BRDA:13,0,0,0
BRDA:13,0,1,0
BRDA:14,1,0,0
BRDA:14,1,1,0
BRDA:28,2,0,0
BRDA:28,3,0,0
BRDA:28,4,0,0
BRDA:28,5,0,0
BRDA:33,6,0,0
BRDA:33,6,1,0
BRDA:66,7,0,0
BRDA:66,7,1,0
BRDA:68,8,0,0
BRDA:68,8,1,0
BRDA:70,9,0,0
BRDA:70,9,1,0
BRDA:71,10,0,0
BRDA:71,10,1,0
BRDA:83,11,0,0
BRDA:83,11,1,0
BRF:20
BRH:0
end_of_record
TN:
SF:src/features/dashboard/components/QuickActionsGrid.tsx
FN:23,QuickActionsGrid
FN:27,(anonymous_1)
FN:31,(anonymous_2)
FN:32,(anonymous_3)
FN:33,(anonymous_4)
FN:34,(anonymous_5)
FN:35,(anonymous_6)
FN:36,(anonymous_7)
FN:37,(anonymous_8)
FN:44,(anonymous_9)
FN:48,(anonymous_10)
FN:73,(anonymous_11)
FNF:12
FNH:0
FNDA:0,QuickActionsGrid
FNDA:0,(anonymous_1)
FNDA:0,(anonymous_2)
FNDA:0,(anonymous_3)
FNDA:0,(anonymous_4)
FNDA:0,(anonymous_5)
FNDA:0,(anonymous_6)
FNDA:0,(anonymous_7)
FNDA:0,(anonymous_8)
FNDA:0,(anonymous_9)
FNDA:0,(anonymous_10)
FNDA:0,(anonymous_11)
DA:19,0
DA:20,0
DA:21,0
DA:24,0
DA:25,0
DA:26,0
DA:27,0
DA:29,0
DA:31,0
DA:32,0
DA:33,0
DA:34,0
DA:35,0
DA:36,0
DA:37,0
DA:40,0
DA:45,0
DA:48,0
DA:73,0
LF:19
LH:0
BRDA:50,0,0,0
BRDA:50,0,1,0
BRDA:58,1,0,0
BRDA:58,1,1,0
BRF:4
BRH:0
end_of_record
TN:
SF:src/features/diet/DietPlanView.tsx
FN:33,parseMacroGrams
FN:38,getMealEmoji
FN:74,normalizeFoodItem
FN:87,getAlternatives
FN:93,MacroBar
FN:95,(anonymous_5)
FN:113,FoodItemCard
FN:115,(anonymous_7)
FN:131,(anonymous_8)
FN:156,DietPlanView
FN:158,(anonymous_10)
FN:168,(anonymous_11)
FN:168,(anonymous_12)
FN:207,(anonymous_13)
FN:214,(anonymous_14)
FN:241,(anonymous_15)
FN:271,(anonymous_16)
FN:289,(anonymous_17)
FN:303,(anonymous_18)
FN:313,(anonymous_19)
FNF:20
FNH:0
FNDA:0,parseMacroGrams
FNDA:0,getMealEmoji
FNDA:0,normalizeFoodItem
FNDA:0,getAlternatives
FNDA:0,MacroBar
FNDA:0,(anonymous_5)
FNDA:0,FoodItemCard
FNDA:0,(anonymous_7)
FNDA:0,(anonymous_8)
FNDA:0,DietPlanView
FNDA:0,(anonymous_10)
FNDA:0,(anonymous_11)
FNDA:0,(anonymous_12)
FNDA:0,(anonymous_13)
FNDA:0,(anonymous_14)
FNDA:0,(anonymous_15)
FNDA:0,(anonymous_16)
FNDA:0,(anonymous_17)
FNDA:0,(anonymous_18)
FNDA:0,(anonymous_19)
DA:22,0
DA:34,0
DA:35,0
DA:39,0
DA:40,0
DA:41,0
DA:42,0
DA:43,0
DA:44,0
DA:45,0
DA:46,0
DA:56,0
DA:65,0
DA:75,0
DA:76,0
DA:83,0
DA:84,0
DA:88,0
DA:94,0
DA:95,0
DA:96,0
DA:97,0
DA:114,0
DA:115,0
DA:116,0
DA:132,0
DA:133,0
DA:134,0
DA:157,0
DA:158,0
DA:159,0
DA:160,0
DA:162,0
DA:163,0
DA:164,0
DA:165,0
DA:167,0
DA:168,0
DA:171,0
DA:175,0
DA:208,0
DA:209,0
DA:211,0
DA:214,0
DA:242,0
DA:272,0
DA:289,0
DA:303,0
DA:313,0
LF:49
LH:0
BRDA:35,0,0,0
BRDA:35,0,1,0
BRDA:40,1,0,0
BRDA:40,1,1,0
BRDA:40,2,0,0
BRDA:40,2,1,0
BRDA:41,3,0,0
BRDA:41,3,1,0
BRDA:41,4,0,0
BRDA:41,4,1,0
BRDA:42,5,0,0
BRDA:42,5,1,0
BRDA:42,6,0,0
BRDA:42,6,1,0
BRDA:43,7,0,0
BRDA:43,7,1,0
BRDA:44,8,0,0
BRDA:44,8,1,0
BRDA:44,9,0,0
BRDA:44,9,1,0
BRDA:45,10,0,0
BRDA:45,10,1,0
BRDA:45,11,0,0
BRDA:45,11,1,0
BRDA:75,12,0,0
BRDA:75,12,1,0
BRDA:75,13,0,0
BRDA:75,13,1,0
BRDA:75,13,2,0
BRDA:88,14,0,0
BRDA:88,14,1,0
BRDA:88,14,2,0
BRDA:88,14,3,0
BRDA:96,15,0,0
BRDA:96,15,1,0
BRDA:113,16,0,0
BRDA:117,17,0,0
BRDA:117,17,1,0
BRDA:120,18,0,0
BRDA:120,18,1,0
BRDA:121,19,0,0
BRDA:121,19,1,0
BRDA:129,20,0,0
BRDA:129,20,1,0
BRDA:132,21,0,0
BRDA:132,21,1,0
BRDA:133,22,0,0
BRDA:133,22,1,0
BRDA:138,23,0,0
BRDA:138,23,1,0
BRDA:147,24,0,0
BRDA:147,24,1,0
BRDA:147,24,2,0
BRDA:147,24,3,0
BRDA:168,25,0,0
BRDA:168,25,1,0
BRDA:171,26,0,0
BRDA:171,26,1,0
BRDA:212,27,0,0
BRDA:212,27,1,0
BRDA:214,28,0,0
BRDA:214,28,1,0
BRDA:231,29,0,0
BRDA:231,29,1,0
BRDA:235,30,0,0
BRDA:235,30,1,0
BRDA:263,31,0,0
BRDA:263,31,1,0
BRDA:289,32,0,0
BRDA:289,32,1,0
BRDA:291,33,0,0
BRDA:291,33,1,0
BRDA:303,34,0,0
BRDA:303,34,1,0
BRF:74
BRH:0
end_of_record
TN:
SF:src/features/diet/DietWizard.tsx
FN:17,DietWizard
FN:19,(anonymous_1)
FN:33,(anonymous_2)
FN:34,(anonymous_3)
FN:37,(anonymous_4)
FN:39,(anonymous_5)
FN:45,(anonymous_6)
FN:47,(anonymous_7)
FN:61,(anonymous_8)
FN:93,(anonymous_9)
FN:105,(anonymous_10)
FN:120,(anonymous_11)
FN:122,(anonymous_12)
FN:135,(anonymous_13)
FN:147,(anonymous_14)
FN:164,(anonymous_15)
FN:172,(anonymous_16)
FN:174,(anonymous_17)
FN:184,(anonymous_18)
FN:186,(anonymous_19)
FN:199,(anonymous_20)
FN:203,(anonymous_21)
FN:217,(anonymous_22)
FN:225,(anonymous_23)
FN:243,OptionGroup
FN:255,(anonymous_25)
FN:260,(anonymous_26)
FN:265,(anonymous_27)
FN:266,(anonymous_28)
FN:283,CheckboxGroup
FN:295,(anonymous_30)
FN:296,(anonymous_31)
FN:298,(anonymous_32)
FN:308,(anonymous_33)
FN:313,(anonymous_34)
FN:314,(anonymous_35)
FN:331,(anonymous_36)
FNF:37
FNH:0
FNDA:0,DietWizard
FNDA:0,(anonymous_1)
FNDA:0,(anonymous_2)
FNDA:0,(anonymous_3)
FNDA:0,(anonymous_4)
FNDA:0,(anonymous_5)
FNDA:0,(anonymous_6)
FNDA:0,(anonymous_7)
FNDA:0,(anonymous_8)
FNDA:0,(anonymous_9)
FNDA:0,(anonymous_10)
FNDA:0,(anonymous_11)
FNDA:0,(anonymous_12)
FNDA:0,(anonymous_13)
FNDA:0,(anonymous_14)
FNDA:0,(anonymous_15)
FNDA:0,(anonymous_16)
FNDA:0,(anonymous_17)
FNDA:0,(anonymous_18)
FNDA:0,(anonymous_19)
FNDA:0,(anonymous_20)
FNDA:0,(anonymous_21)
FNDA:0,(anonymous_22)
FNDA:0,(anonymous_23)
FNDA:0,OptionGroup
FNDA:0,(anonymous_25)
FNDA:0,(anonymous_26)
FNDA:0,(anonymous_27)
FNDA:0,(anonymous_28)
FNDA:0,CheckboxGroup
FNDA:0,(anonymous_30)
FNDA:0,(anonymous_31)
FNDA:0,(anonymous_32)
FNDA:0,(anonymous_33)
FNDA:0,(anonymous_34)
FNDA:0,(anonymous_35)
FNDA:0,(anonymous_36)
DA:14,0
DA:15,0
DA:18,0
DA:19,0
DA:20,0
DA:21,0
DA:33,0
DA:34,0
DA:37,0
DA:38,0
DA:39,0
DA:40,0
DA:42,0
DA:45,0
DA:46,0
DA:47,0
DA:51,0
DA:62,0
DA:63,0
DA:64,0
DA:93,0
DA:105,0
DA:120,0
DA:122,0
DA:135,0
DA:147,0
DA:164,0
DA:172,0
DA:174,0
DA:184,0
DA:186,0
DA:199,0
DA:203,0
DA:217,0
DA:225,0
DA:254,0
DA:255,0
DA:256,0
DA:261,0
DA:262,0
DA:265,0
DA:266,0
DA:294,0
DA:295,0
DA:296,0
DA:297,0
DA:298,0
DA:299,0
DA:301,0
DA:304,0
DA:309,0
DA:310,0
DA:313,0
DA:314,0
DA:331,0
LF:55
LH:0
BRDA:38,0,0,0
BRDA:38,0,1,0
BRDA:46,1,0,0
BRDA:46,1,1,0
BRDA:68,2,0,0
BRDA:68,2,1,0
BRDA:69,3,0,0
BRDA:69,3,1,0
BRDA:71,4,0,0
BRDA:71,4,1,0
BRDA:74,5,0,0
BRDA:74,5,1,0
BRDA:77,6,0,0
BRDA:77,6,1,0
BRDA:78,7,0,0
BRDA:78,7,1,0
BRDA:79,8,0,0
BRDA:79,8,1,0
BRDA:88,9,0,0
BRDA:88,9,1,0
BRDA:130,10,0,0
BRDA:130,10,1,0
BRDA:159,11,0,0
BRDA:159,11,1,0
BRDA:213,12,0,0
BRDA:213,12,1,0
BRDA:217,13,0,0
BRDA:217,13,1,0
BRDA:225,14,0,0
BRDA:225,14,1,0
BRDA:227,15,0,0
BRDA:227,15,1,0
BRDA:232,16,0,0
BRDA:232,16,1,0
BRDA:268,17,0,0
BRDA:268,17,1,0
BRDA:269,18,0,0
BRDA:269,18,1,0
BRDA:272,19,0,0
BRDA:272,19,1,0
BRDA:297,20,0,0
BRDA:297,20,1,0
BRDA:316,21,0,0
BRDA:316,21,1,0
BRDA:317,22,0,0
BRDA:317,22,1,0
BRDA:320,23,0,0
BRDA:320,23,1,0
BRF:48
BRH:0
end_of_record
TN:
SF:src/features/home/MobileOnboarding.tsx
FN:56,MobileOnboarding
FN:66,(anonymous_1)
FN:79,(anonymous_2)
FN:83,(anonymous_3)
FN:84,(anonymous_4)
FN:105,(anonymous_5)
FN:113,(anonymous_6)
FN:119,(anonymous_7)
FN:125,(anonymous_8)
FN:132,(anonymous_9)
FN:140,(anonymous_10)
FN:144,(anonymous_11)
FN:169,(anonymous_12)
FN:198,(anonymous_13)
FN:199,(anonymous_14)
FN:213,(anonymous_15)
FN:234,(anonymous_16)
FN:239,(anonymous_17)
FN:247,(anonymous_18)
FNF:19
FNH:0
FNDA:0,MobileOnboarding
FNDA:0,(anonymous_1)
FNDA:0,(anonymous_2)
FNDA:0,(anonymous_3)
FNDA:0,(anonymous_4)
FNDA:0,(anonymous_5)
FNDA:0,(anonymous_6)
FNDA:0,(anonymous_7)
FNDA:0,(anonymous_8)
FNDA:0,(anonymous_9)
FNDA:0,(anonymous_10)
FNDA:0,(anonymous_11)
FNDA:0,(anonymous_12)
FNDA:0,(anonymous_13)
FNDA:0,(anonymous_14)
FNDA:0,(anonymous_15)
FNDA:0,(anonymous_16)
FNDA:0,(anonymous_17)
FNDA:0,(anonymous_18)
DA:23,0
DA:25,0
DA:27,0
DA:57,0
DA:58,0
DA:59,0
DA:60,0
DA:63,0
DA:64,0
DA:66,0
DA:67,0
DA:72,0
DA:79,0
DA:80,0
DA:83,0
DA:84,0
DA:85,0
DA:91,0
DA:92,0
DA:93,0
DA:99,0
DA:102,0
DA:105,0
DA:106,0
DA:113,0
DA:114,0
DA:115,0
DA:116,0
DA:119,0
DA:120,0
DA:121,0
DA:122,0
DA:125,0
DA:126,0
DA:127,0
DA:128,0
DA:132,0
DA:133,0
DA:134,0
DA:135,0
DA:136,0
DA:140,0
DA:144,0
DA:149,0
DA:170,0
DA:198,0
DA:199,0
DA:213,0
DA:223,0
DA:235,0
DA:240,0
DA:247,0
LF:52
LH:0
BRDA:167,0,0,0
BRDA:167,0,1,0
BRDA:170,1,0,0
BRDA:170,1,1,0
BRDA:195,2,0,0
BRDA:195,2,1,0
BRDA:201,3,0,0
BRDA:201,3,1,0
BRF:8
BRH:0
end_of_record
TN:
SF:src/features/onboarding/OnboardingFlow.tsx
FN:50,DotProgress
FN:53,(anonymous_1)
FN:67,OnboardingFlow
FN:79,(anonymous_3)
FN:80,(anonymous_4)
FN:97,(anonymous_5)
FN:100,(anonymous_6)
FN:114,(anonymous_7)
FN:140,(anonymous_8)
FN:141,(anonymous_9)
FN:144,(anonymous_10)
FN:146,(anonymous_11)
FN:147,(anonymous_12)
FN:151,(anonymous_13)
FNF:14
FNH:0
FNDA:0,DotProgress
FNDA:0,(anonymous_1)
FNDA:0,OnboardingFlow
FNDA:0,(anonymous_3)
FNDA:0,(anonymous_4)
FNDA:0,(anonymous_5)
FNDA:0,(anonymous_6)
FNDA:0,(anonymous_7)
FNDA:0,(anonymous_8)
FNDA:0,(anonymous_9)
FNDA:0,(anonymous_10)
FNDA:0,(anonymous_11)
FNDA:0,(anonymous_12)
FNDA:0,(anonymous_13)
DA:32,0
DA:34,0
DA:51,0
DA:54,0
DA:68,0
DA:69,0
DA:70,0
DA:71,0
DA:73,0
DA:74,0
DA:75,0
DA:76,0
DA:77,0
DA:79,0
DA:80,0
DA:81,0
DA:82,0
DA:83,0
DA:84,0
DA:85,0
DA:88,0
DA:90,0
DA:94,0
DA:97,0
DA:98,0
DA:99,0
DA:100,0
DA:101,0
DA:104,0
DA:105,0
DA:106,0
DA:107,0
DA:108,0
DA:114,0
DA:117,0
DA:118,0
DA:120,0
DA:121,0
DA:122,0
DA:124,0
DA:127,0
DA:128,0
DA:129,0
DA:130,0
DA:131,0
DA:133,0
DA:135,0
DA:137,0
DA:140,0
DA:141,0
DA:144,0
DA:145,0
DA:146,0
DA:147,0
DA:151,0
DA:152,0
DA:155,0
DA:156,0
DA:158,0
DA:159,0
DA:166,0
DA:204,0
LF:62
LH:0
BRDA:58,0,0,0
BRDA:58,0,1,0
BRDA:59,1,0,0
BRDA:59,1,1,0
BRDA:84,2,0,0
BRDA:84,2,1,0
BRDA:98,3,0,0
BRDA:98,3,1,0
BRDA:104,4,0,0
BRDA:104,4,1,0
BRDA:104,5,0,0
BRDA:104,5,1,0
BRDA:107,6,0,0
BRDA:107,6,1,0
BRDA:107,7,0,0
BRDA:107,7,1,0
BRDA:127,8,0,0
BRDA:127,8,1,0
BRDA:145,9,0,0
BRDA:145,9,1,0
BRDA:158,10,0,0
BRDA:158,10,1,0
BRDA:168,11,0,0
BRDA:168,11,1,0
BRDA:196,12,0,0
BRDA:196,12,1,0
BRF:26
BRH:0
end_of_record
TN:
SF:src/features/onboarding/types.ts
FNF:0
FNH:0
LF:0
LH:0
BRF:0
BRH:0
end_of_record
TN:
SF:src/features/onboarding/steps/ChoiceCard.tsx
FN:25,ChoiceCard
FN:29,(anonymous_1)
FN:33,(anonymous_2)
FN:37,(anonymous_3)
FNF:4
FNH:0
FNDA:0,ChoiceCard
FNDA:0,(anonymous_1)
FNDA:0,(anonymous_2)
FNDA:0,(anonymous_3)
DA:11,0
DA:13,0
DA:26,0
DA:27,0
DA:29,0
DA:33,0
DA:34,0
DA:37,0
DA:38,0
DA:41,0
DA:92,0
LF:11
LH:0
BRDA:50,0,0,0
BRDA:50,0,1,0
BRDA:51,1,0,0
BRDA:51,1,1,0
BRDA:53,2,0,0
BRDA:53,2,1,0
BRDA:57,3,0,0
BRDA:57,3,1,0
BRDA:62,4,0,0
BRDA:62,4,1,0
BRDA:73,5,0,0
BRDA:73,5,1,0
BRDA:81,6,0,0
BRDA:81,6,1,0
BRF:14
BRH:0
end_of_record
TN:
SF:src/features/onboarding/steps/DOBStep.tsx
FN:25,WheelPicker
FN:27,(anonymous_1)
FN:31,(anonymous_2)
FN:69,(anonymous_3)
FN:136,DOBStep
FN:141,(anonymous_5)
FN:155,(anonymous_6)
FN:164,(anonymous_7)
FN:164,(anonymous_8)
FN:168,(anonymous_9)
FN:171,(anonymous_10)
FN:171,(anonymous_11)
FN:175,(anonymous_12)
FN:192,(anonymous_13)
FNF:14
FNH:0
FNDA:0,WheelPicker
FNDA:0,(anonymous_1)
FNDA:0,(anonymous_2)
FNDA:0,(anonymous_3)
FNDA:0,DOBStep
FNDA:0,(anonymous_5)
FNDA:0,(anonymous_6)
FNDA:0,(anonymous_7)
FNDA:0,(anonymous_8)
FNDA:0,(anonymous_9)
FNDA:0,(anonymous_10)
FNDA:0,(anonymous_11)
FNDA:0,(anonymous_12)
FNDA:0,(anonymous_13)
DA:9,0
DA:14,0
DA:15,0
DA:16,0
DA:26,0
DA:27,0
DA:28,0
DA:30,0
DA:32,0
DA:33,0
DA:34,0
DA:35,0
DA:36,0
DA:43,0
DA:45,0
DA:70,0
DA:94,0
DA:137,0
DA:138,0
DA:139,0
DA:141,0
DA:142,0
DA:143,0
DA:144,0
DA:146,0
DA:149,0
DA:150,0
DA:151,0
DA:152,0
DA:153,0
DA:155,0
DA:156,0
DA:157,0
DA:158,0
DA:160,0
DA:163,0
DA:164,0
DA:168,0
DA:170,0
DA:171,0
DA:175,0
DA:176,0
DA:178,0
DA:179,0
DA:180,0
DA:183,0
DA:184,0
DA:185,0
DA:188,0
DA:189,0
DA:192,0
DA:193,0
DA:194,0
DA:195,0
DA:196,0
DA:197,0
DA:199,0
DA:202,0
DA:236,0
LF:59
LH:0
BRDA:35,0,0,0
BRDA:35,0,1,0
BRDA:75,1,0,0
BRDA:75,1,1,0
BRDA:76,2,0,0
BRDA:76,2,1,0
BRDA:77,3,0,0
BRDA:77,3,1,0
BRDA:142,4,0,0
BRDA:142,4,1,0
BRDA:178,5,0,0
BRDA:178,5,1,0
BRDA:183,6,0,0
BRDA:183,6,1,0
BRDA:196,7,0,0
BRDA:196,7,1,0
BRDA:196,8,0,0
BRDA:196,8,1,0
BRDA:196,8,2,0
BRF:19
BRH:0
end_of_record
TN:
SF:src/features/onboarding/steps/ExperienceStep.tsx
FN:14,ExperienceStep
FN:21,(anonymous_1)
FN:26,(anonymous_2)
FN:33,(anonymous_3)
FNF:4
FNH:0
FNDA:0,ExperienceStep
FNDA:0,(anonymous_1)
FNDA:0,(anonymous_2)
FNDA:0,(anonymous_3)
DA:8,0
DA:15,0
DA:17,0
DA:21,0
DA:27,0
DA:33,0
LF:6
LH:0
BRDA:15,0,0,0
BRDA:15,0,1,0
BRF:2
BRH:0
end_of_record
TN:
SF:src/features/onboarding/steps/FrequencyStep.tsx
FN:15,FrequencyStep
FN:22,(anonymous_1)
FN:27,(anonymous_2)
FN:33,(anonymous_3)
FNF:4
FNH:0
FNDA:0,FrequencyStep
FNDA:0,(anonymous_1)
FNDA:0,(anonymous_2)
FNDA:0,(anonymous_3)
DA:8,0
DA:16,0
DA:18,0
DA:22,0
DA:28,0
DA:33,0
LF:6
LH:0
BRDA:16,0,0,0
BRDA:16,0,1,0
BRF:2
BRH:0
end_of_record
TN:
SF:src/features/onboarding/steps/GenderStep.tsx
FN:15,GenderStep
FN:22,(anonymous_1)
FN:27,(anonymous_2)
FN:33,(anonymous_3)
FNF:4
FNH:0
FNDA:0,GenderStep
FNDA:0,(anonymous_1)
FNDA:0,(anonymous_2)
FNDA:0,(anonymous_3)
DA:8,0
DA:16,0
DA:18,0
DA:22,0
DA:28,0
DA:33,0
LF:6
LH:0
BRDA:16,0,0,0
BRDA:16,0,1,0
BRF:2
BRH:0
end_of_record
TN:
SF:src/features/onboarding/steps/GoalStep.tsx
FN:17,GoalStep
FN:24,(anonymous_1)
FN:29,(anonymous_2)
FN:36,(anonymous_3)
FNF:4
FNH:0
FNDA:0,GoalStep
FNDA:0,(anonymous_1)
FNDA:0,(anonymous_2)
FNDA:0,(anonymous_3)
DA:8,0
DA:18,0
DA:20,0
DA:24,0
DA:30,0
DA:36,0
LF:6
LH:0
BRDA:18,0,0,0
BRDA:18,0,1,0
BRF:2
BRH:0
end_of_record
TN:
SF:src/features/onboarding/steps/HeightStep.tsx
FN:16,cmToFtIn
FN:21,ftInToCm
FN:25,HeightStep
FN:37,(anonymous_3)
FN:39,(anonymous_4)
FN:51,(anonymous_5)
FN:58,(anonymous_6)
FN:78,(anonymous_7)
FN:84,(anonymous_8)
FN:143,(anonymous_9)
FNF:10
FNH:0
FNDA:0,cmToFtIn
FNDA:0,ftInToCm
FNDA:0,HeightStep
FNDA:0,(anonymous_3)
FNDA:0,(anonymous_4)
FNDA:0,(anonymous_5)
FNDA:0,(anonymous_6)
FNDA:0,(anonymous_7)
FNDA:0,(anonymous_8)
FNDA:0,(anonymous_9)
DA:10,0
DA:11,0
DA:12,0
DA:13,0
DA:14,0
DA:17,0
DA:18,0
DA:22,0
DA:26,0
DA:28,0
DA:29,0
DA:30,0
DA:32,0
DA:33,0
DA:34,0
DA:35,0
DA:37,0
DA:39,0
DA:40,0
DA:41,0
DA:42,0
DA:43,0
DA:44,0
DA:45,0
DA:47,0
DA:51,0
DA:52,0
DA:53,0
DA:56,0
DA:58,0
DA:59,0
DA:60,0
DA:61,0
DA:62,0
DA:64,0
DA:67,0
DA:78,0
DA:84,0
DA:144,0
DA:145,0
DA:146,0
DA:148,0
DA:149,0
DA:150,0
DA:172,0
LF:45
LH:0
BRDA:29,0,0,0
BRDA:29,0,1,0
BRDA:40,1,0,0
BRDA:40,1,1,0
BRDA:40,2,0,0
BRDA:40,2,1,0
BRDA:44,3,0,0
BRDA:44,3,1,0
BRDA:44,4,0,0
BRDA:44,4,1,0
BRDA:52,5,0,0
BRDA:52,5,1,0
BRDA:59,6,0,0
BRDA:59,6,1,0
BRDA:60,7,0,0
BRDA:60,7,1,0
BRDA:60,8,0,0
BRDA:60,8,1,0
BRDA:79,9,0,0
BRDA:79,9,1,0
BRDA:81,10,0,0
BRDA:81,10,1,0
BRDA:85,11,0,0
BRDA:85,11,1,0
BRDA:87,12,0,0
BRDA:87,12,1,0
BRDA:121,13,0,0
BRDA:121,13,1,0
BRDA:124,14,0,0
BRDA:124,14,1,0
BRDA:132,15,0,0
BRDA:132,15,1,0
BRDA:136,16,0,0
BRDA:136,16,1,0
BRDA:137,17,0,0
BRDA:137,17,1,0
BRDA:139,18,0,0
BRDA:139,18,1,0
BRDA:145,19,0,0
BRDA:145,19,1,0
BRDA:156,20,0,0
BRDA:156,20,1,0
BRDA:163,21,0,0
BRDA:163,21,1,0
BRF:44
BRH:0
end_of_record
TN:
SF:src/features/onboarding/steps/InjuriesStep.tsx
FN:18,InjuriesStep
FN:22,(anonymous_1)
FN:28,(anonymous_2)
FN:29,(anonymous_3)
FN:31,(anonymous_4)
FN:41,(anonymous_5)
FN:45,(anonymous_6)
FN:51,(anonymous_7)
FN:61,(anonymous_8)
FNF:9
FNH:0
FNDA:0,InjuriesStep
FNDA:0,(anonymous_1)
FNDA:0,(anonymous_2)
FNDA:0,(anonymous_3)
FNDA:0,(anonymous_4)
FNDA:0,(anonymous_5)
FNDA:0,(anonymous_6)
FNDA:0,(anonymous_7)
FNDA:0,(anonymous_8)
DA:10,0
DA:19,0
DA:20,0
DA:22,0
DA:23,0
DA:24,0
DA:25,0
DA:28,0
DA:29,0
DA:30,0
DA:31,0
DA:33,0
DA:37,0
DA:41,0
DA:46,0
DA:51,0
DA:61,0
DA:69,0
LF:18
LH:0
BRDA:19,0,0,0
BRDA:19,0,1,0
BRDA:20,1,0,0
BRDA:20,1,1,0
BRDA:23,2,0,0
BRDA:23,2,1,0
BRDA:30,3,0,0
BRDA:30,3,1,0
BRDA:41,4,0,0
BRDA:41,4,1,0
BRDA:56,5,0,0
BRDA:56,5,1,0
BRF:12
BRH:0
end_of_record
TN:
SF:src/features/onboarding/steps/IntensityStep.tsx
FN:14,IntensityStep
FN:21,(anonymous_1)
FN:26,(anonymous_2)
FN:33,(anonymous_3)
FNF:4
FNH:0
FNDA:0,IntensityStep
FNDA:0,(anonymous_1)
FNDA:0,(anonymous_2)
FNDA:0,(anonymous_3)
DA:8,0
DA:15,0
DA:17,0
DA:21,0
DA:27,0
DA:33,0
LF:6
LH:0
BRDA:15,0,0,0
BRDA:15,0,1,0
BRF:2
BRH:0
end_of_record
TN:
SF:src/features/onboarding/steps/LocationStep.tsx
FN:15,LocationStep
FN:22,(anonymous_1)
FN:27,(anonymous_2)
FN:34,(anonymous_3)
FNF:4
FNH:0
FNDA:0,LocationStep
FNDA:0,(anonymous_1)
FNDA:0,(anonymous_2)
FNDA:0,(anonymous_3)
DA:8,0
DA:16,0
DA:18,0
DA:22,0
DA:28,0
DA:34,0
LF:6
LH:0
BRDA:16,0,0,0
BRDA:16,0,1,0
BRF:2
BRH:0
end_of_record
TN:
SF:src/features/onboarding/steps/MotivationStep.tsx
FN:16,MotivationStep
FN:23,(anonymous_1)
FN:29,(anonymous_2)
FN:36,(anonymous_3)
FNF:4
FNH:0
FNDA:0,MotivationStep
FNDA:0,(anonymous_1)
FNDA:0,(anonymous_2)
FNDA:0,(anonymous_3)
DA:8,0
DA:17,0
DA:19,0
DA:23,0
DA:30,0
DA:36,0
LF:6
LH:0
BRDA:17,0,0,0
BRDA:17,0,1,0
BRF:2
BRH:0
end_of_record
TN:
SF:src/features/onboarding/steps/StepScaffold.tsx
FN:20,StepScaffold
FN:34,(anonymous_1)
FN:77,(anonymous_2)
FNF:3
FNH:0
FNDA:0,StepScaffold
FNDA:0,(anonymous_1)
FNDA:0,(anonymous_2)
DA:7,0
DA:30,0
DA:31,0
DA:34,0
DA:35,0
DA:36,0
DA:37,0
DA:40,0
DA:77,0
DA:94,0
LF:10
LH:0
BRDA:25,0,0,0
BRDA:26,1,0,0
BRDA:27,2,0,0
BRDA:31,3,0,0
BRDA:31,3,1,0
BRDA:36,4,0,0
BRDA:36,4,1,0
BRDA:65,5,0,0
BRDA:65,5,1,0
BRDA:79,6,0,0
BRDA:79,6,1,0
BRDA:80,7,0,0
BRDA:80,7,1,0
BRDA:83,8,0,0
BRDA:83,8,1,0
BRF:15
BRH:0
end_of_record
TN:
SF:src/features/onboarding/steps/UsernameStep.tsx
FN:11,useDebounce
FN:14,(anonymous_1)
FN:15,(anonymous_2)
FN:16,(anonymous_3)
FN:22,UsernameStep
FN:36,(anonymous_5)
FN:38,(anonymous_6)
FN:73,(anonymous_7)
FN:76,(anonymous_8)
FN:87,(anonymous_9)
FN:108,(anonymous_10)
FN:147,(anonymous_11)
FN:159,(anonymous_12)
FN:174,(anonymous_13)
FN:185,(anonymous_14)
FN:204,(anonymous_15)
FN:207,(anonymous_16)
FNF:17
FNH:0
FNDA:0,useDebounce
FNDA:0,(anonymous_1)
FNDA:0,(anonymous_2)
FNDA:0,(anonymous_3)
FNDA:0,UsernameStep
FNDA:0,(anonymous_5)
FNDA:0,(anonymous_6)
FNDA:0,(anonymous_7)
FNDA:0,(anonymous_8)
FNDA:0,(anonymous_9)
FNDA:0,(anonymous_10)
FNDA:0,(anonymous_11)
FNDA:0,(anonymous_12)
FNDA:0,(anonymous_13)
FNDA:0,(anonymous_14)
FNDA:0,(anonymous_15)
FNDA:0,(anonymous_16)
DA:12,0
DA:14,0
DA:15,0
DA:16,0
DA:19,0
DA:23,0
DA:25,0
DA:26,0
DA:27,0
DA:28,0
DA:29,0
DA:30,0
DA:32,0
DA:33,0
DA:36,0
DA:37,0
DA:38,0
DA:39,0
DA:40,0
DA:41,0
DA:42,0
DA:45,0
DA:46,0
DA:47,0
DA:49,0
DA:51,0
DA:52,0
DA:53,0
DA:57,0
DA:58,0
DA:60,0
DA:61,0
DA:64,0
DA:67,0
DA:69,0
DA:72,0
DA:73,0
DA:76,0
DA:77,0
DA:78,0
DA:79,0
DA:80,0
DA:81,0
DA:82,0
DA:83,0
DA:84,0
DA:87,0
DA:89,0
DA:91,0
DA:92,0
DA:93,0
DA:94,0
DA:95,0
DA:96,0
DA:99,0
DA:100,0
DA:101,0
DA:102,0
DA:103,0
DA:104,0
DA:105,0
DA:108,0
DA:109,0
DA:110,0
DA:112,0
DA:113,0
DA:118,0
DA:119,0
DA:120,0
DA:121,0
DA:122,0
DA:125,0
DA:126,0
DA:127,0
DA:128,0
DA:129,0
DA:131,0
DA:132,0
DA:133,0
DA:136,0
DA:137,0
DA:138,0
DA:142,0
DA:145,0
DA:147,0
DA:148,0
DA:149,0
DA:150,0
DA:151,0
DA:154,0
DA:155,0
DA:170,0
DA:174,0
DA:185,0
DA:205,0
DA:207,0
DA:229,0
LF:97
LH:0
BRDA:40,0,0,0
BRDA:40,0,1,0
BRDA:47,1,0,0
BRDA:47,1,1,0
BRDA:49,2,0,0
BRDA:49,2,1,0
BRDA:58,3,0,0
BRDA:58,3,1,0
BRDA:60,4,0,0
BRDA:60,4,1,0
BRDA:67,5,0,0
BRDA:67,5,1,0
BRDA:69,6,0,0
BRDA:69,6,1,0
BRDA:77,7,0,0
BRDA:77,7,1,0
BRDA:78,8,0,0
BRDA:78,8,1,0
BRDA:79,9,0,0
BRDA:79,9,1,0
BRDA:80,10,0,0
BRDA:80,10,1,0
BRDA:81,11,0,0
BRDA:81,11,1,0
BRDA:82,12,0,0
BRDA:82,12,1,0
BRDA:83,13,0,0
BRDA:83,13,1,0
BRDA:89,14,0,0
BRDA:89,14,1,0
BRDA:91,15,0,0
BRDA:91,15,1,0
BRDA:100,16,0,0
BRDA:100,16,1,0
BRDA:118,17,0,0
BRDA:118,17,1,0
BRDA:125,18,0,0
BRDA:125,18,1,0
BRDA:133,19,0,0
BRDA:133,19,1,0
BRDA:145,20,0,0
BRDA:145,20,1,0
BRDA:145,20,2,0
BRDA:148,21,0,0
BRDA:148,21,1,0
BRDA:149,22,0,0
BRDA:149,22,1,0
BRDA:150,23,0,0
BRDA:150,23,1,0
BRDA:150,24,0,0
BRDA:150,24,1,0
BRDA:154,25,0,0
BRDA:154,25,1,0
BRDA:177,26,0,0
BRDA:177,26,1,0
BRDA:195,27,0,0
BRDA:195,27,1,0
BRDA:195,28,0,0
BRDA:195,28,1,0
BRDA:198,29,0,0
BRDA:198,29,1,0
BRDA:200,30,0,0
BRDA:200,30,1,0
BRF:63
BRH:0
end_of_record
TN:
SF:src/features/onboarding/steps/WeightStep.tsx
FN:16,WeightStep
FN:26,(anonymous_1)
FN:35,(anonymous_2)
FN:42,(anonymous_3)
FN:62,(anonymous_4)
FN:68,(anonymous_5)
FN:121,(anonymous_6)
FNF:7
FNH:0
FNDA:0,WeightStep
FNDA:0,(anonymous_1)
FNDA:0,(anonymous_2)
FNDA:0,(anonymous_3)
FNDA:0,(anonymous_4)
FNDA:0,(anonymous_5)
FNDA:0,(anonymous_6)
DA:10,0
DA:11,0
DA:12,0
DA:13,0
DA:14,0
DA:17,0
DA:19,0
DA:20,0
DA:21,0
DA:22,0
DA:24,0
DA:26,0
DA:27,0
DA:28,0
DA:29,0
DA:30,0
DA:32,0
DA:35,0
DA:36,0
DA:37,0
DA:40,0
DA:42,0
DA:43,0
DA:44,0
DA:45,0
DA:46,0
DA:48,0
DA:51,0
DA:62,0
DA:68,0
DA:122,0
DA:123,0
DA:124,0
DA:143,0
LF:34
LH:0
BRDA:20,0,0,0
BRDA:20,0,1,0
BRDA:21,1,0,0
BRDA:21,1,1,0
BRDA:24,2,0,0
BRDA:24,2,1,0
BRDA:27,3,0,0
BRDA:27,3,1,0
BRDA:27,4,0,0
BRDA:27,4,1,0
BRDA:29,5,0,0
BRDA:29,5,1,0
BRDA:29,6,0,0
BRDA:29,6,1,0
BRDA:36,7,0,0
BRDA:36,7,1,0
BRDA:43,8,0,0
BRDA:43,8,1,0
BRDA:44,9,0,0
BRDA:44,9,1,0
BRDA:44,10,0,0
BRDA:44,10,1,0
BRDA:63,11,0,0
BRDA:63,11,1,0
BRDA:65,12,0,0
BRDA:65,12,1,0
BRDA:69,13,0,0
BRDA:69,13,1,0
BRDA:71,14,0,0
BRDA:71,14,1,0
BRDA:110,15,0,0
BRDA:110,15,1,0
BRDA:114,16,0,0
BRDA:114,16,1,0
BRDA:115,17,0,0
BRDA:115,17,1,0
BRDA:123,18,0,0
BRDA:123,18,1,0
BRDA:129,19,0,0
BRDA:129,19,1,0
BRDA:136,20,0,0
BRDA:136,20,1,0
BRF:42
BRH:0
end_of_record
TN:
SF:src/features/onboarding/steps/WelcomeStep.tsx
FN:23,PulsingIcon
FN:27,(anonymous_1)
FN:44,(anonymous_2)
FN:48,(anonymous_3)
FN:63,DecoRings
FN:84,WelcomeStep
FN:106,(anonymous_6)
FN:124,(anonymous_7)
FN:125,(anonymous_8)
FNF:9
FNH:0
FNDA:0,PulsingIcon
FNDA:0,(anonymous_1)
FNDA:0,(anonymous_2)
FNDA:0,(anonymous_3)
FNDA:0,DecoRings
FNDA:0,WelcomeStep
FNDA:0,(anonymous_6)
FNDA:0,(anonymous_7)
FNDA:0,(anonymous_8)
DA:21,0
DA:24,0
DA:25,0
DA:27,0
DA:28,0
DA:35,0
DA:44,0
DA:48,0
DA:52,0
DA:64,0
DA:78,0
DA:85,0
DA:87,0
DA:107,0
DA:108,0
DA:124,0
DA:125,0
DA:139,0
LF:18
LH:0
BRDA:125,0,0,0
BRDA:125,0,1,0
BRF:2
BRH:0
end_of_record
TN:
SF:src/features/workouts/DayConfigurationForm.tsx
FN:23,DayConfigurationForm
FN:27,(anonymous_1)
FN:45,(anonymous_2)
FN:46,(anonymous_3)
FN:61,(anonymous_4)
FN:79,(anonymous_5)
FN:96,(anonymous_6)
FN:98,(anonymous_7)
FN:106,(anonymous_8)
FN:110,(anonymous_9)
FN:132,(anonymous_10)
FN:144,(anonymous_11)
FN:145,(anonymous_12)
FNF:13
FNH:0
FNDA:0,DayConfigurationForm
FNDA:0,(anonymous_1)
FNDA:0,(anonymous_2)
FNDA:0,(anonymous_3)
FNDA:0,(anonymous_4)
FNDA:0,(anonymous_5)
FNDA:0,(anonymous_6)
FNDA:0,(anonymous_7)
FNDA:0,(anonymous_8)
FNDA:0,(anonymous_9)
FNDA:0,(anonymous_10)
FNDA:0,(anonymous_11)
FNDA:0,(anonymous_12)
DA:11,0
DA:12,0
DA:13,0
DA:14,0
DA:24,0
DA:25,0
DA:27,0
DA:28,0
DA:29,0
DA:30,0
DA:33,0
DA:34,0
DA:35,0
DA:42,0
DA:45,0
DA:46,0
DA:47,0
DA:48,0
DA:49,0
DA:53,0
DA:62,0
DA:63,0
DA:79,0
DA:96,0
DA:98,0
DA:106,0
DA:110,0
DA:132,0
DA:144,0
DA:145,0
DA:160,0
LF:31
LH:0
BRDA:28,0,0,0
BRDA:28,0,1,0
BRDA:68,1,0,0
BRDA:68,1,1,0
BRDA:72,2,0,0
BRDA:72,2,1,0
BRDA:73,3,0,0
BRDA:73,3,1,0
BRDA:81,4,0,0
BRDA:81,4,1,0
BRDA:86,5,0,0
BRDA:86,5,1,0
BRDA:95,6,0,0
BRDA:95,6,1,0
BRDA:105,7,0,0
BRDA:105,7,1,0
BRDA:122,8,0,0
BRDA:122,8,1,0
BRDA:125,9,0,0
BRDA:125,9,1,0
BRDA:147,10,0,0
BRDA:147,10,1,0
BRDA:148,11,0,0
BRDA:148,11,1,0
BRDA:152,12,0,0
BRDA:152,12,1,0
BRF:26
BRH:0
end_of_record
TN:
SF:src/features/workouts/ExerciseMedia.tsx
FN:13,ExerciseMedia
FN:16,(anonymous_1)
FN:24,(anonymous_2)
FN:26,(anonymous_3)
FN:37,(anonymous_4)
FNF:5
FNH:0
FNDA:0,ExerciseMedia
FNDA:0,(anonymous_1)
FNDA:0,(anonymous_2)
FNDA:0,(anonymous_3)
FNDA:0,(anonymous_4)
DA:14,0
DA:16,0
DA:17,0
DA:18,0
DA:19,0
DA:20,0
DA:24,0
DA:25,0
DA:27,0
DA:31,0
DA:33,0
DA:36,0
DA:37,0
DA:38,0
DA:39,0
DA:40,0
DA:43,0
DA:53,0
LF:18
LH:0
BRDA:17,0,0,0
BRDA:17,0,1,0
BRDA:18,1,0,0
BRDA:18,1,1,0
BRDA:25,2,0,0
BRDA:25,2,1,0
BRDA:31,3,0,0
BRDA:31,3,1,0
BRDA:33,4,0,0
BRDA:33,4,1,0
BRDA:33,4,2,0
BRDA:36,5,0,0
BRDA:36,5,1,0
BRF:13
BRH:0
end_of_record
TN:
SF:src/features/workouts/ExerciseSelector.tsx
FN:32,ExerciseSelector
FN:57,(anonymous_1)
FN:61,(anonymous_2)
FN:62,(anonymous_3)
FN:64,(anonymous_4)
FN:67,(anonymous_5)
FN:74,(anonymous_6)
FN:85,(anonymous_7)
FN:88,(anonymous_8)
FN:93,(anonymous_9)
FN:96,(anonymous_10)
FN:97,(anonymous_11)
FN:100,(anonymous_12)
FN:103,(anonymous_13)
FN:118,(anonymous_14)
FN:131,(anonymous_15)
FN:137,(anonymous_16)
FN:187,(anonymous_17)
FN:190,(anonymous_18)
FN:196,(anonymous_19)
FN:217,(anonymous_20)
FN:228,(anonymous_21)
FN:228,(anonymous_22)
FN:229,(anonymous_23)
FN:239,(anonymous_24)
FN:239,(anonymous_25)
FN:240,(anonymous_26)
FN:250,(anonymous_27)
FN:251,(anonymous_28)
FN:256,(anonymous_29)
FN:266,(anonymous_30)
FN:266,(anonymous_31)
FN:267,(anonymous_32)
FN:277,(anonymous_33)
FN:293,(anonymous_34)
FNF:35
FNH:0
FNDA:0,ExerciseSelector
FNDA:0,(anonymous_1)
FNDA:0,(anonymous_2)
FNDA:0,(anonymous_3)
FNDA:0,(anonymous_4)
FNDA:0,(anonymous_5)
FNDA:0,(anonymous_6)
FNDA:0,(anonymous_7)
FNDA:0,(anonymous_8)
FNDA:0,(anonymous_9)
FNDA:0,(anonymous_10)
FNDA:0,(anonymous_11)
FNDA:0,(anonymous_12)
FNDA:0,(anonymous_13)
FNDA:0,(anonymous_14)
FNDA:0,(anonymous_15)
FNDA:0,(anonymous_16)
FNDA:0,(anonymous_17)
FNDA:0,(anonymous_18)
FNDA:0,(anonymous_19)
FNDA:0,(anonymous_20)
FNDA:0,(anonymous_21)
FNDA:0,(anonymous_22)
FNDA:0,(anonymous_23)
FNDA:0,(anonymous_24)
FNDA:0,(anonymous_25)
FNDA:0,(anonymous_26)
FNDA:0,(anonymous_27)
FNDA:0,(anonymous_28)
FNDA:0,(anonymous_29)
FNDA:0,(anonymous_30)
FNDA:0,(anonymous_31)
FNDA:0,(anonymous_32)
FNDA:0,(anonymous_33)
FNDA:0,(anonymous_34)
DA:18,0
DA:19,0
DA:20,0
DA:21,0
DA:30,0
DA:33,0
DA:35,0
DA:36,0
DA:37,0
DA:38,0
DA:39,0
DA:40,0
DA:41,0
DA:42,0
DA:43,0
DA:50,0
DA:51,0
DA:52,0
DA:54,0
DA:55,0
DA:57,0
DA:58,0
DA:60,0
DA:62,0
DA:64,0
DA:67,0
DA:68,0
DA:69,0
DA:70,0
DA:73,0
DA:74,0
DA:75,0
DA:76,0
DA:77,0
DA:79,0
DA:81,0
DA:85,0
DA:88,0
DA:89,0
DA:91,0
DA:92,0
DA:93,0
DA:96,0
DA:97,0
DA:100,0
DA:103,0
DA:104,0
DA:106,0
DA:107,0
DA:108,0
DA:116,0
DA:117,0
DA:118,0
DA:120,0
DA:121,0
DA:122,0
DA:123,0
DA:125,0
DA:127,0
DA:131,0
DA:132,0
DA:133,0
DA:134,0
DA:137,0
DA:138,0
DA:139,0
DA:140,0
DA:141,0
DA:144,0
DA:188,0
DA:191,0
DA:192,0
DA:193,0
DA:194,0
DA:196,0
DA:217,0
DA:228,0
DA:229,0
DA:239,0
DA:240,0
DA:251,0
DA:256,0
DA:266,0
DA:267,0
DA:277,0
DA:294,0
DA:333,0
LF:87
LH:0
BRDA:52,0,0,0
BRDA:52,0,1,0
BRDA:58,1,0,0
BRDA:58,1,1,0
BRDA:58,2,0,0
BRDA:58,2,1,0
BRDA:68,3,0,0
BRDA:68,3,1,0
BRDA:77,4,0,0
BRDA:77,4,1,0
BRDA:89,5,0,0
BRDA:89,5,1,0
BRDA:91,6,0,0
BRDA:91,6,1,0
BRDA:104,7,0,0
BRDA:104,7,1,0
BRDA:104,8,0,0
BRDA:104,8,1,0
BRDA:132,9,0,0
BRDA:132,9,1,0
BRDA:151,10,0,0
BRDA:151,10,1,0
BRDA:172,11,0,0
BRDA:172,11,1,0
BRDA:175,12,0,0
BRDA:175,12,1,0
BRDA:181,13,0,0
BRDA:181,13,1,0
BRDA:181,14,0,0
BRDA:181,14,1,0
BRDA:191,15,0,0
BRDA:191,15,1,0
BRDA:198,16,0,0
BRDA:198,16,1,0
BRDA:210,17,0,0
BRDA:210,17,1,0
BRDA:210,18,0,0
BRDA:210,18,1,0
BRDA:228,19,0,0
BRDA:228,19,1,0
BRDA:239,20,0,0
BRDA:239,20,1,0
BRDA:249,21,0,0
BRDA:249,21,1,0
BRDA:253,22,0,0
BRDA:253,22,1,0
BRDA:266,23,0,0
BRDA:266,23,1,0
BRDA:279,24,0,0
BRDA:279,24,1,0
BRDA:280,25,0,0
BRDA:280,25,1,0
BRDA:284,26,0,0
BRDA:284,26,1,0
BRDA:290,27,0,0
BRDA:290,27,1,0
BRDA:302,28,0,0
BRDA:302,28,1,0
BRDA:324,29,0,0
BRDA:324,29,1,0
BRF:60
BRH:0
end_of_record
TN:
SF:src/features/workouts/PlanCreationForm.tsx
FN:31,PlanCreationForm
FN:33,(anonymous_1)
FN:33,(anonymous_2)
FN:56,(anonymous_3)
FN:58,(anonymous_4)
FN:71,(anonymous_5)
FN:75,(anonymous_6)
FN:87,(anonymous_7)
FN:92,(anonymous_8)
FN:118,(anonymous_9)
FN:120,(anonymous_10)
FN:133,(anonymous_11)
FN:138,(anonymous_12)
FN:156,(anonymous_13)
FN:157,(anonymous_14)
FNF:15
FNH:0
FNDA:0,PlanCreationForm
FNDA:0,(anonymous_1)
FNDA:0,(anonymous_2)
FNDA:0,(anonymous_3)
FNDA:0,(anonymous_4)
FNDA:0,(anonymous_5)
FNDA:0,(anonymous_6)
FNDA:0,(anonymous_7)
FNDA:0,(anonymous_8)
FNDA:0,(anonymous_9)
FNDA:0,(anonymous_10)
FNDA:0,(anonymous_11)
FNDA:0,(anonymous_12)
FNDA:0,(anonymous_13)
FNDA:0,(anonymous_14)
DA:11,0
DA:12,0
DA:13,0
DA:14,0
DA:22,0
DA:32,0
DA:33,0
DA:35,0
DA:36,0
DA:39,0
DA:41,0
DA:56,0
DA:58,0
DA:71,0
DA:75,0
DA:88,0
DA:89,0
DA:93,0
DA:94,0
DA:95,0
DA:96,0
DA:98,0
DA:99,0
DA:118,0
DA:120,0
DA:134,0
DA:135,0
DA:138,0
DA:156,0
DA:157,0
DA:172,0
LF:31
LH:0
BRDA:33,0,0,0
BRDA:33,0,1,0
BRDA:37,1,0,0
BRDA:37,1,1,0
BRDA:37,2,0,0
BRDA:37,2,1,0
BRDA:39,3,0,0
BRDA:39,3,1,0
BRDA:70,4,0,0
BRDA:70,4,1,0
BRDA:94,5,0,0
BRDA:94,5,1,0
BRDA:104,6,0,0
BRDA:104,6,1,0
BRDA:107,7,0,0
BRDA:107,7,1,0
BRDA:115,8,0,0
BRDA:115,8,1,0
BRDA:117,9,0,0
BRDA:117,9,1,0
BRDA:141,10,0,0
BRDA:141,10,1,0
BRDA:144,11,0,0
BRDA:144,11,1,0
BRDA:155,12,0,0
BRDA:155,12,1,0
BRDA:159,13,0,0
BRDA:159,13,1,0
BRDA:159,13,2,0
BRDA:160,14,0,0
BRDA:160,14,1,0
BRDA:164,15,0,0
BRDA:164,15,1,0
BRF:33
BRH:0
end_of_record
TN:
SF:src/features/workouts/types.ts
FNF:0
FNH:0
LF:0
LH:0
BRF:0
BRH:0
end_of_record
TN:
SF:src/hooks/useActivityData.ts
FN:13,computeActivityData
FN:14,(anonymous_1)
FN:18,(anonymous_2)
FN:46,useActivityData
FN:47,(anonymous_4)
FNF:5
FNH:0
FNDA:0,computeActivityData
FNDA:0,(anonymous_1)
FNDA:0,(anonymous_2)
FNDA:0,useActivityData
FNDA:0,(anonymous_4)
DA:11,0
DA:14,0
DA:16,0
DA:18,0
DA:19,0
DA:20,0
DA:23,0
DA:24,0
DA:25,0
DA:27,0
DA:28,0
DA:29,0
DA:31,0
DA:32,0
DA:33,0
DA:34,0
DA:36,0
DA:39,0
DA:47,0
DA:48,0
DA:49,0
DA:52,0
DA:53,0
LF:23
LH:0
BRDA:19,0,0,0
BRDA:19,0,1,0
BRDA:19,0,2,0
BRDA:20,1,0,0
BRDA:20,1,1,0
BRDA:28,2,0,0
BRDA:28,2,1,0
BRDA:34,3,0,0
BRDA:34,3,1,0
BRDA:48,4,0,0
BRDA:48,4,1,0
BRDA:52,5,0,0
BRDA:52,5,1,0
BRF:13
BRH:0
end_of_record
TN:
SF:src/hooks/useCachedQuery.ts
FN:22,useCachedQuery
FN:47,(anonymous_1)
FN:82,(anonymous_2)
FN:90,(anonymous_3)
FN:109,(anonymous_4)
FN:114,(anonymous_5)
FN:116,(anonymous_6)
FN:121,(anonymous_7)
FN:136,prefetch
FNF:9
FNH:0
FNDA:0,useCachedQuery
FNDA:0,(anonymous_1)
FNDA:0,(anonymous_2)
FNDA:0,(anonymous_3)
FNDA:0,(anonymous_4)
FNDA:0,(anonymous_5)
FNDA:0,(anonymous_6)
FNDA:0,(anonymous_7)
FNDA:0,prefetch
DA:33,0
DA:35,0
DA:36,0
DA:37,0
DA:38,0
DA:39,0
DA:41,0
DA:42,0
DA:43,0
DA:44,0
DA:46,0
DA:48,0
DA:49,0
DA:51,0
DA:52,0
DA:55,0
DA:56,0
DA:58,0
DA:60,0
DA:61,0
DA:62,0
DA:63,0
DA:64,0
DA:66,0
DA:67,0
DA:69,0
DA:70,0
DA:71,0
DA:72,0
DA:73,0
DA:74,0
DA:76,0
DA:82,0
DA:83,0
DA:84,0
DA:85,0
DA:88,0
DA:90,0
DA:91,0
DA:92,0
DA:94,0
DA:95,0
DA:96,0
DA:97,0
DA:99,0
DA:100,0
DA:103,0
DA:107,0
DA:109,0
DA:110,0
DA:114,0
DA:115,0
DA:116,0
DA:117,0
DA:121,0
DA:122,0
DA:125,0
DA:137,0
DA:138,0
DA:139,0
LF:60
LH:0
BRDA:25,0,0,0
BRDA:28,1,0,0
BRDA:29,2,0,0
BRDA:30,3,0,0
BRDA:47,4,0,0
BRDA:48,5,0,0
BRDA:48,5,1,0
BRDA:51,6,0,0
BRDA:51,6,1,0
BRDA:58,7,0,0
BRDA:58,7,1,0
BRDA:69,8,0,0
BRDA:69,8,1,0
BRDA:70,9,0,0
BRDA:70,9,1,0
BRDA:83,10,0,0
BRDA:83,10,1,0
BRDA:92,11,0,0
BRDA:92,11,1,0
BRDA:94,12,0,0
BRDA:94,12,1,0
BRDA:99,13,0,0
BRDA:99,13,1,0
BRDA:136,14,0,0
BRF:24
BRH:0
end_of_record
TN:
SF:src/hooks/useNetworkStatus.ts
FN:4,useNetworkStatus
FN:7,(anonymous_1)
FN:8,(anonymous_2)
FN:12,(anonymous_3)
FNF:4
FNH:4
FNDA:8,useNetworkStatus
FNDA:5,(anonymous_1)
FNDA:3,(anonymous_2)
FNDA:5,(anonymous_3)
DA:5,8
DA:7,8
DA:8,5
DA:9,3
DA:12,5
DA:13,5
DA:16,5
DA:19,8
LF:8
LH:8
BRDA:9,0,0,3
BRDA:9,0,1,1
BRDA:13,1,0,5
BRDA:13,1,1,5
BRF:4
BRH:4
end_of_record
TN:
SF:src/hooks/useOfflineAware.ts
FN:5,useOfflineAware
FN:9,(anonymous_1)
FN:18,(anonymous_2)
FN:21,(anonymous_3)
FN:25,(anonymous_4)
FN:28,(anonymous_5)
FNF:6
FNH:0
FNDA:0,useOfflineAware
FNDA:0,(anonymous_1)
FNDA:0,(anonymous_2)
FNDA:0,(anonymous_3)
FNDA:0,(anonymous_4)
FNDA:0,(anonymous_5)
DA:6,0
DA:7,0
DA:9,0
DA:10,0
DA:11,0
DA:12,0
DA:14,0
DA:18,0
DA:19,0
DA:20,0
DA:21,0
DA:25,0
DA:26,0
DA:27,0
DA:28,0
DA:32,0
LF:16
LH:0
BRDA:26,0,0,0
BRDA:26,0,1,0
BRF:2
BRH:0
end_of_record
TN:
SF:src/hooks/useRetentionMetrics.ts
FN:57,fetchRetentionMetrics
FN:62,(anonymous_1)
FN:68,(anonymous_2)
FN:78,(anonymous_3)
FN:82,(anonymous_4)
FN:84,(anonymous_5)
FN:88,(anonymous_6)
FN:123,useRetentionMetrics
FN:133,(anonymous_8)
FN:136,(anonymous_9)
FN:148,(anonymous_10)
FN:150,calculateStats
FN:157,(anonymous_12)
FN:158,(anonymous_13)
FN:193,(anonymous_14)
FNF:15
FNH:0
FNDA:0,fetchRetentionMetrics
FNDA:0,(anonymous_1)
FNDA:0,(anonymous_2)
FNDA:0,(anonymous_3)
FNDA:0,(anonymous_4)
FNDA:0,(anonymous_5)
FNDA:0,(anonymous_6)
FNDA:0,useRetentionMetrics
FNDA:0,(anonymous_8)
FNDA:0,(anonymous_9)
FNDA:0,(anonymous_10)
FNDA:0,calculateStats
FNDA:0,(anonymous_12)
FNDA:0,(anonymous_13)
FNDA:0,(anonymous_14)
DA:35,0
DA:59,0
DA:62,0
DA:65,0
DA:66,0
DA:68,0
DA:70,0
DA:71,0
DA:72,0
DA:73,0
DA:74,0
DA:76,0
DA:77,0
DA:78,0
DA:79,0
DA:81,0
DA:82,0
DA:84,0
DA:85,0
DA:87,0
DA:88,0
DA:89,0
DA:90,0
DA:92,0
DA:93,0
DA:94,0
DA:95,0
DA:97,0
DA:102,0
DA:124,0
DA:125,0
DA:127,0
DA:133,0
DA:136,0
DA:137,0
DA:140,0
DA:141,0
DA:144,0
DA:148,0
DA:151,0
DA:152,0
DA:153,0
DA:155,0
DA:157,0
DA:159,0
DA:160,0
DA:161,0
DA:165,0
DA:166,0
DA:167,0
DA:168,0
DA:169,0
DA:170,0
DA:171,0
DA:172,0
DA:173,0
DA:177,0
DA:178,0
DA:179,0
DA:180,0
DA:181,0
DA:185,0
DA:186,0
DA:187,0
DA:189,0
DA:190,0
DA:191,0
DA:193,0
DA:194,0
DA:195,0
DA:196,0
DA:198,0
DA:199,0
DA:200,0
DA:201,0
DA:202,0
DA:206,0
DA:207,0
DA:209,0
LF:79
LH:0
BRDA:65,0,0,0
BRDA:65,0,1,0
BRDA:68,1,0,0
BRDA:68,1,1,0
BRDA:76,2,0,0
BRDA:76,2,1,0
BRDA:82,3,0,0
BRDA:82,3,1,0
BRDA:87,4,0,0
BRDA:87,4,1,0
BRDA:88,5,0,0
BRDA:88,5,1,0
BRDA:88,5,2,0
BRDA:90,6,0,0
BRDA:90,6,1,0
BRDA:92,7,0,0
BRDA:92,7,1,0
BRDA:119,8,0,0
BRDA:119,8,1,0
BRDA:140,9,0,0
BRDA:140,9,1,0
BRDA:159,10,0,0
BRDA:159,10,1,0
BRDA:166,11,0,0
BRDA:166,11,1,0
BRDA:168,12,0,0
BRDA:168,12,1,0
BRDA:195,13,0,0
BRDA:195,13,1,0
BRDA:196,14,0,0
BRDA:196,14,1,0
BRDA:198,15,0,0
BRDA:198,15,1,0
BRDA:199,16,0,0
BRDA:199,16,1,0
BRDA:199,17,0,0
BRDA:199,17,1,0
BRDA:199,17,2,0
BRDA:201,18,0,0
BRDA:201,18,1,0
BRDA:202,19,0,0
BRDA:202,19,1,0
BRF:42
BRH:0
end_of_record
TN:
SF:src/hooks/useThemeColors.ts
FN:4,useThemeColors
FNF:1
FNH:0
FNDA:0,useThemeColors
DA:5,0
DA:6,0
LF:2
LH:0
BRF:0
BRH:0
end_of_record
TN:
SF:src/lib/api.ts
FN:11,fetchWithAuth
FN:35,(anonymous_1)
FN:72,saveMetric
FN:79,fetchMetricsHistory
FN:83,fetchLatestMetric
FN:123,getDietPlan
FN:134,generateDietPlan
FNF:7
FNH:1
FNDA:8,fetchWithAuth
FNDA:0,(anonymous_1)
FNDA:0,saveMetric
FNDA:0,fetchMetricsHistory
FNDA:0,fetchLatestMetric
FNDA:0,getDietPlan
FNDA:0,generateDietPlan
DA:7,1
DA:9,1
DA:15,8
DA:17,8
DA:18,2
DA:21,6
DA:28,6
DA:29,6
DA:30,0
DA:34,6
DA:35,6
DA:38,6
DA:39,6
DA:45,6
DA:48,6
DA:49,6
DA:51,6
DA:53,1
DA:54,0
DA:55,0
DA:58,1
DA:63,1
DA:64,1
DA:65,1
DA:66,1
DA:69,5
DA:73,0
DA:80,0
DA:84,0
DA:121,1
DA:124,0
DA:125,0
DA:127,0
DA:128,0
DA:129,0
DA:131,0
DA:135,0
DA:140,0
DA:141,0
DA:144,0
LF:40
LH:24
BRDA:11,0,0,6
BRDA:17,1,0,2
BRDA:17,1,1,6
BRDA:17,2,0,8
BRDA:17,2,1,7
BRDA:29,3,0,0
BRDA:29,3,1,6
BRDA:49,4,0,5
BRDA:49,4,1,1
BRDA:51,5,0,1
BRDA:51,5,1,5
BRDA:53,6,0,0
BRDA:53,6,1,1
BRDA:53,7,0,1
BRDA:53,7,1,0
BRDA:58,8,0,1
BRDA:58,8,1,0
BRDA:125,9,0,0
BRDA:125,9,1,0
BRDA:128,10,0,0
BRDA:128,10,1,0
BRDA:140,11,0,0
BRDA:140,11,1,0
BRF:23
BRH:13
end_of_record
TN:
SF:src/lib/countries.ts
FNF:0
FNH:0
DA:8,0
LF:1
LH:0
BRF:0
BRH:0
end_of_record
TN:
SF:src/lib/db.ts
FN:23,readJson
FN:33,writeJson
FN:37,cachePlan
FN:43,getCachedPlan
FN:48,cachePlanDays
FN:54,getCachedPlanDays
FN:59,cacheDayExercises
FN:65,getCachedDayExercises
FN:70,queueRequest
FN:83,getQueuedRequests
FN:85,(anonymous_10)
FN:88,removeQueuedRequest
FN:92,(anonymous_12)
FNF:13
FNH:0
FNDA:0,readJson
FNDA:0,writeJson
FNDA:0,cachePlan
FNDA:0,getCachedPlan
FNDA:0,cachePlanDays
FNDA:0,getCachedPlanDays
FNDA:0,cacheDayExercises
FNDA:0,getCachedDayExercises
FNDA:0,queueRequest
FNDA:0,getQueuedRequests
FNDA:0,(anonymous_10)
FNDA:0,removeQueuedRequest
FNDA:0,(anonymous_12)
DA:12,0
DA:24,0
DA:25,0
DA:26,0
DA:27,0
DA:29,0
DA:34,0
DA:38,0
DA:39,0
DA:40,0
DA:44,0
DA:45,0
DA:49,0
DA:50,0
DA:51,0
DA:55,0
DA:56,0
DA:60,0
DA:61,0
DA:62,0
DA:66,0
DA:67,0
DA:71,0
DA:72,0
DA:73,0
DA:80,0
DA:84,0
DA:85,0
DA:89,0
DA:90,0
DA:92,0
LF:31
LH:0
BRDA:25,0,0,0
BRDA:25,0,1,0
BRDA:45,1,0,0
BRDA:45,1,1,0
BRDA:56,2,0,0
BRDA:56,2,1,0
BRDA:67,3,0,0
BRDA:67,3,1,0
BRDA:72,4,0,0
BRDA:72,4,1,0
BRF:10
BRH:0
end_of_record
TN:
SF:src/lib/notificationBackgroundHandler.ts
FN:9,(anonymous_0)
FN:44,(anonymous_1)
FN:47,(anonymous_2)
FNF:3
FNH:0
FNDA:0,(anonymous_0)
FNDA:0,(anonymous_1)
FNDA:0,(anonymous_2)
DA:9,0
DA:10,0
DA:12,0
DA:14,0
DA:15,0
DA:16,0
DA:18,0
DA:20,0
DA:22,0
DA:23,0
DA:24,0
DA:27,0
DA:28,0
DA:29,0
DA:30,0
DA:33,0
DA:34,0
DA:35,0
DA:36,0
DA:39,0
DA:44,0
DA:47,0
LF:22
LH:0
BRDA:10,0,0,0
BRDA:10,0,1,0
BRDA:10,1,0,0
BRDA:10,1,1,0
BRDA:16,2,0,0
BRDA:16,2,1,0
BRDA:18,3,0,0
BRDA:18,3,1,0
BRDA:18,3,2,0
BRF:9
BRH:0
end_of_record
TN:
SF:src/lib/supabase.ts
FN:17,(anonymous_0)
FN:18,(anonymous_1)
FN:19,(anonymous_2)
FN:33,(anonymous_3)
FNF:4
FNH:0
FNDA:0,(anonymous_0)
FNDA:0,(anonymous_1)
FNDA:0,(anonymous_2)
FNDA:0,(anonymous_3)
DA:7,0
DA:8,0
DA:10,0
DA:11,0
DA:14,0
DA:16,0
DA:17,0
DA:18,0
DA:19,0
DA:22,0
DA:32,0
DA:33,0
DA:34,0
DA:35,0
DA:37,0
LF:15
LH:0
BRDA:7,0,0,0
BRDA:7,0,1,0
BRDA:8,1,0,0
BRDA:8,1,1,0
BRDA:10,2,0,0
BRDA:10,2,1,0
BRDA:10,3,0,0
BRDA:10,3,1,0
BRDA:24,4,0,0
BRDA:24,4,1,0
BRDA:32,5,0,0
BRDA:32,5,1,0
BRDA:34,6,0,0
BRDA:34,6,1,0
BRF:14
BRH:0
end_of_record
TN:
SF:src/lib/utils.ts
FN:1,cn
FN:5,formatDuration
FN:11,kgToLbs
FN:15,lbsToKg
FN:19,toDateLabel
FNF:5
FNH:0
FNDA:0,cn
FNDA:0,formatDuration
FNDA:0,kgToLbs
FNDA:0,lbsToKg
FNDA:0,toDateLabel
DA:2,0
DA:6,0
DA:7,0
DA:8,0
DA:12,0
DA:16,0
DA:20,0
LF:7
LH:0
BRF:0
BRH:0
end_of_record
TN:
SF:src/lib/validators.ts
FN:22,sanitizeName
FN:28,sanitizeEmail
FN:34,sanitizeNumericInt
FN:40,sanitizeNumericDecimal
FN:52,sanitizeGeneralText
FN:58,sanitizeSearch
FNF:6
FNH:6
FNDA:7,sanitizeName
FNDA:6,sanitizeEmail
FNDA:6,sanitizeNumericInt
FNDA:7,sanitizeNumericDecimal
FNDA:9,sanitizeGeneralText
FNDA:3,sanitizeSearch
DA:7,1
DA:8,1
DA:9,1
DA:10,1
DA:11,1
DA:12,1
DA:13,1
DA:14,1
DA:15,1
DA:16,1
DA:23,7
DA:29,6
DA:35,6
DA:41,7
DA:43,7
DA:44,7
DA:45,6
DA:47,7
DA:53,9
DA:59,3
LF:20
LH:20
BRDA:34,0,0,5
BRDA:40,1,0,6
BRDA:44,2,0,6
BRDA:44,2,1,1
BRF:4
BRH:4
end_of_record
TN:
SF:src/lib/workoutNotification.ts
FN:17,initialize
FN:29,formatElapsed
FN:35,buildActions
FN:48,showActiveWorkout
FN:82,updateTimer
FN:116,dismiss
FN:123,onAction
FN:126,(anonymous_7)
FN:135,(anonymous_8)
FN:141,getActionCallback
FNF:10
FNH:0
FNDA:0,initialize
FNDA:0,formatElapsed
FNDA:0,buildActions
FNDA:0,showActiveWorkout
FNDA:0,updateTimer
FNDA:0,dismiss
FNDA:0,onAction
FNDA:0,(anonymous_7)
FNDA:0,(anonymous_8)
FNDA:0,getActionCallback
DA:10,0
DA:11,0
DA:15,0
DA:18,0
DA:19,0
DA:30,0
DA:31,0
DA:32,0
DA:36,0
DA:49,0
DA:50,0
DA:69,0
DA:70,0
DA:83,0
DA:84,0
DA:103,0
DA:104,0
DA:117,0
DA:118,0
DA:120,0
DA:124,0
DA:126,0
DA:127,0
DA:128,0
DA:129,0
DA:130,0
DA:135,0
DA:136,0
DA:137,0
DA:142,0
LF:30
LH:0
BRDA:18,0,0,0
BRDA:18,0,1,0
BRDA:38,1,0,0
BRDA:38,1,1,0
BRDA:39,2,0,0
BRDA:39,2,1,0
BRDA:49,3,0,0
BRDA:49,3,1,0
BRDA:53,4,0,0
BRDA:53,4,1,0
BRDA:63,5,0,0
BRDA:63,5,1,0
BRDA:69,6,0,0
BRDA:69,6,1,0
BRDA:73,7,0,0
BRDA:73,7,1,0
BRDA:83,8,0,0
BRDA:83,8,1,0
BRDA:87,9,0,0
BRDA:87,9,1,0
BRDA:97,10,0,0
BRDA:97,10,1,0
BRDA:103,11,0,0
BRDA:103,11,1,0
BRDA:107,12,0,0
BRDA:107,12,1,0
BRDA:117,13,0,0
BRDA:117,13,1,0
BRDA:127,14,0,0
BRDA:127,14,1,0
BRDA:127,15,0,0
BRDA:127,15,1,0
BRDA:129,16,0,0
BRDA:129,16,1,0
BRDA:129,17,0,0
BRDA:129,17,1,0
BRDA:129,17,2,0
BRF:37
BRH:0
end_of_record
TN:
SF:src/lib/api/agent.ts
FN:3,getDailyInsight
FNF:1
FNH:0
FNDA:0,getDailyInsight
DA:4,0
LF:1
LH:0
BRF:0
BRH:0
end_of_record
TN:
SF:src/lib/api/auth.ts
FN:8,getAuthToken
FN:27,registerSession
FN:53,getSessionId
FN:58,clearSessionId
FNF:4
FNH:0
FNDA:0,getAuthToken
FNDA:0,registerSession
FNDA:0,getSessionId
FNDA:0,clearSessionId
DA:6,0
DA:9,0
DA:10,0
DA:11,0
DA:13,0
DA:14,0
DA:16,0
DA:28,0
DA:29,0
DA:30,0
DA:32,0
DA:34,0
DA:42,0
DA:43,0
DA:44,0
DA:45,0
DA:47,0
DA:48,0
DA:49,0
DA:54,0
DA:59,0
LF:21
LH:0
BRDA:10,0,0,0
BRDA:10,0,1,0
BRDA:13,1,0,0
BRDA:13,1,1,0
BRDA:29,2,0,0
BRDA:29,2,1,0
BRDA:43,3,0,0
BRDA:43,3,1,0
BRDA:44,4,0,0
BRDA:44,4,1,0
BRDA:45,5,0,0
BRDA:45,5,1,0
BRF:12
BRH:0
end_of_record
TN:
SF:src/lib/api/exercises.ts
FN:4,fetchExercises
FN:19,fetchExerciseByUUID
FNF:2
FNH:0
FNDA:0,fetchExercises
FNDA:0,fetchExerciseByUUID
DA:5,0
DA:12,0
DA:13,0
DA:16,0
DA:20,0
LF:5
LH:0
BRDA:4,0,0,0
BRDA:4,1,0,0
BRDA:4,2,0,0
BRDA:4,3,0,0
BRDA:4,4,0,0
BRDA:12,5,0,0
BRDA:12,5,1,0
BRF:7
BRH:0
end_of_record
TN:
SF:src/lib/api/index.ts
FNF:0
FNH:0
LF:0
LH:0
BRF:0
BRH:0
end_of_record
TN:
SF:src/lib/api/onboarding.ts
FN:36,getOnboarding
FN:48,saveOnboardingStep
FN:63,(anonymous_2)
FN:70,completeOnboarding
FN:84,getOnboardingStatus
FNF:5
FNH:0
FNDA:0,getOnboarding
FNDA:0,saveOnboardingStep
FNDA:0,(anonymous_2)
FNDA:0,completeOnboarding
FNDA:0,getOnboardingStatus
DA:4,0
DA:37,0
DA:38,0
DA:42,0
DA:43,0
DA:45,0
DA:52,0
DA:53,0
DA:62,0
DA:63,0
DA:64,0
DA:67,0
DA:71,0
DA:72,0
DA:77,0
DA:78,0
DA:81,0
DA:85,0
DA:86,0
DA:90,0
DA:91,0
DA:94,0
LF:22
LH:0
BRDA:42,0,0,0
BRDA:42,0,1,0
BRDA:62,1,0,0
BRDA:62,1,1,0
BRDA:64,2,0,0
BRDA:64,2,1,0
BRDA:77,3,0,0
BRDA:77,3,1,0
BRDA:90,4,0,0
BRDA:90,4,1,0
BRF:10
BRH:0
end_of_record
TN:
SF:src/lib/api/username.ts
FN:13,checkAndLockUsername
FN:33,releaseUsername
FN:45,claimUsername
FN:59,(anonymous_3)
FN:66,getUsernameSuggestions
FNF:5
FNH:0
FNDA:0,checkAndLockUsername
FNDA:0,releaseUsername
FNDA:0,claimUsername
FNDA:0,(anonymous_3)
FNDA:0,getUsernameSuggestions
DA:4,0
DA:17,0
DA:18,0
DA:30,0
DA:34,0
DA:35,0
DA:48,0
DA:49,0
DA:58,0
DA:59,0
DA:60,0
DA:63,0
DA:67,0
DA:68,0
DA:71,0
LF:15
LH:0
BRDA:26,0,0,0
BRDA:26,0,1,0
BRDA:58,1,0,0
BRDA:58,1,1,0
BRDA:60,2,0,0
BRDA:60,2,1,0
BRF:6
BRH:0
end_of_record
TN:
SF:src/lib/api/users.ts
FN:27,updateProfile
FN:34,getProfile
FNF:2
FNH:0
FNDA:0,updateProfile
FNDA:0,getProfile
DA:28,0
DA:35,0
LF:2
LH:0
BRF:0
BRH:0
end_of_record
TN:
SF:src/lib/api/workoutPlans.ts
FN:79,createWorkoutPlan
FN:86,getWorkoutPlans
FN:90,getDefaultWorkoutPlans
FN:94,getWorkoutPlan
FN:98,updateWorkoutPlan
FN:105,deleteWorkoutPlan
FN:111,activateWorkoutPlan
FN:117,addDaysToPlan
FN:124,getPlanDays
FN:128,updateDay
FN:135,deleteDay
FN:141,addExercisesToDay
FN:148,getDayExercises
FN:152,updateExercise
FN:162,deleteExercise
FN:168,reorderExercises
FN:175,searchExercises
FNF:17
FNH:0
FNDA:0,createWorkoutPlan
FNDA:0,getWorkoutPlans
FNDA:0,getDefaultWorkoutPlans
FNDA:0,getWorkoutPlan
FNDA:0,updateWorkoutPlan
FNDA:0,deleteWorkoutPlan
FNDA:0,activateWorkoutPlan
FNDA:0,addDaysToPlan
FNDA:0,getPlanDays
FNDA:0,updateDay
FNDA:0,deleteDay
FNDA:0,addExercisesToDay
FNDA:0,getDayExercises
FNDA:0,updateExercise
FNDA:0,deleteExercise
FNDA:0,reorderExercises
FNDA:0,searchExercises
DA:80,0
DA:87,0
DA:91,0
DA:95,0
DA:99,0
DA:106,0
DA:112,0
DA:118,0
DA:125,0
DA:129,0
DA:136,0
DA:142,0
DA:149,0
DA:156,0
DA:163,0
DA:169,0
DA:181,0
DA:182,0
DA:183,0
DA:184,0
DA:185,0
DA:187,0
LF:22
LH:0
BRDA:178,0,0,0
BRDA:179,1,0,0
BRDA:182,2,0,0
BRDA:182,2,1,0
BRDA:183,3,0,0
BRDA:183,3,1,0
BRF:6
BRH:0
end_of_record
TN:
SF:src/lib/api/workoutSessions.ts
FN:51,startWorkoutSession
FN:58,logExerciseSet
FN:65,completeSession
FN:72,abandonSession
FN:78,getWorkoutSessions
FN:86,getWorkoutSession
FN:90,updateExerciseLog
FN:97,deleteExerciseLog
FN:121,sessionAction
FN:136,getActiveSession
FN:140,getSessionsHistory
FN:145,startWorkout
FN:149,pauseSession
FN:153,resumeSession
FN:157,finishSession
FN:161,abandonSessionAction
FN:165,deleteSession
FNF:17
FNH:0
FNDA:0,startWorkoutSession
FNDA:0,logExerciseSet
FNDA:0,completeSession
FNDA:0,abandonSession
FNDA:0,getWorkoutSessions
FNDA:0,getWorkoutSession
FNDA:0,updateExerciseLog
FNDA:0,deleteExerciseLog
FNDA:0,sessionAction
FNDA:0,getActiveSession
FNDA:0,getSessionsHistory
FNDA:0,startWorkout
FNDA:0,pauseSession
FNDA:0,resumeSession
FNDA:0,finishSession
FNDA:0,abandonSessionAction
FNDA:0,deleteSession
DA:52,0
DA:59,0
DA:66,0
DA:73,0
DA:82,0
DA:83,0
DA:87,0
DA:91,0
DA:98,0
DA:125,0
DA:137,0
DA:141,0
DA:142,0
DA:146,0
DA:150,0
DA:154,0
DA:158,0
DA:162,0
DA:166,0
LF:19
LH:0
BRDA:79,0,0,0
BRDA:80,1,0,0
BRDA:140,2,0,0
BRDA:140,3,0,0
BRF:4
BRH:0
end_of_record
TN:
SF:src/lib/cache/cache.ts
FN:12,cacheGet
FN:32,cacheSet
FN:37,cacheInvalidate
FN:42,cacheInvalidatePrefix
FN:43,(anonymous_4)
FN:48,cacheClear
FN:53,isStale
FNF:7
FNH:7
FNDA:8,cacheGet
FNDA:12,cacheSet
FNDA:1,cacheInvalidate
FNDA:1,cacheInvalidatePrefix
FNDA:3,(anonymous_4)
FNDA:12,cacheClear
FNDA:6,isStale
DA:9,1
DA:10,1
DA:13,8
DA:14,8
DA:16,8
DA:17,4
DA:18,3
DA:20,1
DA:23,5
DA:24,5
DA:25,0
DA:26,0
DA:29,5
DA:33,12
DA:34,12
DA:38,1
DA:39,1
DA:43,1
DA:44,3
DA:49,12
DA:50,12
DA:54,6
DA:55,6
DA:56,3
LF:24
LH:22
BRDA:16,0,0,4
BRDA:16,0,1,4
BRDA:17,1,0,3
BRDA:17,1,1,1
BRDA:17,2,0,4
BRDA:17,2,1,3
BRDA:24,3,0,0
BRDA:24,3,1,5
BRDA:32,4,0,0
BRDA:44,5,0,2
BRDA:44,5,1,1
BRDA:53,6,0,1
BRDA:55,7,0,3
BRDA:55,7,1,3
BRF:14
BRH:12
end_of_record
TN:
SF:src/lib/cache/index.ts
FNF:0
FNH:0
LF:0
LH:0
BRF:0
BRH:0
end_of_record
TN:
SF:src/lib/cache/indexeddb.ts
FN:11,wrapKey
FN:15,idbGet
FN:30,idbSet
FN:39,idbDelete
FN:43,idbClear
FN:45,(anonymous_5)
FN:47,(anonymous_6)
FN:51,idbCleanup
FN:53,(anonymous_8)
FN:59,(anonymous_9)
FN:74,(anonymous_10)
FN:85,addToOfflineQueue
FN:96,getOfflineQueue
FN:100,clearOfflineQueue
FN:104,removeFromOfflineQueue
FN:106,(anonymous_15)
FNF:16
FNH:16
FNDA:44,wrapKey
FNDA:25,idbGet
FNDA:15,idbSet
FNDA:4,idbDelete
FNDA:1,idbClear
FNDA:3,(anonymous_5)
FNDA:2,(anonymous_6)
FNDA:1,idbCleanup
FNDA:2,(anonymous_8)
FNDA:2,(anonymous_9)
FNDA:1,(anonymous_10)
FNDA:7,addToOfflineQueue
FNDA:9,getOfflineQueue
FNDA:1,clearOfflineQueue
FNDA:2,removeFromOfflineQueue
FNDA:3,(anonymous_15)
DA:9,2
DA:12,44
DA:16,25
DA:17,25
DA:18,25
DA:19,14
DA:20,14
DA:21,1
DA:22,1
DA:24,13
DA:26,0
DA:31,15
DA:36,15
DA:40,4
DA:44,1
DA:45,3
DA:46,1
DA:47,2
DA:52,1
DA:53,2
DA:54,1
DA:56,1
DA:58,1
DA:60,2
DA:61,2
DA:62,2
DA:63,2
DA:64,2
DA:65,1
DA:68,0
DA:73,1
DA:74,1
DA:86,7
DA:87,7
DA:92,7
DA:93,7
DA:97,9
DA:101,1
DA:105,2
DA:106,3
DA:107,2
DA:108,1
DA:109,1
DA:111,1
LF:44
LH:42
BRDA:18,0,0,11
BRDA:18,0,1,14
BRDA:20,1,0,1
BRDA:20,1,1,13
BRDA:20,2,0,14
BRDA:20,2,1,13
BRDA:30,3,0,0
BRDA:46,4,0,1
BRDA:46,4,1,0
BRDA:54,5,0,0
BRDA:54,5,1,1
BRDA:61,6,0,0
BRDA:61,6,1,2
BRDA:64,7,0,1
BRDA:64,7,1,1
BRDA:64,8,0,2
BRDA:64,8,1,2
BRDA:73,9,0,1
BRDA:73,9,1,0
BRDA:86,10,0,7
BRDA:86,10,1,4
BRDA:97,11,0,9
BRDA:97,11,1,3
BRDA:107,12,0,1
BRDA:107,12,1,1
BRF:25
BRH:20
end_of_record
TN:
SF:src/lib/cache/keys.ts
FN:2,(anonymous_0)
FN:3,(anonymous_1)
FN:4,(anonymous_2)
FN:5,(anonymous_3)
FNF:4
FNH:4
FNDA:1,(anonymous_0)
FNDA:1,(anonymous_1)
FNDA:1,(anonymous_2)
FNDA:1,(anonymous_3)
DA:1,1
DA:2,1
DA:3,1
DA:4,1
DA:5,1
DA:10,1
DA:18,1
LF:7
LH:7
BRF:0
BRH:0
end_of_record
TN:
SF:src/lib/config/backend.ts
FN:5,normalizeUrl
FN:9,mapAndroidLocalhost
FN:17,getBackendBaseUrl
FN:22,getApiBaseUrl
FNF:4
FNH:4
FNDA:8,normalizeUrl
FNDA:8,mapAndroidLocalhost
FNDA:7,getBackendBaseUrl
FNDA:4,getApiBaseUrl
DA:3,8
DA:6,8
DA:10,8
DA:12,0
DA:18,7
DA:19,7
DA:23,4
DA:24,4
DA:25,1
DA:28,3
LF:10
LH:9
BRDA:10,0,0,8
BRDA:10,0,1,0
BRDA:18,1,0,7
BRDA:18,1,1,4
BRDA:24,2,0,1
BRDA:24,2,1,3
BRDA:24,3,0,4
BRDA:24,3,1,2
BRF:8
BRH:7
end_of_record
TN:
SF:src/lib/offline/exerciseCache.ts
FN:6,exerciseCacheKey
FN:10,getCachedExercise
FN:14,cacheExercise
FN:18,fetchExerciseWithCache
FN:31,cacheExercisesForDay
FN:33,(anonymous_5)
FNF:6
FNH:0
FNDA:0,exerciseCacheKey
FNDA:0,getCachedExercise
FNDA:0,cacheExercise
FNDA:0,fetchExerciseWithCache
FNDA:0,cacheExercisesForDay
FNDA:0,(anonymous_5)
DA:7,0
DA:11,0
DA:15,0
DA:19,0
DA:20,0
DA:22,0
DA:23,0
DA:24,0
DA:25,0
DA:27,0
DA:32,0
DA:34,0
DA:35,0
DA:36,0
DA:37,0
DA:38,0
LF:16
LH:0
BRDA:20,0,0,0
BRDA:20,0,1,0
BRDA:35,1,0,0
BRDA:35,1,1,0
BRF:4
BRH:0
end_of_record
TN:
SF:src/lib/offline/index.ts
FNF:0
FNH:0
LF:0
LH:0
BRF:0
BRH:0
end_of_record
TN:
SF:src/lib/offline/offlineApi.ts
FN:32,checkOnline
FN:41,offlineStartSession
FN:98,offlineGetSession
FN:128,offlineLogSet
FN:175,offlineUpdateLog
FN:214,offlineDeleteLog
FN:230,(anonymous_6)
FN:249,updateQueuedLogSet
FN:265,(anonymous_8)
FN:272,removeQueuedLogSetByData
FN:293,offlineSessionAction
FN:401,offlinePauseSession
FN:407,offlineResumeSession
FN:413,offlineFinishSession
FN:419,offlineAbandonSession
FNF:15
FNH:0
FNDA:0,checkOnline
FNDA:0,offlineStartSession
FNDA:0,offlineGetSession
FNDA:0,offlineLogSet
FNDA:0,offlineUpdateLog
FNDA:0,offlineDeleteLog
FNDA:0,(anonymous_6)
FNDA:0,updateQueuedLogSet
FNDA:0,(anonymous_8)
FNDA:0,removeQueuedLogSetByData
FNDA:0,offlineSessionAction
FNDA:0,offlinePauseSession
FNDA:0,offlineResumeSession
FNDA:0,offlineFinishSession
FNDA:0,offlineAbandonSession
DA:33,0
DA:36,0
DA:42,0
DA:44,0
DA:45,0
DA:46,0
DA:47,0
DA:48,0
DA:49,0
DA:52,0
DA:54,0
DA:57,0
DA:63,0
DA:64,0
DA:65,0
DA:68,0
DA:69,0
DA:71,0
DA:85,0
DA:86,0
DA:88,0
DA:93,0
DA:99,0
DA:100,0
DA:101,0
DA:102,0
DA:103,0
DA:106,0
DA:107,0
DA:108,0
DA:109,0
DA:111,0
DA:112,0
DA:114,0
DA:120,0
DA:121,0
DA:122,0
DA:123,0
DA:129,0
DA:131,0
DA:132,0
DA:133,0
DA:134,0
DA:136,0
DA:142,0
DA:143,0
DA:144,0
DA:147,0
DA:148,0
DA:150,0
DA:163,0
DA:165,0
DA:170,0
DA:180,0
DA:182,0
DA:183,0
DA:184,0
DA:186,0
DA:191,0
DA:196,0
DA:198,0
DA:201,0
DA:203,0
DA:209,0
DA:215,0
DA:217,0
DA:218,0
DA:219,0
DA:220,0
DA:221,0
DA:223,0
DA:227,0
DA:229,0
DA:230,0
DA:232,0
DA:235,0
DA:236,0
DA:239,0
DA:240,0
DA:253,0
DA:254,0
DA:255,0
DA:262,0
DA:263,0
DA:265,0
DA:266,0
DA:267,0
DA:277,0
DA:278,0
DA:279,0
DA:285,0
DA:286,0
DA:297,0
DA:299,0
DA:300,0
DA:301,0
DA:303,0
DA:304,0
DA:306,0
DA:307,0
DA:308,0
DA:309,0
DA:310,0
DA:312,0
DA:314,0
DA:315,0
DA:316,0
DA:317,0
DA:318,0
DA:320,0
DA:321,0
DA:322,0
DA:324,0
DA:327,0
DA:329,0
DA:334,0
DA:335,0
DA:338,0
DA:342,0
DA:343,0
DA:345,0
DA:348,0
DA:350,0
DA:352,0
DA:353,0
DA:354,0
DA:355,0
DA:356,0
DA:357,0
DA:360,0
DA:361,0
DA:362,0
DA:363,0
DA:365,0
DA:366,0
DA:367,0
DA:368,0
DA:370,0
DA:371,0
DA:372,0
DA:373,0
DA:376,0
DA:377,0
DA:378,0
DA:379,0
DA:381,0
DA:382,0
DA:383,0
DA:387,0
DA:389,0
DA:390,0
DA:393,0
DA:398,0
DA:402,0
DA:403,0
DA:404,0
DA:408,0
DA:409,0
DA:410,0
DA:414,0
DA:415,0
DA:416,0
DA:420,0
DA:421,0
DA:422,0
LF:165
LH:0
BRDA:36,0,0,0
BRDA:36,0,1,0
BRDA:44,1,0,0
BRDA:44,1,1,0
BRDA:52,2,0,0
BRDA:52,2,1,0
BRDA:54,3,0,0
BRDA:54,3,1,0
BRDA:64,4,0,0
BRDA:64,4,1,0
BRDA:65,5,0,0
BRDA:65,5,1,0
BRDA:99,6,0,0
BRDA:99,6,1,0
BRDA:101,7,0,0
BRDA:101,7,1,0
BRDA:107,8,0,0
BRDA:107,8,1,0
BRDA:111,9,0,0
BRDA:111,9,1,0
BRDA:114,10,0,0
BRDA:114,10,1,0
BRDA:121,11,0,0
BRDA:121,11,1,0
BRDA:131,12,0,0
BRDA:131,12,1,0
BRDA:131,13,0,0
BRDA:131,13,1,0
BRDA:136,14,0,0
BRDA:136,14,1,0
BRDA:143,15,0,0
BRDA:143,15,1,0
BRDA:144,16,0,0
BRDA:144,16,1,0
BRDA:182,17,0,0
BRDA:182,17,1,0
BRDA:182,18,0,0
BRDA:182,18,1,0
BRDA:186,19,0,0
BRDA:186,19,1,0
BRDA:196,20,0,0
BRDA:196,20,1,0
BRDA:198,21,0,0
BRDA:198,21,1,0
BRDA:217,22,0,0
BRDA:217,22,1,0
BRDA:217,23,0,0
BRDA:217,23,1,0
BRDA:223,24,0,0
BRDA:223,24,1,0
BRDA:227,25,0,0
BRDA:227,25,1,0
BRDA:235,26,0,0
BRDA:235,26,1,0
BRDA:255,27,0,0
BRDA:255,27,1,0
BRDA:256,28,0,0
BRDA:256,28,1,0
BRDA:256,28,2,0
BRDA:256,28,3,0
BRDA:265,29,0,0
BRDA:265,29,1,0
BRDA:279,30,0,0
BRDA:279,30,1,0
BRDA:280,31,0,0
BRDA:280,31,1,0
BRDA:280,31,2,0
BRDA:280,31,3,0
BRDA:299,32,0,0
BRDA:299,32,1,0
BRDA:299,33,0,0
BRDA:299,33,1,0
BRDA:303,34,0,0
BRDA:303,34,1,0
BRDA:303,35,0,0
BRDA:303,35,1,0
BRDA:307,36,0,0
BRDA:307,36,1,0
BRDA:308,37,0,0
BRDA:308,37,1,0
BRDA:312,38,0,0
BRDA:312,38,1,0
BRDA:312,39,0,0
BRDA:312,39,1,0
BRDA:315,40,0,0
BRDA:315,40,1,0
BRDA:316,41,0,0
BRDA:316,41,1,0
BRDA:329,42,0,0
BRDA:329,42,1,0
BRDA:335,43,0,0
BRDA:335,43,1,0
BRDA:342,44,0,0
BRDA:342,44,1,0
BRDA:342,45,0,0
BRDA:342,45,1,0
BRDA:350,46,0,0
BRDA:350,46,1,0
BRDA:350,46,2,0
BRDA:350,46,3,0
BRDA:352,47,0,0
BRDA:352,47,1,0
BRDA:365,48,0,0
BRDA:365,48,1,0
BRDA:366,49,0,0
BRDA:366,49,1,0
BRDA:376,50,0,0
BRDA:376,50,1,0
BRDA:377,51,0,0
BRDA:377,51,1,0
BRDA:389,52,0,0
BRDA:389,52,1,0
BRDA:389,53,0,0
BRDA:389,53,1,0
BRDA:403,54,0,0
BRDA:403,54,1,0
BRDA:409,55,0,0
BRDA:409,55,1,0
BRDA:415,56,0,0
BRDA:415,56,1,0
BRDA:421,57,0,0
BRDA:421,57,1,0
BRF:122
BRH:0
end_of_record
TN:
SF:src/lib/offline/offlineLimits.ts
FN:10,canStartSession
FN:14,(anonymous_1)
FN:22,canCreatePlan
FN:28,(anonymous_3)
FN:35,canAddSet
FNF:5
FNH:0
FNDA:0,canStartSession
FNDA:0,(anonymous_1)
FNDA:0,canCreatePlan
FNDA:0,(anonymous_3)
FNDA:0,canAddSet
DA:7,0
DA:8,0
DA:11,0
DA:12,0
DA:13,0
DA:14,0
DA:15,0
DA:16,0
DA:19,0
DA:23,0
DA:24,0
DA:25,0
DA:28,0
DA:29,0
DA:30,0
DA:32,0
DA:36,0
DA:37,0
DA:39,0
LF:19
LH:0
BRDA:12,0,0,0
BRDA:12,0,1,0
BRDA:15,1,0,0
BRDA:15,1,1,0
BRDA:15,2,0,0
BRDA:15,2,1,0
BRDA:15,2,2,0
BRDA:24,3,0,0
BRDA:24,3,1,0
BRDA:28,4,0,0
BRDA:28,4,1,0
BRDA:29,5,0,0
BRDA:29,5,1,0
BRDA:36,6,0,0
BRDA:36,6,1,0
BRF:15
BRH:0
end_of_record
TN:
SF:src/lib/offline/offlineStore.ts
FN:14,readJson
FN:24,writeJson
FN:28,generateOfflineId
FN:32,isOfflineId
FN:38,saveOfflineSession
FN:44,getOfflineSession
FN:49,getAllOfflineSessions
FN:54,removeOfflineSession
FN:60,getActiveOfflineSessionId
FN:64,setActiveOfflineSessionId
FN:74,saveOfflineLogs
FN:80,getOfflineLogs
FN:85,addOfflineLog
FN:91,updateOfflineLog
FN:97,(anonymous_14)
FN:104,deleteOfflineLog
FN:108,(anonymous_16)
FN:112,removeOfflineLogs
FN:120,setIdMapping
FN:126,getIdMapping
FN:131,clearIdMappings
FN:137,persistSessionState
FN:139,(anonymous_22)
FN:143,clearPersistedSession
FN:156,cleanupStaleSessions
FNF:25
FNH:0
FNDA:0,readJson
FNDA:0,writeJson
FNDA:0,generateOfflineId
FNDA:0,isOfflineId
FNDA:0,saveOfflineSession
FNDA:0,getOfflineSession
FNDA:0,getAllOfflineSessions
FNDA:0,removeOfflineSession
FNDA:0,getActiveOfflineSessionId
FNDA:0,setActiveOfflineSessionId
FNDA:0,saveOfflineLogs
FNDA:0,getOfflineLogs
FNDA:0,addOfflineLog
FNDA:0,updateOfflineLog
FNDA:0,(anonymous_14)
FNDA:0,deleteOfflineLog
FNDA:0,(anonymous_16)
FNDA:0,removeOfflineLogs
FNDA:0,setIdMapping
FNDA:0,getIdMapping
FNDA:0,clearIdMappings
FNDA:0,persistSessionState
FNDA:0,(anonymous_22)
FNDA:0,clearPersistedSession
FNDA:0,cleanupStaleSessions
DA:4,0
DA:15,0
DA:16,0
DA:17,0
DA:18,0
DA:20,0
DA:25,0
DA:29,0
DA:33,0
DA:39,0
DA:40,0
DA:41,0
DA:45,0
DA:46,0
DA:50,0
DA:51,0
DA:55,0
DA:56,0
DA:57,0
DA:61,0
DA:65,0
DA:66,0
DA:68,0
DA:75,0
DA:76,0
DA:77,0
DA:81,0
DA:82,0
DA:86,0
DA:87,0
DA:88,0
DA:96,0
DA:97,0
DA:98,0
DA:99,0
DA:100,0
DA:101,0
DA:105,0
DA:106,0
DA:108,0
DA:113,0
DA:114,0
DA:115,0
DA:121,0
DA:122,0
DA:123,0
DA:127,0
DA:128,0
DA:132,0
DA:138,0
DA:139,0
DA:140,0
DA:144,0
DA:145,0
DA:146,0
DA:147,0
DA:148,0
DA:154,0
DA:157,0
DA:158,0
DA:159,0
DA:161,0
DA:162,0
DA:163,0
DA:166,0
DA:167,0
DA:168,0
DA:169,0
DA:173,0
DA:174,0
LF:70
LH:0
BRDA:16,0,0,0
BRDA:16,0,1,0
BRDA:46,1,0,0
BRDA:46,1,1,0
BRDA:65,2,0,0
BRDA:65,2,1,0
BRDA:82,3,0,0
BRDA:82,3,1,0
BRDA:98,4,0,0
BRDA:98,4,1,0
BRDA:128,5,0,0
BRDA:128,5,1,0
BRDA:147,6,0,0
BRDA:147,6,1,0
BRDA:163,7,0,0
BRDA:163,7,1,0
BRDA:166,8,0,0
BRDA:166,8,1,0
BRDA:166,9,0,0
BRDA:166,9,1,0
BRDA:173,10,0,0
BRDA:173,10,1,0
BRF:22
BRH:0
end_of_record
TN:
SF:src/lib/offline/syncEngine.ts
FN:18,resolveSessionId
FN:24,processMutation
FN:120,processOfflineQueue
FN:132,processOfflineQueueInternal
FN:137,(anonymous_4)
FN:174,(anonymous_5)
FNF:6
FNH:0
FNDA:0,resolveSessionId
FNDA:0,processMutation
FNDA:0,processOfflineQueue
FNDA:0,processOfflineQueueInternal
FNDA:0,(anonymous_4)
FNDA:0,(anonymous_5)
DA:19,0
DA:20,0
DA:21,0
DA:25,0
DA:27,0
DA:29,0
DA:30,0
DA:34,0
DA:35,0
DA:39,0
DA:42,0
DA:43,0
DA:45,0
DA:48,0
DA:52,0
DA:53,0
DA:54,0
DA:56,0
DA:62,0
DA:68,0
DA:69,0
DA:73,0
DA:77,0
DA:78,0
DA:79,0
DA:83,0
DA:84,0
DA:85,0
DA:86,0
DA:90,0
DA:91,0
DA:92,0
DA:93,0
DA:97,0
DA:98,0
DA:99,0
DA:101,0
DA:102,0
DA:106,0
DA:107,0
DA:108,0
DA:109,0
DA:110,0
DA:114,0
DA:118,0
DA:122,0
DA:123,0
DA:125,0
DA:126,0
DA:128,0
DA:133,0
DA:134,0
DA:137,0
DA:139,0
DA:141,0
DA:142,0
DA:143,0
DA:144,0
DA:145,0
DA:147,0
DA:148,0
DA:153,0
DA:154,0
DA:155,0
DA:156,0
DA:160,0
DA:161,0
DA:162,0
DA:163,0
DA:168,0
DA:169,0
DA:170,0
DA:174,0
DA:176,0
LF:74
LH:0
BRDA:19,0,0,0
BRDA:19,0,1,0
BRDA:21,1,0,0
BRDA:21,1,1,0
BRDA:27,2,0,0
BRDA:27,2,1,0
BRDA:27,2,2,0
BRDA:27,2,3,0
BRDA:27,2,4,0
BRDA:27,2,5,0
BRDA:27,2,6,0
BRDA:27,2,7,0
BRDA:27,2,8,0
BRDA:27,2,9,0
BRDA:42,3,0,0
BRDA:42,3,1,0
BRDA:42,4,0,0
BRDA:42,4,1,0
BRDA:53,5,0,0
BRDA:53,5,1,0
BRDA:68,6,0,0
BRDA:68,6,1,0
BRDA:77,7,0,0
BRDA:77,7,1,0
BRDA:84,8,0,0
BRDA:84,8,1,0
BRDA:91,9,0,0
BRDA:91,9,1,0
BRDA:98,10,0,0
BRDA:98,10,1,0
BRDA:107,11,0,0
BRDA:107,11,1,0
BRDA:122,12,0,0
BRDA:122,12,1,0
BRDA:134,13,0,0
BRDA:134,13,1,0
BRDA:147,14,0,0
BRDA:147,14,1,0
BRDA:153,15,0,0
BRDA:153,15,1,0
BRDA:153,16,0,0
BRDA:153,16,1,0
BRDA:169,17,0,0
BRDA:169,17,1,0
BRF:44
BRH:0
end_of_record
TN:
SF:src/lib/offline/videoCache.ts
FN:5,sanitizeFilename
FN:9,getVideoDir
FN:13,ensureDir
FN:20,getCachedVideoUri
FN:33,cacheVideo
FN:50,cacheWorkoutVideos
FN:55,(anonymous_6)
FN:58,clearVideoCache
FNF:8
FNH:0
FNDA:0,sanitizeFilename
FNDA:0,getVideoDir
FNDA:0,ensureDir
FNDA:0,getCachedVideoUri
FNDA:0,cacheVideo
FNDA:0,cacheWorkoutVideos
FNDA:0,(anonymous_6)
FNDA:0,clearVideoCache
DA:3,0
DA:6,0
DA:10,0
DA:14,0
DA:15,0
DA:16,0
DA:21,0
DA:22,0
DA:24,0
DA:25,0
DA:30,0
DA:34,0
DA:35,0
DA:36,0
DA:37,0
DA:39,0
DA:41,0
DA:43,0
DA:45,0
DA:46,0
DA:51,0
DA:52,0
DA:54,0
DA:55,0
DA:59,0
DA:60,0
DA:61,0
DA:62,0
LF:28
LH:0
BRDA:15,0,0,0
BRDA:15,0,1,0
BRDA:25,1,0,0
BRDA:25,1,1,0
BRDA:39,2,0,0
BRDA:39,2,1,0
BRDA:52,3,0,0
BRDA:52,3,1,0
BRDA:61,4,0,0
BRDA:61,4,1,0
BRF:10
BRH:0
end_of_record
TN:
SF:src/providers/AICoachProvider.tsx
FN:24,AICoachProvider
FN:30,(anonymous_1)
FN:31,(anonymous_2)
FN:40,(anonymous_3)
FN:54,(anonymous_4)
FN:63,(anonymous_5)
FN:68,(anonymous_6)
FN:72,(anonymous_7)
FN:86,(anonymous_8)
FN:89,(anonymous_9)
FN:98,(anonymous_10)
FN:100,(anonymous_11)
FN:101,(anonymous_12)
FN:107,(anonymous_13)
FN:123,useAICoach
FNF:15
FNH:0
FNDA:0,AICoachProvider
FNDA:0,(anonymous_1)
FNDA:0,(anonymous_2)
FNDA:0,(anonymous_3)
FNDA:0,(anonymous_4)
FNDA:0,(anonymous_5)
FNDA:0,(anonymous_6)
FNDA:0,(anonymous_7)
FNDA:0,(anonymous_8)
FNDA:0,(anonymous_9)
FNDA:0,(anonymous_10)
FNDA:0,(anonymous_11)
FNDA:0,(anonymous_12)
FNDA:0,(anonymous_13)
FNDA:0,useAICoach
DA:22,0
DA:25,0
DA:26,0
DA:27,0
DA:28,0
DA:30,0
DA:31,0
DA:32,0
DA:35,0
DA:37,0
DA:39,0
DA:40,0
DA:45,0
DA:47,0
DA:51,0
DA:54,0
DA:55,0
DA:56,0
DA:57,0
DA:59,0
DA:63,0
DA:64,0
DA:65,0
DA:68,0
DA:69,0
DA:71,0
DA:72,0
DA:73,0
DA:75,0
DA:76,0
DA:81,0
DA:86,0
DA:88,0
DA:89,0
DA:94,0
DA:98,0
DA:99,0
DA:100,0
DA:102,0
DA:106,0
DA:107,0
DA:120,0
DA:124,0
DA:125,0
DA:126,0
DA:128,0
LF:46
LH:0
BRDA:37,0,0,0
BRDA:37,0,1,0
BRDA:40,1,0,0
BRDA:40,1,1,0
BRDA:41,2,0,0
BRDA:41,2,1,0
BRDA:55,3,0,0
BRDA:55,3,1,0
BRDA:69,4,0,0
BRDA:69,4,1,0
BRDA:125,5,0,0
BRDA:125,5,1,0
BRF:12
BRH:0
end_of_record
TN:
SF:src/providers/AuthProvider.tsx
FN:47,AuthProvider
FN:60,(anonymous_1)
FN:68,(anonymous_2)
FN:79,(anonymous_3)
FN:83,(anonymous_4)
FN:86,(anonymous_5)
FN:96,(anonymous_6)
FN:107,(anonymous_7)
FN:114,(anonymous_8)
FN:118,(anonymous_9)
FN:132,(anonymous_10)
FN:139,(anonymous_11)
FN:140,(anonymous_12)
FN:170,(anonymous_13)
FN:207,(anonymous_14)
FN:210,(anonymous_15)
FN:216,(anonymous_16)
FN:217,(anonymous_17)
FN:236,(anonymous_18)
FN:239,(anonymous_19)
FN:248,(anonymous_20)
FN:254,(anonymous_21)
FN:259,(anonymous_22)
FN:276,useAuth
FNF:24
FNH:0
FNDA:0,AuthProvider
FNDA:0,(anonymous_1)
FNDA:0,(anonymous_2)
FNDA:0,(anonymous_3)
FNDA:0,(anonymous_4)
FNDA:0,(anonymous_5)
FNDA:0,(anonymous_6)
FNDA:0,(anonymous_7)
FNDA:0,(anonymous_8)
FNDA:0,(anonymous_9)
FNDA:0,(anonymous_10)
FNDA:0,(anonymous_11)
FNDA:0,(anonymous_12)
FNDA:0,(anonymous_13)
FNDA:0,(anonymous_14)
FNDA:0,(anonymous_15)
FNDA:0,(anonymous_16)
FNDA:0,(anonymous_17)
FNDA:0,(anonymous_18)
FNDA:0,(anonymous_19)
FNDA:0,(anonymous_20)
FNDA:0,(anonymous_21)
FNDA:0,(anonymous_22)
FNDA:0,useAuth
DA:18,0
DA:32,0
DA:45,0
DA:48,0
DA:49,0
DA:50,0
DA:52,0
DA:53,0
DA:54,0
DA:55,0
DA:57,0
DA:58,0
DA:60,0
DA:61,0
DA:62,0
DA:63,0
DA:67,0
DA:68,0
DA:69,0
DA:72,0
DA:73,0
DA:75,0
DA:76,0
DA:78,0
DA:80,0
DA:81,0
DA:82,0
DA:83,0
DA:86,0
DA:87,0
DA:91,0
DA:92,0
DA:93,0
DA:94,0
DA:95,0
DA:96,0
DA:98,0
DA:102,0
DA:103,0
DA:107,0
DA:108,0
DA:109,0
DA:111,0
DA:112,0
DA:113,0
DA:115,0
DA:116,0
DA:118,0
DA:119,0
DA:122,0
DA:123,0
DA:124,0
DA:125,0
DA:127,0
DA:132,0
DA:133,0
DA:134,0
DA:139,0
DA:140,0
DA:141,0
DA:145,0
DA:147,0
DA:149,0
DA:150,0
DA:152,0
DA:156,0
DA:157,0
DA:160,0
DA:162,0
DA:166,0
DA:170,0
DA:171,0
DA:172,0
DA:173,0
DA:174,0
DA:175,0
DA:176,0
DA:179,0
DA:180,0
DA:182,0
DA:183,0
DA:184,0
DA:189,0
DA:190,0
DA:191,0
DA:192,0
DA:194,0
DA:197,0
DA:198,0
DA:200,0
DA:203,0
DA:207,0
DA:210,0
DA:211,0
DA:212,0
DA:216,0
DA:217,0
DA:218,0
DA:220,0
DA:221,0
DA:222,0
DA:224,0
DA:225,0
DA:226,0
DA:229,0
DA:233,0
DA:236,0
DA:238,0
DA:239,0
DA:241,0
DA:242,0
DA:243,0
DA:244,0
DA:245,0
DA:248,0
DA:249,0
DA:250,0
DA:251,0
DA:254,0
DA:255,0
DA:258,0
DA:259,0
DA:273,0
DA:277,0
DA:278,0
DA:279,0
DA:281,0
LF:127
LH:0
BRDA:61,0,0,0
BRDA:61,0,1,0
BRDA:75,1,0,0
BRDA:75,1,1,0
BRDA:82,2,0,0
BRDA:82,2,1,0
BRDA:95,3,0,0
BRDA:95,3,1,0
BRDA:111,4,0,0
BRDA:111,4,1,0
BRDA:112,5,0,0
BRDA:112,5,1,0
BRDA:115,6,0,0
BRDA:115,6,1,0
BRDA:124,7,0,0
BRDA:124,7,1,0
BRDA:133,8,0,0
BRDA:133,8,1,0
BRDA:133,9,0,0
BRDA:133,9,1,0
BRDA:133,9,2,0
BRDA:133,9,3,0
BRDA:147,10,0,0
BRDA:147,10,1,0
BRDA:149,11,0,0
BRDA:149,11,1,0
BRDA:152,12,0,0
BRDA:152,12,1,0
BRDA:152,13,0,0
BRDA:152,13,1,0
BRDA:171,14,0,0
BRDA:171,14,1,0
BRDA:179,15,0,0
BRDA:179,15,1,0
BRDA:182,16,0,0
BRDA:182,16,1,0
BRDA:182,17,0,0
BRDA:182,17,1,0
BRDA:182,17,2,0
BRDA:189,18,0,0
BRDA:189,18,1,0
BRDA:189,18,2,0
BRDA:190,19,0,0
BRDA:190,19,1,0
BRDA:211,20,0,0
BRDA:211,20,1,0
BRDA:218,21,0,0
BRDA:218,21,1,0
BRDA:218,22,0,0
BRDA:218,22,1,0
BRDA:222,23,0,0
BRDA:222,23,1,0
BRDA:225,24,0,0
BRDA:225,24,1,0
BRDA:238,25,0,0
BRDA:238,25,1,0
BRDA:251,26,0,0
BRDA:251,26,1,0
BRDA:278,27,0,0
BRDA:278,27,1,0
BRF:60
BRH:0
end_of_record
TN:
SF:src/providers/QueryProvider.tsx
FN:7,(anonymous_0)
FN:8,(anonymous_1)
FN:13,(anonymous_2)
FN:31,QueryProvider
FNF:4
FNH:0
FNDA:0,(anonymous_0)
FNDA:0,(anonymous_1)
FNDA:0,(anonymous_2)
FNDA:0,QueryProvider
DA:7,0
DA:8,0
DA:9,0
DA:10,0
DA:13,0
DA:16,0
DA:32,0
LF:7
LH:0
BRDA:9,0,0,0
BRDA:9,0,1,0
BRF:2
BRH:0
end_of_record
TN:
SF:src/providers/ThemeProvider.tsx
FN:22,ThemeProvider
FN:30,(anonymous_1)
FN:32,(anonymous_2)
FN:37,(anonymous_3)
FN:40,(anonymous_4)
FN:41,(anonymous_5)
FN:44,(anonymous_6)
FN:51,(anonymous_7)
FN:54,(anonymous_8)
FN:60,(anonymous_9)
FN:65,(anonymous_10)
FN:72,useTheme
FNF:12
FNH:0
FNDA:0,ThemeProvider
FNDA:0,(anonymous_1)
FNDA:0,(anonymous_2)
FNDA:0,(anonymous_3)
FNDA:0,(anonymous_4)
FNDA:0,(anonymous_5)
FNDA:0,(anonymous_6)
FNDA:0,(anonymous_7)
FNDA:0,(anonymous_8)
FNDA:0,(anonymous_9)
FNDA:0,(anonymous_10)
FNDA:0,useTheme
DA:20,0
DA:27,0
DA:28,0
DA:30,0
DA:31,0
DA:33,0
DA:34,0
DA:37,0
DA:40,0
DA:41,0
DA:44,0
DA:45,0
DA:46,0
DA:47,0
DA:51,0
DA:52,0
DA:53,0
DA:54,0
DA:55,0
DA:60,0
DA:61,0
DA:64,0
DA:65,0
DA:69,0
DA:73,0
DA:74,0
DA:75,0
DA:77,0
LF:28
LH:0
BRDA:24,0,0,0
BRDA:25,1,0,0
BRDA:33,2,0,0
BRDA:33,2,1,0
BRDA:33,3,0,0
BRDA:33,3,1,0
BRDA:46,4,0,0
BRDA:46,4,1,0
BRDA:46,5,0,0
BRDA:46,5,1,0
BRDA:53,6,0,0
BRDA:53,6,1,0
BRDA:61,7,0,0
BRDA:61,7,1,0
BRDA:74,8,0,0
BRDA:74,8,1,0
BRF:16
BRH:0
end_of_record
TN:
SF:src/providers/WorkoutProvider.tsx
FN:47,(anonymous_0)
FN:53,WorkoutProvider
FN:63,(anonymous_2)
FN:70,(anonymous_3)
FN:85,(anonymous_4)
FN:130,(anonymous_5)
FN:139,(anonymous_6)
FN:146,(anonymous_7)
FN:161,(anonymous_8)
FN:172,(anonymous_9)
FN:176,(anonymous_10)
FN:179,(anonymous_11)
FN:183,(anonymous_12)
FN:193,(anonymous_13)
FN:204,(anonymous_14)
FN:207,(anonymous_15)
FN:224,(anonymous_16)
FN:235,(anonymous_17)
FN:246,(anonymous_18)
FN:258,(anonymous_19)
FN:270,(anonymous_20)
FN:274,(anonymous_21)
FN:278,(anonymous_22)
FN:282,(anonymous_23)
FN:288,(anonymous_24)
FN:303,(anonymous_25)
FN:316,useWorkout
FN:324,useWorkoutTimer
FNF:28
FNH:0
FNDA:0,(anonymous_0)
FNDA:0,WorkoutProvider
FNDA:0,(anonymous_2)
FNDA:0,(anonymous_3)
FNDA:0,(anonymous_4)
FNDA:0,(anonymous_5)
FNDA:0,(anonymous_6)
FNDA:0,(anonymous_7)
FNDA:0,(anonymous_8)
FNDA:0,(anonymous_9)
FNDA:0,(anonymous_10)
FNDA:0,(anonymous_11)
FNDA:0,(anonymous_12)
FNDA:0,(anonymous_13)
FNDA:0,(anonymous_14)
FNDA:0,(anonymous_15)
FNDA:0,(anonymous_16)
FNDA:0,(anonymous_17)
FNDA:0,(anonymous_18)
FNDA:0,(anonymous_19)
FNDA:0,(anonymous_20)
FNDA:0,(anonymous_21)
FNDA:0,(anonymous_22)
FNDA:0,(anonymous_23)
FNDA:0,(anonymous_24)
FNDA:0,(anonymous_25)
FNDA:0,useWorkout
FNDA:0,useWorkoutTimer
DA:30,0
DA:45,0
DA:47,0
DA:48,0
DA:49,0
DA:50,0
DA:54,0
DA:55,0
DA:56,0
DA:57,0
DA:58,0
DA:59,0
DA:60,0
DA:63,0
DA:64,0
DA:65,0
DA:66,0
DA:70,0
DA:71,0
DA:72,0
DA:73,0
DA:74,0
DA:75,0
DA:79,0
DA:80,0
DA:81,0
DA:82,0
DA:83,0
DA:85,0
DA:88,0
DA:89,0
DA:90,0
DA:91,0
DA:92,0
DA:93,0
DA:94,0
DA:97,0
DA:98,0
DA:100,0
DA:101,0
DA:103,0
DA:109,0
DA:110,0
DA:111,0
DA:112,0
DA:113,0
DA:114,0
DA:116,0
DA:117,0
DA:120,0
DA:121,0
DA:126,0
DA:130,0
DA:131,0
DA:135,0
DA:136,0
DA:139,0
DA:140,0
DA:141,0
DA:142,0
DA:143,0
DA:146,0
DA:147,0
DA:148,0
DA:149,0
DA:152,0
DA:153,0
DA:154,0
DA:155,0
DA:156,0
DA:159,0
DA:160,0
DA:161,0
DA:162,0
DA:167,0
DA:169,0
DA:170,0
DA:172,0
DA:176,0
DA:177,0
DA:178,0
DA:179,0
DA:183,0
DA:184,0
DA:185,0
DA:186,0
DA:188,0
DA:193,0
DA:194,0
DA:196,0
DA:197,0
DA:198,0
DA:199,0
DA:204,0
DA:205,0
DA:207,0
DA:208,0
DA:210,0
DA:211,0
DA:213,0
DA:214,0
DA:216,0
DA:217,0
DA:221,0
DA:224,0
DA:225,0
DA:226,0
DA:227,0
DA:228,0
DA:230,0
DA:231,0
DA:235,0
DA:236,0
DA:237,0
DA:238,0
DA:239,0
DA:241,0
DA:242,0
DA:246,0
DA:247,0
DA:248,0
DA:249,0
DA:250,0
DA:251,0
DA:253,0
DA:254,0
DA:258,0
DA:259,0
DA:260,0
DA:261,0
DA:262,0
DA:263,0
DA:265,0
DA:266,0
DA:270,0
DA:271,0
DA:274,0
DA:275,0
DA:278,0
DA:279,0
DA:282,0
DA:283,0
DA:287,0
DA:288,0
DA:302,0
DA:303,0
DA:307,0
DA:317,0
DA:318,0
DA:319,0
DA:321,0
DA:325,0
DA:326,0
DA:327,0
DA:329,0
LF:155
LH:0
BRDA:64,0,0,0
BRDA:64,0,1,0
BRDA:71,1,0,0
BRDA:71,1,1,0
BRDA:79,2,0,0
BRDA:79,2,1,0
BRDA:82,3,0,0
BRDA:82,3,1,0
BRDA:82,4,0,0
BRDA:82,4,1,0
BRDA:85,5,0,0
BRDA:85,5,1,0
BRDA:89,6,0,0
BRDA:89,6,1,0
BRDA:91,7,0,0
BRDA:91,7,1,0
BRDA:91,8,0,0
BRDA:91,8,1,0
BRDA:91,8,2,0
BRDA:111,9,0,0
BRDA:111,9,1,0
BRDA:113,10,0,0
BRDA:113,10,1,0
BRDA:113,11,0,0
BRDA:113,11,1,0
BRDA:113,11,2,0
BRDA:140,12,0,0
BRDA:140,12,1,0
BRDA:147,13,0,0
BRDA:147,13,1,0
BRDA:153,14,0,0
BRDA:153,14,1,0
BRDA:159,15,0,0
BRDA:159,15,1,0
BRDA:159,16,0,0
BRDA:159,16,1,0
BRDA:169,17,0,0
BRDA:169,17,1,0
BRDA:177,18,0,0
BRDA:177,18,1,0
BRDA:177,19,0,0
BRDA:177,19,1,0
BRDA:184,20,0,0
BRDA:184,20,1,0
BRDA:194,21,0,0
BRDA:194,21,1,0
BRDA:194,22,0,0
BRDA:194,22,1,0
BRDA:197,23,0,0
BRDA:197,23,1,0
BRDA:205,24,0,0
BRDA:205,24,1,0
BRDA:208,25,0,0
BRDA:208,25,1,0
BRDA:208,25,2,0
BRDA:225,26,0,0
BRDA:225,26,1,0
BRDA:236,27,0,0
BRDA:236,27,1,0
BRDA:247,28,0,0
BRDA:247,28,1,0
BRDA:259,29,0,0
BRDA:259,29,1,0
BRDA:318,30,0,0
BRDA:318,30,1,0
BRDA:326,31,0,0
BRDA:326,31,1,0
BRF:67
BRH:0
end_of_record
TN:
SF:src/screens/SplashScreen.tsx
FN:60,SplashScreen
FN:77,(anonymous_1)
FN:92,(anonymous_2)
FN:133,(anonymous_3)
FN:145,(anonymous_4)
FN:179,(anonymous_5)
FN:184,(anonymous_6)
FN:188,(anonymous_7)
FN:193,(anonymous_8)
FN:198,(anonymous_9)
FN:202,(anonymous_10)
FN:206,(anonymous_11)
FN:213,(anonymous_12)
FN:222,(anonymous_13)
FN:223,(anonymous_14)
FN:232,(anonymous_15)
FN:236,(anonymous_16)
FN:299,(anonymous_17)
FNF:18
FNH:0
FNDA:0,SplashScreen
FNDA:0,(anonymous_1)
FNDA:0,(anonymous_2)
FNDA:0,(anonymous_3)
FNDA:0,(anonymous_4)
FNDA:0,(anonymous_5)
FNDA:0,(anonymous_6)
FNDA:0,(anonymous_7)
FNDA:0,(anonymous_8)
FNDA:0,(anonymous_9)
FNDA:0,(anonymous_10)
FNDA:0,(anonymous_11)
FNDA:0,(anonymous_12)
FNDA:0,(anonymous_13)
FNDA:0,(anonymous_14)
FNDA:0,(anonymous_15)
FNDA:0,(anonymous_16)
FNDA:0,(anonymous_17)
DA:46,0
DA:48,0
DA:51,0
DA:53,0
DA:54,0
DA:62,0
DA:63,0
DA:64,0
DA:67,0
DA:70,0
DA:73,0
DA:76,0
DA:77,0
DA:80,0
DA:83,0
DA:86,0
DA:87,0
DA:90,0
DA:92,0
DA:94,0
DA:98,0
DA:104,0
DA:110,0
DA:116,0
DA:122,0
DA:131,0
DA:132,0
DA:133,0
DA:134,0
DA:140,0
DA:145,0
DA:155,0
DA:156,0
DA:159,0
DA:168,0
DA:172,0
DA:177,0
DA:178,0
DA:179,0
DA:184,0
DA:188,0
DA:193,0
DA:198,0
DA:202,0
DA:206,0
DA:213,0
DA:222,0
DA:223,0
DA:232,0
DA:236,0
DA:240,0
DA:300,0
DA:318,0
LF:53
LH:0
BRDA:177,0,0,0
BRDA:177,0,1,0
BRF:2
BRH:0
end_of_record
TN:
SF:src/screens/logoPathData.ts
FNF:0
FNH:0
DA:5,0
DA:7,0
DA:8,0
DA:10,0
DA:11,0
LF:5
LH:0
BRF:0
BRH:0
end_of_record
TN:
SF:src/theme/colors.ts
FNF:0
FNH:0
DA:1,0
LF:1
LH:0
BRF:0
BRH:0
end_of_record
TN:
SF:src/theme/typography.ts
FNF:0
FNH:0
DA:3,0
LF:1
LH:0
BRF:0
BRH:0
end_of_record
